epoch,f1_metrics,loss,precision,recall,val_f1_metrics,val_loss,val_precision,val_recall
0,0.51253724,0.6840367655524269,0.46776807,0.62664044,0.5673595070838928,0.34844163060188293,0.5447011590003967,0.6274307370185852
1,0.59381896,0.5803634776693772,0.5570845,0.66451627,0.6066237688064575,0.41386348009109497,0.6049948930740356,0.626895546913147
2,0.6115885,0.5548357807730173,0.579487,0.6720198,0.6124869585037231,0.7240124940872192,0.5957654118537903,0.6524310111999512
3,0.62629783,0.5362685257762712,0.5932788,0.68337584,0.6258431673049927,0.3636937737464905,0.5846735239028931,0.6922986507415771
4,0.6401795,0.5153321504138214,0.6077549,0.69433063,0.6442192792892456,0.336188405752182,0.6352304220199585,0.6692909598350525
5,0.6507901,0.5041522168439404,0.6232711,0.69788826,0.6590113043785095,0.3763623833656311,0.6373333930969238,0.6950654983520508
6,0.66136795,0.49420591651483975,0.6347428,0.7067514,0.6349399089813232,1.0011354684829712,0.586814820766449,0.7129806876182556
7,0.67362845,0.47984063036316144,0.64779174,0.7170551,0.6551088094711304,0.28744810819625854,0.6365272402763367,0.691740870475769
8,0.6806816,0.47101859397018503,0.653681,0.72470385,0.6587463617324829,0.8848315477371216,0.6362926363945007,0.6961711049079895
9,0.68708205,0.4614949419205794,0.6596929,0.73008025,0.6493314504623413,0.5809437036514282,0.5972972512245178,0.7340763211250305
10,0.69461346,0.4552506732750534,0.666533,0.7381922,0.6659302711486816,1.0011307001113892,0.6370735764503479,0.7115130424499512
11,0.70084625,0.4450254977348773,0.67347515,0.74252486,0.6545776128768921,0.4014735519886017,0.6175787448883057,0.7143768072128296
12,0.70647234,0.44065676546873894,0.6799088,0.74712914,0.6658663749694824,1.0011718273162842,0.6339794397354126,0.718072772026062
13,0.7112642,0.43176598185040416,0.685676,0.7498358,0.6440325379371643,0.5682297348976135,0.5911778807640076,0.7304926514625549
14,0.71703744,0.4277688822761984,0.69142574,0.7551908,0.677718997001648,0.2978668212890625,0.6601755023002625,0.7116015553474426
15,0.7198924,0.42254749023137245,0.6939685,0.7584085,0.6793244481086731,0.3351294994354248,0.6532265543937683,0.7243074178695679
16,0.7246243,0.4174423849832747,0.6990145,0.7617812,0.6853519082069397,0.38593101501464844,0.6630140542984009,0.7254387736320496
17,0.72658604,0.41498639719268815,0.7021463,0.7622673,0.671963632106781,1.0154485702514648,0.6398841738700867,0.7292026281356812
18,0.7335641,0.4081033176940126,0.7091258,0.7695049,0.6788561940193176,0.11691121011972427,0.668267548084259,0.7059057950973511
19,0.735461,0.40766139925766254,0.70990634,0.77278787,0.6834884881973267,0.3111916482448578,0.6533256769180298,0.7385560870170593
20,0.7404658,0.40288681941993026,0.71523386,0.77698976,0.688504695892334,0.3561992943286896,0.6508833169937134,0.7502554655075073
21,0.74599046,0.39519257523150453,0.7216497,0.7810773,0.6932147741317749,0.508632481098175,0.6649634838104248,0.7416001558303833
22,0.74616665,0.39330491189549105,0.722978,0.7797045,0.6776395440101624,0.5789060592651367,0.6432863473892212,0.7335756421089172
23,0.7492691,0.3904458898198423,0.7247679,0.7846442,0.6953569054603577,0.31793761253356934,0.669026255607605,0.7435614466667175
24,0.7543204,0.3841659598073169,0.7312876,0.7874276,0.700153112411499,0.48385313153266907,0.6677109599113464,0.7513676881790161
25,0.7548084,0.38596630423496403,0.73166203,0.7876806,0.6883266568183899,0.5847417712211609,0.6530107259750366,0.745519757270813
26,0.76039064,0.37861241951543484,0.7373288,0.79283243,0.6949695348739624,0.6689534187316895,0.662085771560669,0.7490216493606567
27,0.7610896,0.3769177371654117,0.73664945,0.7956051,0.6849204301834106,0.12905244529247284,0.6559643149375916,0.7372637391090393
28,0.76531404,0.3761024408032097,0.7434709,0.79676133,0.6931316256523132,0.6500998735427856,0.6608745455741882,0.7453376054763794
29,0.7658439,0.37353352997736194,0.7430446,0.7983653,0.6934036612510681,0.6185669898986816,0.6552209854125977,0.7536282539367676
30,0.76842195,0.36976789401510884,0.74559474,0.8004483,0.7051803469657898,1.0019913911819458,0.6725353598594666,0.7569865584373474
31,0.7708819,0.3672761287328357,0.7474967,0.8032375,0.6957271099090576,0.6201118230819702,0.6564629077911377,0.7586883306503296
32,0.7752688,0.3624250959093462,0.7531321,0.8062231,0.6999012231826782,0.7285407781600952,0.6573867797851562,0.7633123397827148
33,0.77479565,0.3601749124013187,0.7530844,0.80496466,0.7012928128242493,0.9412363171577454,0.6712952852249146,0.7511141300201416
34,0.7754196,0.3625182485189831,0.75243974,0.80722916,0.7049915790557861,0.6163226366043091,0.6755963563919067,0.7538324594497681
35,0.778462,0.3567714026345046,0.75666916,0.80863124,0.7004182934761047,0.2813950777053833,0.6731622219085693,0.7482429146766663
36,0.778863,0.3552627000652884,0.7562867,0.809871,0.7021244764328003,0.9864051342010498,0.6877472400665283,0.7323900461196899
37,0.78072387,0.3529495975098233,0.75881785,0.81070155,0.7151066064834595,0.07980524003505707,0.6847822666168213,0.7639471888542175
38,0.78238374,0.3504492977424815,0.7598903,0.8132404,0.7044476270675659,0.2634351849555969,0.6718494296073914,0.760729193687439
39,0.7821498,0.3476521239800691,0.75907826,0.8136462,0.7129393815994263,0.07288393378257751,0.6848841309547424,0.7586926221847534
40,0.7845737,0.34549636668661265,0.76307464,0.8137535,0.716995358467102,0.4600771963596344,0.6967676877975464,0.751125693321228
41,0.78421813,0.3453082068617896,0.7629022,0.8131789,0.7058695554733276,0.39987707138061523,0.671998918056488,0.7585684657096863
42,0.78480697,0.34303285210456663,0.7637621,0.8132266,0.7089827060699463,0.33999836444854736,0.6750478148460388,0.7632980346679688
43,0.7846218,0.34411981964326266,0.7626387,0.8142688,0.7082030177116394,0.12216627597808838,0.6886632442474365,0.7461270093917847
44,0.786129,0.3430678597425373,0.7641378,0.8156813,0.7139851450920105,0.618342399597168,0.6919013857841492,0.7533139586448669
45,0.7874482,0.3385199964635498,0.7657614,0.81631947,0.7112795114517212,0.023664433509111404,0.6846351623535156,0.7545790672302246
46,0.78998446,0.33736896039026787,0.7687817,0.8182792,0.7044647932052612,0.7806903123855591,0.6710123419761658,0.7602607011795044
47,0.7892589,0.33661423231398846,0.76849025,0.8172656,0.7187078595161438,0.519286572933197,0.6889313459396362,0.7672204375267029
48,0.7908515,0.3372207963257904,0.7699855,0.81906635,0.7072715759277344,0.12338327616453171,0.6747704744338989,0.7566710710525513
49,0.79043776,0.334185023418784,0.7698724,0.8178949,0.7076734304428101,0.9925381541252136,0.6870253086090088,0.7443276643753052
50,0.79198974,0.3326474252375212,0.7712574,0.8198953,0.6895114779472351,0.02625187858939171,0.6437832713127136,0.7639225125312805
51,0.79322433,0.33171561051898957,0.77140003,0.82210946,0.7123076319694519,0.5830902457237244,0.6879228353500366,0.758043646812439
52,0.7941744,0.33189036107613046,0.7742726,0.8207857,0.7146323919296265,0.42825552821159363,0.6960910558700562,0.7497307658195496
53,0.7944274,0.3302565755893511,0.7738871,0.82164305,0.7102144956588745,0.5669375658035278,0.6754220128059387,0.766829252243042
54,0.79387385,0.3289593411209101,0.7728819,0.82182705,0.7050759792327881,0.35412195324897766,0.6715901494026184,0.7596489787101746
55,0.7942636,0.32801559464114716,0.77343524,0.82205516,0.7243364453315735,0.6914234161376953,0.7095990180969238,0.7561032176017761
56,0.79511523,0.3257862390425888,0.77557313,0.8212663,0.7120534181594849,1.0170538425445557,0.6814365983009338,0.7620542645454407
57,0.7964367,0.32505740798317445,0.77597237,0.823444,0.7158274054527283,1.003411889076233,0.6820321083068848,0.7705898284912109
58,0.7974812,0.3260533479345903,0.7773974,0.8243711,0.7163490056991577,0.5059886574745178,0.684618353843689,0.7684918642044067
59,0.79743624,0.32329909609380114,0.77639765,0.82494366,0.715273380279541,0.7068485021591187,0.6813480854034424,0.7686987519264221
60,0.79771304,0.32314363811759284,0.77816504,0.8240956,0.7168019413948059,1.0174399614334106,0.6857118010520935,0.7680963277816772
61,0.79830164,0.32203341014786585,0.77775955,0.82548034,0.7172673344612122,0.6030999422073364,0.6976326107978821,0.7576062679290771
62,0.79902875,0.3205654654217866,0.7790942,0.8254433,0.7194589972496033,0.38701263070106506,0.697822630405426,0.7605398893356323
63,0.79887867,0.32183443003653156,0.77775466,0.82636523,0.7230888605117798,0.9779716730117798,0.6960160136222839,0.7669790387153625
64,0.7995698,0.32049379935139344,0.77938795,0.8261447,0.7158121466636658,1.016709327697754,0.6818698644638062,0.7705636620521545
65,0.8003846,0.3207459159624271,0.78044003,0.82671356,0.7173682451248169,1.0035700798034668,0.6896495223045349,0.7638862729072571
66,0.799803,0.3171650950103254,0.7792963,0.82651156,0.7136029005050659,0.432552695274353,0.6825659275054932,0.7647632360458374
67,0.8008292,0.31732223651032176,0.780775,0.82719463,0.7231123447418213,0.6238154768943787,0.703013002872467,0.7617834806442261
68,0.8023087,0.3155187334627657,0.7822243,0.8286925,0.7236632108688354,0.06305443495512009,0.6985776424407959,0.7674409747123718
69,0.8021965,0.3159314372916493,0.7822081,0.82832825,0.7196384072303772,0.6379596590995789,0.6924551725387573,0.7633055448532104
70,0.80373937,0.3156536915229734,0.7839903,0.8296889,0.7158719301223755,0.05863935872912407,0.6868748068809509,0.7613174319267273
71,0.80257016,0.3137743588686816,0.78321695,0.8281153,0.7165650725364685,1.016788363456726,0.6915160417556763,0.7606736421585083
72,0.80429727,0.31329690113188324,0.7852007,0.82945615,0.7114502191543579,1.0011485815048218,0.6844746470451355,0.759183943271637
73,0.803544,0.3126326457038005,0.78512096,0.8279512,0.712988018989563,0.5113664269447327,0.6816753149032593,0.7642927765846252
74,0.80322284,0.3109161101472816,0.7827648,0.82982814,0.7222961783409119,1.0032917261123657,0.7030592560768127,0.7574073672294617
75,0.80530995,0.31123809772705074,0.7859819,0.8305962,0.712623119354248,0.49096134305000305,0.678173303604126,0.7676501870155334
76,0.8053393,0.3101596317864985,0.78547597,0.8312163,0.7173889875411987,0.05417284741997719,0.6979235410690308,0.7561647295951843
77,0.8045538,0.3103378745501192,0.7844944,0.83061314,0.7180945873260498,1.0068492889404297,0.6919135451316833,0.7626071572303772
78,0.8055849,0.30829671154447136,0.7863584,0.8306569,0.7196004390716553,0.1323922872543335,0.6933246850967407,0.7632819414138794
79,0.80704707,0.30883992307311786,0.78839993,0.8318822,0.716734766960144,0.41570961475372314,0.682995080947876,0.7682336568832397
80,0.80565345,0.3076523163778276,0.7872486,0.8300251,0.7145895957946777,0.35932743549346924,0.6864141225814819,0.7627683877944946
81,0.80834013,0.3063126455775453,0.78928363,0.833152,0.7169808149337769,0.4593537747859955,0.6867457628250122,0.7680487036705017
82,0.80660075,0.3083110147397371,0.78800714,0.8310462,0.7186333537101746,0.7304872274398804,0.6910104155540466,0.7661385536193848
83,0.8073915,0.306057649138855,0.7886584,0.83217984,0.7195123434066772,0.5296626687049866,0.7004355788230896,0.7556861639022827
84,0.8080954,0.3064120185797861,0.78889734,0.8330521,0.715006411075592,0.766223132610321,0.6862364411354065,0.7610868215560913
85,0.8092505,0.3018709189244307,0.79009104,0.8342503,0.7152977585792542,0.28595227003097534,0.6882795095443726,0.7580795288085938
