epoch,f_mera,loss,val_f_mera,val_loss
0,0.54572463,0.01910270865464324,0.6192127466201782,0.00304055935703218
1,0.5837058,0.015405102957134383,0.6195309162139893,0.0051140631549060345
2,0.5962476,0.014761180776065285,0.5937834978103638,0.023314429447054863
3,0.61529446,0.014390870548572533,0.6259377002716064,0.013321295380592346
4,0.60744774,0.014790157280579398,0.5951620936393738,0.0037047064397484064
5,0.622649,0.013660110742490314,0.6346574425697327,0.005844877567142248
6,0.6369036,0.012837656803099038,0.6761531829833984,0.005863463040441275
7,0.61822516,0.013545636727203485,0.6327208876609802,0.028691265732049942
8,0.6326881,0.013311046829942283,0.6356247663497925,0.006492560263723135
9,0.6351552,0.013088373417223367,0.6132452487945557,0.015982292592525482
10,0.65688825,0.012240747178468523,0.6959637999534607,0.003087209304794669
11,0.64981735,0.0131273622082287,0.6712968349456787,0.005805651191622019
12,0.66621006,0.012257765312502278,0.5926676988601685,0.030609624460339546
13,0.64678586,0.012166046318627563,0.6972277164459229,0.005288240499794483
14,0.6602862,0.013185849937881473,0.6521196365356445,0.005406820215284824
15,0.67175597,0.011612270414958933,0.637866735458374,0.005904557183384895
16,0.6163886,0.012888161612886794,0.6673545837402344,0.0026713262777775526
17,0.6467982,0.012092716804752716,0.6276568174362183,0.0028415864799171686
18,0.64674455,0.011700737493442772,0.675407350063324,0.0037232665345072746
19,0.6647793,0.011970878082115345,0.6448069214820862,0.0026874556206166744
20,0.6471078,0.011036283086065817,0.7117278575897217,0.008249657228589058
21,0.66375446,0.01232761725241059,0.6690409779548645,0.00873417966067791
22,0.6744028,0.01182328879868588,0.7064812183380127,0.01407238095998764
23,0.6708953,0.011186033820356184,0.6414107084274292,0.004790684208273888
24,0.6563231,0.011440749784866701,0.6663557291030884,0.005044206976890564
25,0.63662124,0.012153300764687548,0.621425211429596,0.023490166291594505
26,0.6535857,0.011213006095848741,0.7003608345985413,0.014337277039885521
27,0.6633421,0.011497926143811473,0.6507107019424438,0.004807834979146719
28,0.6831656,0.011178901694608922,0.652458906173706,0.0049751331098377705
29,0.6804638,0.01074555562219665,0.6890863180160522,0.022327538579702377
30,0.6642792,0.011197754708737654,0.6873982548713684,0.010708614252507687
31,0.7178619,0.010229408978248793,0.6484143733978271,0.02286355569958687
32,0.66804236,0.011341245063946029,0.6947886943817139,0.021954702213406563
33,0.6982593,0.011017183757746662,0.6927405595779419,0.00368458591401577
34,0.6906972,0.010293980944707189,0.6612371802330017,0.0026277038268744946
35,0.7026432,0.010321587727912054,0.706228494644165,0.0063298968598246574
36,0.70079917,0.010485427913880801,0.6288703680038452,0.022026551887392998
37,0.7034009,0.01048077707563135,0.6906375885009766,0.00473333615809679
38,0.7052676,0.011444967439032713,0.641394853591919,0.002606069203466177
39,0.721808,0.009971133184978808,0.6670938730239868,0.003784912871196866
40,0.704824,0.010743803269512762,0.6543188095092773,0.027106095105409622
41,0.69387144,0.010603903013257946,0.6885557174682617,0.03474420681595802
42,0.7224454,0.010052060312738854,0.641037106513977,0.014191663824021816
43,0.7122658,0.010055926228325247,0.705161452293396,0.013960100710391998
44,0.6854954,0.011633611240724833,0.6661171317100525,0.0032417848706245422
45,0.67810434,0.010041087537214066,0.6931009888648987,0.014194418676197529
46,0.7002825,0.010787590101797464,0.6936593651771545,0.005190000403672457
47,0.7182433,0.010167115919079773,0.6516515016555786,0.0012349229073151946
48,0.7039881,0.010640433572801537,0.7032413482666016,0.002553486032411456
49,0.7292101,0.010477778549701023,0.6481817960739136,0.0044035157188773155
50,0.7278493,0.010342347940365206,0.640581488609314,0.027138277888298035
51,0.71770364,0.009283834758149813,0.6930019855499268,0.008226906880736351
52,0.7192769,0.010975271506128903,0.6820233464241028,0.004409977234899998
53,0.72521216,0.00915501022245735,0.7094866037368774,0.0038032615557312965
54,0.7313179,0.009943674821362394,0.6378567814826965,0.02712860144674778
55,0.7489344,0.009238743909216144,0.710510790348053,0.010718383826315403
56,0.7324198,0.010572011468348482,0.6858845949172974,0.010610584169626236
57,0.7342561,0.009486704168080859,0.6796654462814331,0.0030083705205470324
58,0.74362046,0.010649676711734715,0.6622540354728699,0.002609242917969823
59,0.7252717,0.009383027308806188,0.6940045952796936,0.0044655208475887775
60,0.74493855,0.010819283015827082,0.6718274354934692,0.007069987244904041
61,0.7410879,0.009263496946534614,0.7316831350326538,0.026397310197353363
62,0.7424215,0.009923302284088222,0.6705512404441833,0.012798283249139786
63,0.73486483,0.009345051050009323,0.6817086935043335,0.005790146067738533
64,0.75075394,0.01036018470583684,0.6783837676048279,0.003133636899292469
65,0.7550424,0.008949552550676126,0.6568037271499634,0.019587375223636627
66,0.728072,0.010667698086486965,0.7130914330482483,0.019606105983257294
67,0.76127976,0.008580023183006958,0.7577105164527893,0.02193211019039154
68,0.74940056,0.009546162898039234,0.6801067590713501,0.004387568682432175
69,0.7545216,0.010153606365644078,0.6941576600074768,0.0007656394154764712
70,0.7513207,0.009206011304867607,0.7355166673660278,0.002865971764549613
71,0.75905573,0.009132639384132963,0.6931988000869751,0.018573496490716934
72,0.74244523,0.010259065243615946,0.7322189807891846,0.027091622352600098
73,0.7548755,0.009629737062650863,0.6568794846534729,0.010892896912992
74,0.74389756,0.010081866379205396,0.7358559966087341,0.01678815670311451
75,0.76673925,0.009255481388749955,0.6705414652824402,0.027040602639317513
76,0.7477253,0.01014734232242667,0.710121750831604,0.00445040175691247
77,0.76016736,0.008973223264063886,0.7035518288612366,0.02205369621515274
78,0.7548321,0.009844449062498664,0.6873325705528259,0.012279569171369076
79,0.7571519,0.009671174416014972,0.7015098929405212,0.016303276643157005
80,0.7631848,0.00938641855970638,0.6696994304656982,0.021855704486370087
81,0.7618546,0.009561996265606295,0.7781223058700562,0.000498554203659296
82,0.7578622,0.00940212176094433,0.6653444766998291,0.007636141497641802
83,0.762294,0.00967625311879394,0.7139178514480591,0.0030790658202022314
84,0.75990343,0.009337954359096652,0.7051668763160706,0.007039542309939861
85,0.7566405,0.009345576794128393,0.7094056606292725,0.003076088149100542
86,0.75794613,0.009730223414143311,0.6984166502952576,0.018271252512931824
87,0.7708621,0.00942434740320579,0.702183723449707,0.002547785174101591
88,0.7635552,0.00923014306198051,0.7254826426506042,0.014201092533767223
89,0.7570583,0.009534618381817553,0.7094624042510986,0.006444239988923073
90,0.75480497,0.00987161151052429,0.7076901197433472,0.01086144708096981
91,0.7637116,0.009441281619475848,0.7059118747711182,0.004566445015370846
92,0.7656103,0.00924540836366978,0.7397528886795044,0.007641933858394623
93,0.7738987,0.009061005856927273,0.6645739078521729,0.02631881833076477
94,0.75972456,0.00980669919318885,0.7197589874267578,0.026940036565065384
95,0.7736058,0.009107392709378059,0.7342116236686707,0.0033131875097751617
96,0.74982524,0.00988052535729919,0.6706854104995728,0.012681324034929276
97,0.77803236,0.008362644675476594,0.7161455750465393,0.012797209434211254
98,0.7568862,0.010322667973313503,0.7035912871360779,0.0004825735231861472
99,0.7712877,0.009298318613886455,0.6884400844573975,0.0007710857316851616
100,0.77899295,0.008908918785753577,0.7026330232620239,0.004666351713240147
101,0.76778,0.009574772536613142,0.6734139919281006,0.012518521398305893
102,0.7703454,0.008624481346717552,0.7171794176101685,0.026761123910546303
103,0.75579315,0.010315508268923863,0.6724898219108582,0.012808272615075111
104,0.78233784,0.008909238716425327,0.6924747228622437,0.0027193662244826555
105,0.7680118,0.009490857548831926,0.7336381673812866,0.00740247406065464
106,0.78099364,0.009125440284945777,0.6987279653549194,0.011613029055297375
107,0.76190513,0.009289517591241747,0.7328574657440186,0.021825501695275307
108,0.776393,0.009331804443787358,0.6969748139381409,0.001510531292296946
109,0.77425116,0.009758398238911377,0.6625491380691528,0.0014933086931705475
110,0.77231646,0.008447682342780871,0.716068685054779,0.021856527775526047
111,0.7631419,0.010087768933875781,0.7007736563682556,0.0032239402644336224
112,0.7607232,0.008837124815025025,0.7040994167327881,0.018274666741490364
113,0.7786732,0.009370247192778094,0.7187020778656006,0.026901323348283768
114,0.77680135,0.009063748055567988,0.6776890158653259,0.007127551827579737
115,0.7673058,0.009772537205415436,0.7045773267745972,0.01827736385166645
116,0.791314,0.009066755348474636,0.7164778113365173,0.0034110196866095066
117,0.76976454,0.009272197473284352,0.7239865064620972,0.013902125880122185
118,0.7648935,0.00910998845920173,0.7096881866455078,0.007621483411639929
119,0.760021,0.009819841299344538,0.6866236329078674,0.003329314524307847
120,0.7792357,0.009543232880223284,0.6767572164535522,0.022862732410430908
121,0.7397477,0.009436965843403264,0.6784222722053528,0.01280752569437027
122,0.7908614,0.008871873985103603,0.697476327419281,0.022779038175940514
123,0.7489142,0.009424460713627831,0.7640898823738098,0.013818062841892242
124,0.7681658,0.009986960007868048,0.663489043712616,0.012800324708223343
125,0.76192284,0.008670959074957933,0.724638819694519,0.00267320335842669
126,0.775786,0.008963210972046621,0.698724627494812,0.002402948448434472
127,0.7559917,0.00927748940767178,0.7696326971054077,0.007456149905920029
128,0.7726365,0.009427204275727744,0.6611781716346741,0.002659090328961611
129,0.75365204,0.009940995467838514,0.6746329665184021,0.002716038841754198
130,0.7828457,0.009073252422010078,0.7489910125732422,0.0036332320887595415
131,0.7818745,0.009741163355389704,0.7123514413833618,0.007616172544658184
132,0.77255744,0.009083809224591012,0.763447105884552,0.012794631533324718
133,0.7756811,0.008928018489475303,0.6539414525032043,0.02683333493769169
134,0.76551265,0.008966996577639086,0.722614586353302,0.001721891574561596
135,0.7860298,0.009563354756889417,0.627617597579956,0.02170444279909134
136,0.77184623,0.008524018472069402,0.7251592874526978,0.0028051568660885096
137,0.766199,0.00970221200222562,0.7052533030509949,0.026472803205251694
138,0.7742271,0.00981346257414103,0.7230059504508972,0.007613725960254669
139,0.77274173,0.008855226612134094,0.7080389261245728,0.012813965789973736
140,0.76485115,0.009457218094546159,0.7155863642692566,0.00531806331127882
141,0.78654844,0.009402720607254254,0.7090650200843811,0.0004686710599344224
142,0.74594593,0.010185467235853047,0.6844480037689209,0.021631432697176933
143,0.7961951,0.008001277866460902,0.7033611536026001,0.01826387085020542
144,0.78174525,0.00995867836356894,0.7463874816894531,0.00046895770356059074
145,0.77078855,0.008667331786835094,0.63633131980896,0.026162587106227875
146,0.77810216,0.008959004714609054,0.6963541507720947,0.01825736276805401
147,0.78997284,0.009137604607761354,0.7955459952354431,0.012853065505623817
148,0.75666517,0.009914978252225733,0.6774585247039795,0.003075358923524618
149,0.7857102,0.008487601445831617,0.7589536905288696,0.0194053053855896
150,0.7794544,0.009389244045405,0.6573907136917114,0.012829434126615524
151,0.7706641,0.009433364896457406,0.6732624769210815,0.01827506348490715
152,0.77862144,0.00893439232210387,0.7848482728004456,0.00048787653213366866
153,0.77005816,0.00944831181366197,0.6956998109817505,0.002449595835059881
154,0.7715823,0.00905394808299356,0.6965964436531067,0.0030787012074142694
155,0.7873934,0.008846562647163467,0.7055985331535339,0.012812462635338306
156,0.77776426,0.00887201935947354,0.720260739326477,0.018256885930895805
157,0.71933335,0.01042890814324558,0.6991738677024841,0.022773005068302155
158,0.74761605,0.009641963282682568,0.7370787262916565,0.007628404535353184
159,0.73935527,0.009758852729485429,0.7060602903366089,0.0031797431875020266
160,0.7484084,0.009660954862726922,0.7466824650764465,0.007201259024441242
161,0.7625585,0.009565292010997433,0.7021541595458984,0.0012290736194700003
162,0.7661701,0.00927889085289303,0.6502358913421631,0.018264109268784523
163,0.763836,0.00948889153019254,0.808961033821106,0.013952178880572319
164,0.77601546,0.009309930120862998,0.6988184452056885,0.00293097086250782
165,0.7844781,0.008970462931157974,0.6925065517425537,0.002983597107231617
166,0.7650575,0.00959021267716926,0.7554706931114197,0.00045835168566554785
167,0.77656424,0.009303705245138535,0.706624448299408,0.007619517855346203
168,0.7728904,0.009104844739754932,0.705303430557251,0.01826363243162632
169,0.7802793,0.008802971880016495,0.7438169717788696,0.012509014457464218
170,0.7770353,0.009293803037807368,0.7602229714393616,0.0004669511690735817
171,0.7788699,0.009106421994861022,0.7040754556655884,0.011816520243883133
172,0.7803468,0.00941565340289793,0.7123043537139893,0.012455199845135212
173,0.7858979,0.00857046049598846,0.7497090101242065,0.011589947156608105
174,0.7745496,0.009577662982798146,0.703680157661438,0.007608812302350998
175,0.7684937,0.00939471084278967,0.7132972478866577,0.007612471468746662
176,0.80716395,0.008077773318959022,0.6740874648094177,0.018258949741721153
177,0.7761515,0.00920869399759553,0.7986940145492554,0.019446391612291336
178,0.77692366,0.009277745984093864,0.7025225758552551,0.0025756636168807745
179,0.78485113,0.00915705049859914,0.6735985279083252,0.014013989828526974
180,0.76420605,0.009665716301702858,0.704487144947052,0.025376223027706146
181,0.7809221,0.008748450406747458,0.7493630051612854,0.002623902866616845
182,0.79152316,0.008732906646608033,0.7434022426605225,0.00048243021592497826
183,0.7825883,0.009667095670379298,0.6660893559455872,0.012456918135285378
184,0.78143245,0.00877648143906771,0.7608528137207031,0.018277524039149284
185,0.7661496,0.009159555644698772,0.7025371193885803,0.0026520390529185534
186,0.7895754,0.009271953550397265,0.71919184923172,0.0004802803450729698
187,0.78856635,0.008452208354609393,0.7209239602088928,0.02273152396082878
188,0.7788094,0.009050238514657994,0.769268274307251,0.02274046652019024
189,0.7867228,0.008490389321276423,0.6754117608070374,0.0004911013529635966
190,0.7697553,0.0103303022105011,0.7019925713539124,0.012329524382948875
191,0.78502876,0.008539195206381758,0.7532091736793518,0.022751178592443466
192,0.77240735,0.00989158005347546,0.7107310891151428,0.0254529919475317
193,0.7953547,0.008553030779452617,0.7295815348625183,0.0025654425844550133
194,0.7820605,0.008989056371538488,0.7339390516281128,0.0004888081457465887
195,0.7817023,0.009484233717799564,0.704954206943512,0.0025331159122288227
196,0.7808967,0.008355028360354113,0.7468579411506653,0.012074091471731663
197,0.77771485,0.009547710265445559,0.7077494263648987,0.0072662257589399815
198,0.77393216,0.009147493184552987,0.6902523040771484,0.018959933891892433
199,0.78459644,0.008283496094953057,0.7504352331161499,0.01825728453695774
200,0.76533544,0.010015308532401141,0.7171882390975952,0.0034202600363641977
201,0.7979487,0.008734802268423388,0.755748987197876,0.014217618852853775
202,0.77200073,0.00970618324862687,0.7014693021774292,0.0024857493117451668
203,0.78892946,0.00845480962255616,0.7492005228996277,0.007619852665811777
204,0.77667475,0.010154275929749077,0.6972357034683228,0.0012743353145197034
205,0.7957666,0.008131659965478827,0.6870454549789429,0.019096314907073975
206,0.77809167,0.009135122584102416,0.7822818756103516,0.0004540519730653614
207,0.78425616,0.008577105700468667,0.6965711116790771,0.017962850630283356
208,0.7764792,0.009281065219591808,0.7067180275917053,0.02291097119450569
209,0.77795625,0.008923397917828016,0.7230247855186462,0.011288696900010109
210,0.7913283,0.008784831656272748,0.73152095079422,0.0024951568339020014
211,0.7682865,0.009734264324799392,0.7182665467262268,0.022884534671902657
212,0.783317,0.008755244376009648,0.7036654949188232,0.02083076536655426
213,0.7921546,0.010139162336104797,0.7186618447303772,0.00252549652941525
214,0.768304,0.00896146694895269,0.7316237092018127,0.002629432827234268
215,0.78076124,0.008822412322543539,0.7389720678329468,0.0025351319927722216
216,0.7892837,0.00907198043320552,0.6917093992233276,0.022765953093767166
217,0.7875973,0.008911262566033645,0.6794836521148682,0.012644894421100616
218,0.77392375,0.009787688182837836,0.7536500096321106,0.014412631280720234
219,0.78812945,0.008606522923734782,0.7564899921417236,0.019531207159161568
220,0.77945834,0.009350986667552115,0.6918885707855225,0.010883662849664688
221,0.780512,0.00815643033504934,0.7612922191619873,0.003469965187832713
222,0.7831799,0.01033767869882433,0.6941584348678589,0.0043481322936713696
223,0.7988967,0.0075968640213213345,0.703644871711731,0.0028368590865284204
224,0.7716782,0.009340546867527257,0.7271122336387634,0.002816141350194812
225,0.7842194,0.009462376734126901,0.6988314390182495,0.010614331811666489
226,0.7851394,0.008182962801008296,0.7292238473892212,0.0004385012434795499
227,0.77812266,0.00979665647772188,0.7376826405525208,0.018263554200530052
228,0.78426164,0.008911426549355936,0.7113828063011169,0.007625791244208813
229,0.7867806,0.008874065816679474,0.6837062239646912,0.0048163034953176975
230,0.7831396,0.008866435470195087,0.7105045914649963,0.025875315070152283
231,0.77171165,0.01040082139845737,0.7650457620620728,0.010782220400869846
232,0.7900687,0.008019445948464843,0.7082191705703735,0.011520891450345516
233,0.7740426,0.009524284708357852,0.7175926566123962,0.01844167150557041
234,0.78296787,0.009429742157742192,0.7095646262168884,0.017708584666252136
235,0.7942549,0.00826729403269371,0.7757471799850464,0.0034601129591464996
236,0.7778664,0.00899909811368495,0.71393883228302,0.005128875374794006
237,0.7839415,0.009088306796082732,0.7088257074356079,0.002718763891607523
238,0.7839022,0.009030792419724992,0.7196561098098755,0.0024955044500529766
239,0.78309757,0.009228318506193088,0.6974116563796997,0.018256807699799538
240,0.78588355,0.008941644610751632,0.7219570875167847,0.002710924716666341
241,0.78132164,0.009140892806602937,0.7228510975837708,0.002611606614664197
242,0.7784241,0.009313674033192117,0.7416239976882935,0.0025372873060405254
243,0.78109753,0.009150369359177384,0.7410211563110352,0.01266111433506012
244,0.7941632,0.008827550945688581,0.7003220319747925,0.01270998828113079
245,0.7773501,0.009270588174032025,0.6910097599029541,0.022823570296168327
246,0.7878802,0.00908919135727507,0.7500361800193787,0.0026646184269338846
247,0.7791442,0.00936109962861372,0.7320050597190857,0.02601221576333046
248,0.7792565,0.009001866313098352,0.7364739775657654,0.019367247819900513
249,0.78489995,0.009146212842949088,0.6881910562515259,0.0187486931681633
250,0.78371745,0.0088253487446758,0.7401518225669861,0.004748126491904259
251,0.80150527,0.008643635026992688,0.7057732343673706,0.00045892500202171504
252,0.76795185,0.00964768227562603,0.740882158279419,0.0024903493467718363
253,0.7899212,0.009111687464748592,0.6721989512443542,0.007461209781467915
254,0.77353364,0.009052192087541629,0.7615516185760498,0.025736413896083832
255,0.7745929,0.008963030484457842,0.7162758111953735,0.010653543286025524
256,0.80262977,0.008796287594618028,0.7250567078590393,0.013007205910980701
257,0.7758727,0.009213568112972087,0.6905142664909363,0.0125191118568182
258,0.78422636,0.00894203358639291,0.765216588973999,0.004656318575143814
259,0.7907479,0.009077182515226658,0.685247004032135,0.010951514355838299
260,0.78315675,0.009551066979309072,0.7270509004592896,0.026325419545173645
261,0.7754195,0.009353941231686033,0.6980756521224976,0.022826198488473892
262,0.79364324,0.00863667621363479,0.7642656564712524,0.0004379996098577976
263,0.78366256,0.008955162011537865,0.6895219087600708,0.010724875144660473
264,0.7914366,0.009259120484554692,0.7437639832496643,0.0032948642037808895
265,0.77887726,0.008784812747808821,0.7088257074356079,0.0004523320822045207
266,0.7781403,0.009179032348572346,0.7253285646438599,0.0013697793474420905
267,0.7780884,0.008825883553348646,0.7004190683364868,0.011224057525396347
268,0.7817608,0.01000210208246555,0.6881331205368042,0.0025923633947968483
269,0.80194664,0.008280459473490173,0.7574265599250793,0.012866492383182049
270,0.7869152,0.008027838437510006,0.7220464944839478,0.002620378276333213
271,0.7718092,0.010082047816536896,0.6739346981048584,0.002589932642877102
272,0.78116965,0.008816385553093168,0.7354348301887512,0.018264586105942726
273,0.7971002,0.009054435873323097,0.7145093083381653,0.022863369435071945
274,0.7745804,0.009752083550239736,0.7209519743919373,0.02284218929708004
275,0.77047026,0.00881937677773818,0.7566073536872864,0.022847171872854233
276,0.7906786,0.009239537225110762,0.6951764225959778,0.014448484405875206
277,0.78584075,0.008551815923677663,0.6876785755157471,0.01826133206486702
278,0.78609675,0.009706869004868985,0.735893964767456,0.0033092363737523556
279,0.7824946,0.008236157965752049,0.6960080862045288,0.0025254245847463608
280,0.78101784,0.009955661093206086,0.7386131882667542,0.0025368528440594673
281,0.8093555,0.008028780632575715,0.6808013916015625,0.02286618947982788
282,0.7644108,0.009692204536286572,0.7345252633094788,0.011610087938606739
283,0.7867344,0.008349802423138878,0.7175567150115967,0.0045999144203960896
284,0.7794043,0.009282004978593227,0.7130728960037231,0.014441484585404396
285,0.77028084,0.009947338257547868,0.7369690537452698,0.002534768544137478
286,0.79430777,0.007938510431065166,0.7313514351844788,0.0028232578188180923
287,0.7752745,0.01034565519484768,0.6601923704147339,0.020553316920995712
288,0.783253,0.008923098605746534,0.7038106918334961,0.026731953024864197
289,0.8016015,0.008116458622035807,0.7385563254356384,0.014875060878694057
290,0.7786109,0.009676812901316341,0.7506122589111328,0.0016969628632068634
291,0.7904942,0.00839070996226849,0.6560967564582825,0.004622668959200382
292,0.7808765,0.009498270662299569,0.6971811056137085,0.02665279060602188
293,0.7913529,0.00887480426264361,0.7526212930679321,0.0026764709036797285
294,0.77579665,0.009542683599026037,0.6904148459434509,0.018265141174197197
295,0.79635304,0.007779579886671485,0.724955141544342,0.018264824524521828
296,0.7892438,0.0093206777526552,0.7166116237640381,0.02665846049785614
297,0.7790874,0.008354150287842355,0.6947479248046875,0.0027945199981331825
298,0.79460454,0.009097264505277352,0.7479143142700195,0.01315887551754713
299,0.7851912,0.0086128628546375,0.6743536591529846,0.0004104813269805163
300,0.7741415,0.01045834072891334,0.7246981263160706,0.011364176869392395
301,0.7918731,0.007876136522560345,0.7142314910888672,0.014454180374741554
302,0.7850876,0.009462709176498524,0.691282331943512,0.01826188713312149
303,0.788343,0.008503253553268983,0.7243309020996094,0.002713780850172043
304,0.7868736,0.009238836391426659,0.6863428950309753,0.0026350843254476786
305,0.79650295,0.008318797136653993,0.7466844320297241,0.022831527516245842
306,0.77940756,0.00888842938002199,0.7138944864273071,0.01979902759194374
307,0.7863868,0.009470667905185986,0.7106558680534363,0.0004944694810546935
308,0.7878408,0.008963876434629842,0.7246140241622925,0.0024385987780988216
309,0.7849981,0.008620943163471485,0.6815672516822815,0.014559931121766567
310,0.7827243,0.009325905547542144,0.7045814990997314,0.014480268582701683
311,0.79117054,0.008983221574085234,0.7469624876976013,0.002434429945424199
312,0.78936094,0.009262740616819268,0.6270005702972412,0.02069231867790222
313,0.7869388,0.00917747325011193,0.7290360331535339,0.01444741990417242
314,0.7832092,0.008365508594625346,0.7717982530593872,0.014600306749343872
315,0.78327113,0.009071176403417263,0.6407944560050964,0.026555556803941727
316,0.78622055,0.009241685555485973,0.6642847061157227,0.02080460637807846
317,0.7945524,0.00877685788090494,0.7386855483055115,0.012101911939680576
318,0.7844176,0.009045959732132739,0.7123209834098816,0.0076078083366155624
319,0.78840667,0.008977893108311935,0.6385603547096252,0.018262363970279694
320,0.7898973,0.00904195932829841,0.7619530558586121,0.01448213029652834
321,0.78622544,0.009113038296750864,0.6944708228111267,0.007621504366397858
322,0.7891978,0.009028035855580922,0.7114033102989197,0.0024540519807487726
323,0.78087294,0.009301591993904897,0.6873745322227478,0.012951257638633251
324,0.7887297,0.009088461151747386,0.7234472632408142,0.026651501655578613
325,0.7952024,0.008585512472310729,0.6746492981910706,0.02143441140651703
326,0.7747453,0.00932229240793334,0.714604914188385,0.02087019756436348
327,0.7927631,0.008907467000944616,0.6922833919525146,0.026100199669599533
328,0.78112566,0.00921716959483898,0.7391535639762878,0.004624728579074144
329,0.79446393,0.008863857170880795,0.7189032435417175,0.0026642538141459227
330,0.7944812,0.008755535443233846,0.6997591257095337,0.002429039217531681
331,0.78381854,0.008935857736070852,0.6989707350730896,0.02131827361881733
332,0.7931634,0.009240316581482045,0.7086142897605896,0.012269694358110428
333,0.77757555,0.009344283814554521,0.6742465496063232,0.02074957638978958
334,0.78590435,0.009138584471104336,0.7159477472305298,0.0076098996214568615
335,0.8001102,0.008589758939268893,0.7132221460342407,0.0026105334982275963
336,0.77830744,0.00901728575742329,0.6973553895950317,0.002675775671377778
337,0.7911181,0.008993399308852946,0.7169438600540161,0.0032943137921392918
338,0.7937418,0.00846684517050044,0.7018042206764221,0.022855771705508232
339,0.77268285,0.008607931431424156,0.6628744602203369,0.012671963311731815
340,0.791631,0.009703287933813113,0.757958173751831,0.01253551710397005
341,0.78943723,0.009046671473490416,0.738822340965271,0.01513837929815054
342,0.80131835,0.008916042528308256,0.6860242486000061,0.011787055991590023
343,0.7698709,0.009252202145230684,0.7025893926620483,0.002418401651084423
344,0.79174054,0.007678404245584543,0.7334030866622925,0.002656535943970084
345,0.7936734,0.009670048884684927,0.6633474826812744,0.020646821707487106
346,0.7895501,0.009296207634225204,0.7202478647232056,0.026451341807842255
347,0.7791157,0.008577477236100048,0.7335672378540039,0.0004520454094745219
348,0.80069256,0.009221635801979941,0.6974610090255737,0.003280612640082836
349,0.78187424,0.00907971188197608,0.6972606182098389,0.01148770097643137
350,0.7751553,0.009036231135781501,0.7160316109657288,0.007607913576066494
351,0.78459847,0.008869422050016118,0.7161997556686401,0.0004150677123107016
352,0.80462265,0.008508381798319649,0.7114724516868591,0.007638587616384029
353,0.78379154,0.009427535626889926,0.7167072892189026,0.01827506348490715
354,0.8005694,0.008734244469750695,0.7359944581985474,0.013473992235958576
355,0.77189523,0.00936261995598273,0.6612158417701721,0.0150424400344491
356,0.7826427,0.009032317471400911,0.6679229140281677,0.018264586105942726
357,0.79618746,0.00844330488040283,0.7214030027389526,0.007619852665811777
358,0.79450506,0.008549137563183845,0.6829037070274353,0.026351768523454666
359,0.78727555,0.009315265473376228,0.7507565021514893,0.022887587547302246
360,0.7744002,0.008503642222214832,0.6738882064819336,0.012909035198390484
361,0.7974913,0.009071906325090499,0.7293412089347839,0.02073909342288971
362,0.79486275,0.008660344968961045,0.717715322971344,0.0151311494410038
363,0.7916251,0.010222758342404378,0.7051753997802734,0.011529054492712021
364,0.78774613,0.008090574140704673,0.6913638710975647,0.015085957013070583
365,0.7761133,0.009037018881424013,0.7402627468109131,0.002623355947434902
366,0.7834508,0.009141286671319328,0.6940140128135681,0.015088469721376896
367,0.8028687,0.007711259798696441,0.6928032636642456,0.0025685722939670086
368,0.78519833,0.010588456153953625,0.6960198879241943,0.011324362829327583
369,0.7846859,0.008524040569613181,0.7229552865028381,0.022849153727293015
370,0.7964025,0.009369484062713299,0.7378165125846863,0.002751473570242524
371,0.7859329,0.00903672836035714,0.6714531183242798,0.012941756285727024
372,0.78544706,0.00896006255098206,0.7160202264785767,0.01224952470511198
373,0.80037427,0.008446266757334652,0.7045930027961731,0.02673814259469509
374,0.7784514,0.009854992598890552,0.7078033685684204,0.004718281328678131
375,0.8028687,0.008310904924402639,0.7228723764419556,0.022823749110102654
376,0.7823925,0.00934655569575556,0.723196268081665,0.000409048079745844
377,0.7837999,0.008811277538336094,0.6828684210777283,0.002369310474023223
378,0.79159063,0.008652031226407831,0.7254676818847656,0.0023190693464130163
379,0.7825863,0.009681376080394169,0.7032520771026611,0.002299519255757332
380,0.7984896,0.008288863197534899,0.7007133960723877,0.02166309580206871
381,0.79838246,0.009987807455045301,0.6771258115768433,0.015078776516020298
382,0.78019863,0.008100872751969338,0.7244188785552979,0.018260378390550613
383,0.78521824,0.009521725366136673,0.737059473991394,0.0004419410543050617
384,0.79983705,0.0077883445978668645,0.6863968372344971,0.00045605850755237043
385,0.7829107,0.008974701852303387,0.7259636521339417,0.022817177698016167
386,0.7869718,0.009177190115707749,0.6989200115203857,0.002748357132077217
387,0.78542334,0.009190133460753161,0.6636356115341187,0.01825728453695774
388,0.79954123,0.008576005556704654,0.6939368844032288,0.01507185772061348
389,0.7859796,0.009472801618622852,0.6841621398925781,0.02684316411614418
390,0.7968305,0.008535734026713438,0.7290502190589905,0.0023905138950794935
391,0.78672713,0.008896865318691405,0.692737877368927,0.00268540158867836
392,0.782381,0.009573763640357265,0.7205174565315247,0.0004650162882171571
393,0.79456514,0.00864330332529513,0.6885096430778503,0.01825188659131527
394,0.7810797,0.00911381756396864,0.7313279509544373,0.007620187476277351
395,0.7864421,0.008908830680169719,0.6295086145401001,0.02687116339802742
396,0.80019563,0.008822291387470522,0.7424487471580505,0.022819949313998222
397,0.78572536,0.008979068725307978,0.721243143081665,0.0025673904456198215
398,0.79233235,0.008748322016120405,0.7318823933601379,0.004228482022881508
399,0.7900593,0.008816552055554606,0.6261895895004272,0.022762693464756012
400,0.7965843,0.008567829681943535,0.690918505191803,0.01825125142931938
401,0.78482145,0.00924993760933911,0.7459376454353333,0.02176675945520401
402,0.7867125,0.009057947188207608,0.7176245450973511,0.015084242448210716
403,0.7813961,0.009271774873969327,0.6996758580207825,0.02274845540523529
404,0.7965361,0.008603936451585975,0.6969508528709412,0.012415885925292969
405,0.7952594,0.008720906695779825,0.7070162296295166,0.002371754264459014
406,0.7807264,0.0093782337988827,0.7259351015090942,0.0023822481743991375
407,0.79000515,0.00911698327989235,0.6724555492401123,0.012244371697306633
408,0.78343505,0.00879169351537712,0.6895615458488464,0.002760745584964752
409,0.79425454,0.00901618389294135,0.7463028430938721,0.018264664337038994
410,0.79525197,0.00877918674694551,0.735640287399292,0.007611509412527084
411,0.7870072,0.009088367527672031,0.6217548847198486,0.007609418593347073
412,0.7844327,0.009348521962698513,0.7828251123428345,0.0026778660248965025
413,0.7975632,0.008544903245739435,0.6066462397575378,0.0026340624317526817
414,0.78397447,0.009339425079907655,0.7160586714744568,0.02680893801152706
415,0.7961705,0.008608756988836877,0.7166835069656372,0.003374728374183178
416,0.7927529,0.00864696554722459,0.7396152019500732,0.002397629665210843
417,0.79664004,0.008624864827813522,0.6985772848129272,0.01983792334794998
418,0.7814258,0.008528671149109915,0.6885907649993896,0.022781670093536377
419,0.7864923,0.009668189380723169,0.7018880248069763,0.002372401300817728
420,0.7892187,0.009442664498479483,0.7307484745979309,0.0026798713952302933
421,0.79665107,0.008790703932275771,0.6847352981567383,0.0023813857696950436
422,0.7859016,0.008596510782578512,0.7348424196243286,0.011787722818553448
423,0.7802854,0.009271449283431462,0.7006635665893555,0.018356166779994965
424,0.8104366,0.008564988931285843,0.7255100607872009,0.003317394992336631
425,0.7832069,0.00928135281959195,0.699937105178833,0.012501388788223267
426,0.794798,0.008749070618768765,0.6622844934463501,0.00249112443998456
427,0.78809106,0.008886783361682504,0.7267020344734192,0.012557674199342728
428,0.7958917,0.008684794446143994,0.7508230209350586,0.0025731606874614954
429,0.798279,0.008672066098830627,0.6860150694847107,0.015893377363681793
430,0.78336525,0.008984073014565908,0.6806491613388062,0.012384558096528053
431,0.79120946,0.009114488553332424,0.6856404542922974,0.026827577501535416
432,0.7876275,0.008318042988482571,0.7353533506393433,0.02092103846371174
433,0.80592257,0.008914237605264894,0.6952472925186157,0.00238641700707376
434,0.78505176,0.009066465787097364,0.7124650478363037,0.012285699136555195
435,0.7828987,0.008015517697815453,0.6716541051864624,0.002490776823833585
436,0.78975415,0.009832547404884383,0.738099217414856,0.00762543547898531
437,0.79603624,0.009142612586021896,0.7028319239616394,0.026831787079572678
438,0.79547846,0.008292046200212892,0.7577486634254456,0.003308200975880027
439,0.79432887,0.008768279983513235,0.6956441402435303,0.012251531705260277
440,0.7780875,0.009152331968800376,0.7331089377403259,0.0023749887477606535
441,0.79272425,0.00868914439342916,0.669227659702301,0.0025092698633670807
442,0.8005063,0.009089065794140407,0.6538028120994568,0.026819705963134766
443,0.7836941,0.00853488767019302,0.7217127084732056,0.012588072568178177
444,0.79514694,0.009275508592129226,0.6887957453727722,0.002555476501584053
445,0.7948224,0.008317656426386955,0.7178612947463989,0.015974104404449463
446,0.7873389,0.008990192521345813,0.7322064638137817,0.004252677783370018
447,0.7806516,0.008200656950711037,0.686450719833374,0.0023692387621849775
448,0.7961166,0.009716151381660064,0.7193928360939026,0.0004471723805181682
449,0.7929086,0.008504549556970302,0.7250837087631226,0.007616506889462471
450,0.7919933,0.009177700583263053,0.6713262796401978,0.013410856947302818
451,0.79314864,0.009132438324188483,0.7462388277053833,0.02277534455060959
452,0.7851926,0.009212969076566256,0.7082474827766418,0.022765381261706352
453,0.77168804,0.00955375513213663,0.7143195867538452,0.012544685043394566
454,0.8112538,0.00757750494831501,0.6417022347450256,0.026779962703585625
455,0.77811086,0.009549705240370033,0.7311688661575317,0.026814138516783714
456,0.80203855,0.008838330169136141,0.7353238463401794,0.00047168086166493595
457,0.78685445,0.009332375995677754,0.6598501801490784,0.022796398028731346
458,0.8028941,0.0077937319896867665,0.6785042881965637,0.022737639024853706
459,0.78110164,0.009400010791966762,0.7333964705467224,0.007609794847667217
460,0.79101974,0.010185511944402169,0.7345952987670898,0.013816355727612972
461,0.7784928,0.007872202865782347,0.685918390750885,0.002543127164244652
462,0.8001795,0.00947715735011012,0.6945438981056213,0.02678683027625084
463,0.787521,0.008307029454286588,0.7152880430221558,0.012767309322953224
464,0.79659754,0.008869413547460991,0.6792023777961731,0.02680615335702896
465,0.793111,0.008652094243568827,0.6966726779937744,0.0026651653461158276
466,0.76983565,0.009784661841105753,0.704379677772522,0.018254028633236885
467,0.7975482,0.009110051483546584,0.7435551881790161,0.007621379569172859
468,0.7980765,0.008231219976309309,0.6617648601531982,0.00045577186392620206
469,0.79611593,0.008610276194787407,0.7122859358787537,0.0023619073908776045
470,0.7786523,0.009422763725455344,0.6742525696754456,0.021754607558250427
471,0.7922007,0.008870507567079113,0.7316557765007019,0.0023605418391525745
472,0.78987616,0.00901275386579211,0.6545365452766418,0.007606972008943558
473,0.79320776,0.008685956248399048,0.7124884128570557,0.018249664455652237
474,0.7986291,0.00878971361881564,0.7237887978553772,0.002724476158618927
475,0.78817475,0.008643541731164332,0.6929722428321838,0.0005512976204045117
476,0.791841,0.009115034222154867,0.6781054139137268,0.004587654955685139
477,0.7857797,0.00888613617133137,0.7256934642791748,0.004184389021247625
478,0.78648037,0.009077528209051212,0.7027672529220581,0.0076115932315588
479,0.78881633,0.008970097495357895,0.7128156423568726,0.0030515980906784534
480,0.78856695,0.008976223459319931,0.6737884283065796,0.012430816888809204
481,0.78983796,0.008772279671724897,0.7041847705841064,0.012874774634838104
482,0.7975432,0.008611563280927713,0.6766043901443481,0.0023560135159641504
483,0.78794163,0.008920432011120883,0.7169579863548279,0.026693372055888176
484,0.7910501,0.008685184938131679,0.7177119851112366,0.01824783906340599
485,0.7908942,0.009137830366358408,0.6705321669578552,0.022728893905878067
486,0.80234385,0.008180194067226464,0.6710978150367737,0.02681349217891693
487,0.78517586,0.009380632730368878,0.7658237218856812,0.004624190274626017
488,0.7874525,0.008917893048396476,0.675553560256958,0.021747000515460968
489,0.8045067,0.008355711804867922,0.6972615718841553,0.0004446642124094069
490,0.7936147,0.008528744126964785,0.705021858215332,0.0025892204139381647
491,0.7766884,0.009826845670880786,0.6611222624778748,0.002662308979779482
492,0.80135894,0.008199882405313452,0.711913526058197,0.004173818044364452
493,0.7818203,0.009233688281169692,0.760594367980957,0.01443166472017765
494,0.79840684,0.008491655112807108,0.6579984426498413,0.014715109951794147
495,0.7846361,0.009222307298818745,0.6774470806121826,0.0227300263941288
496,0.7871632,0.00911850362991814,0.7687922120094299,0.002550553996115923
497,0.7919259,0.008746836045270644,0.7368406057357788,0.00418399041518569
498,0.78917235,0.008665805509943173,0.6290532350540161,0.02175421267747879
499,0.7997102,0.008849331800556222,0.7045159935951233,0.018256885930895805
