2020-04-30 00:45:27.789344: I tensorflow/core/platform/cpu_feature_guard.cc:141] Your CPU supports instructions that this TensorFlow binary was not compiled to use: AVX2 FMA
2020-04-30 00:45:27.883285: I tensorflow/stream_executor/cuda/cuda_gpu_executor.cc:998] successful NUMA node read from SysFS had negative value (-1), but there must be at least one NUMA node, so returning NUMA node zero
2020-04-30 00:45:27.883735: I tensorflow/compiler/xla/service/service.cc:150] XLA service 0x17df8d0 executing computations on platform CUDA. Devices:
2020-04-30 00:45:27.883753: I tensorflow/compiler/xla/service/service.cc:158]   StreamExecutor device (0): GeForce GTX 1070, Compute Capability 6.1
2020-04-30 00:45:27.907502: I tensorflow/core/platform/profile_utils/cpu_utils.cc:94] CPU Frequency: 3600165000 Hz
2020-04-30 00:45:27.907863: I tensorflow/compiler/xla/service/service.cc:150] XLA service 0x1ea38f0 executing computations on platform Host. Devices:
2020-04-30 00:45:27.907886: I tensorflow/compiler/xla/service/service.cc:158]   StreamExecutor device (0): <undefined>, <undefined>
2020-04-30 00:45:27.907992: I tensorflow/core/common_runtime/gpu/gpu_device.cc:1433] Found device 0 with properties: 
name: GeForce GTX 1070 major: 6 minor: 1 memoryClockRate(GHz): 1.7465
pciBusID: 0000:01:00.0
totalMemory: 7.93GiB freeMemory: 7.54GiB
2020-04-30 00:45:27.908013: I tensorflow/core/common_runtime/gpu/gpu_device.cc:1512] Adding visible gpu devices: 0
2020-04-30 00:45:27.908894: I tensorflow/core/common_runtime/gpu/gpu_device.cc:984] Device interconnect StreamExecutor with strength 1 edge matrix:
2020-04-30 00:45:27.908912: I tensorflow/core/common_runtime/gpu/gpu_device.cc:990]      0 
2020-04-30 00:45:27.908921: I tensorflow/core/common_runtime/gpu/gpu_device.cc:1003] 0:   N 
2020-04-30 00:45:27.908990: I tensorflow/core/common_runtime/gpu/gpu_device.cc:1115] Created TensorFlow device (/job:localhost/replica:0/task:0/device:GPU:0 with 7337 MB memory) -> physical GPU (device: 0, name: GeForce GTX 1070, pci bus id: 0000:01:00.0, compute capability: 6.1)
Using TensorFlow backend.
/home/polina/.local/lib/python3.6/site-packages/tensorflow/python/framework/dtypes.py:526: FutureWarning: Passing (type, 1) or '1type' as a synonym of type is deprecated; in a future version of numpy, it will be understood as (type, (1,)) / '(1,)type'.
  _np_qint8 = np.dtype([("qint8", np.int8, 1)])
/home/polina/.local/lib/python3.6/site-packages/tensorflow/python/framework/dtypes.py:527: FutureWarning: Passing (type, 1) or '1type' as a synonym of type is deprecated; in a future version of numpy, it will be understood as (type, (1,)) / '(1,)type'.
  _np_quint8 = np.dtype([("quint8", np.uint8, 1)])
/home/polina/.local/lib/python3.6/site-packages/tensorflow/python/framework/dtypes.py:528: FutureWarning: Passing (type, 1) or '1type' as a synonym of type is deprecated; in a future version of numpy, it will be understood as (type, (1,)) / '(1,)type'.
  _np_qint16 = np.dtype([("qint16", np.int16, 1)])
/home/polina/.local/lib/python3.6/site-packages/tensorflow/python/framework/dtypes.py:529: FutureWarning: Passing (type, 1) or '1type' as a synonym of type is deprecated; in a future version of numpy, it will be understood as (type, (1,)) / '(1,)type'.
  _np_quint16 = np.dtype([("quint16", np.uint16, 1)])
/home/polina/.local/lib/python3.6/site-packages/tensorflow/python/framework/dtypes.py:530: FutureWarning: Passing (type, 1) or '1type' as a synonym of type is deprecated; in a future version of numpy, it will be understood as (type, (1,)) / '(1,)type'.
  _np_qint32 = np.dtype([("qint32", np.int32, 1)])
/home/polina/.local/lib/python3.6/site-packages/tensorflow/python/framework/dtypes.py:535: FutureWarning: Passing (type, 1) or '1type' as a synonym of type is deprecated; in a future version of numpy, it will be understood as (type, (1,)) / '(1,)type'.
  np_resource = np.dtype([("resource", np.ubyte, 1)])
WARNING:tensorflow:From /home/polina/.local/lib/python3.6/site-packages/tensorflow/python/ops/resource_variable_ops.py:435: colocate_with (from tensorflow.python.framework.ops) is deprecated and will be removed in a future version.
Instructions for updating:
Colocations handled automatically by placer.
WARNING:tensorflow:From /home/polina/.local/lib/python3.6/site-packages/tensorflow/python/ops/math_ops.py:3066: to_int32 (from tensorflow.python.ops.math_ops) is deprecated and will be removed in a future version.
Instructions for updating:
Use tf.cast instead.
Epoch 1/500
 - 233s - loss: 0.0064 - f_mera: 0.5587 - val_loss: 0.0065 - val_f_mera: 0.6066
Epoch 2/500
 - 225s - loss: 0.0056 - f_mera: 0.5980 - val_loss: 0.0043 - val_f_mera: 0.6147
Epoch 3/500
 - 226s - loss: 0.0054 - f_mera: 0.6079 - val_loss: 0.0047 - val_f_mera: 0.6161
Epoch 4/500
 - 226s - loss: 0.0053 - f_mera: 0.6136 - val_loss: 0.0035 - val_f_mera: 0.6056
Epoch 5/500
 - 226s - loss: 0.0052 - f_mera: 0.6240 - val_loss: 0.0041 - val_f_mera: 0.6152
Epoch 6/500
 - 226s - loss: 0.0050 - f_mera: 0.6315 - val_loss: 0.0070 - val_f_mera: 0.6232
Epoch 7/500
 - 226s - loss: 0.0050 - f_mera: 0.6362 - val_loss: 0.0050 - val_f_mera: 0.6318
Epoch 8/500
 - 226s - loss: 0.0049 - f_mera: 0.6378 - val_loss: 0.0044 - val_f_mera: 0.6275
Epoch 9/500
 - 226s - loss: 0.0049 - f_mera: 0.6410 - val_loss: 0.0042 - val_f_mera: 0.6487
Epoch 10/500
 - 226s - loss: 0.0048 - f_mera: 0.6432 - val_loss: 0.0045 - val_f_mera: 0.6379
Epoch 11/500
 - 226s - loss: 0.0048 - f_mera: 0.6427 - val_loss: 0.0083 - val_f_mera: 0.6537
Epoch 12/500
 - 231s - loss: 0.0048 - f_mera: 0.6450 - val_loss: 0.0057 - val_f_mera: 0.6505
Epoch 13/500
 - 231s - loss: 0.0048 - f_mera: 0.6465 - val_loss: 0.0048 - val_f_mera: 0.6443
Epoch 14/500
 - 231s - loss: 0.0047 - f_mera: 0.6471 - val_loss: 0.0045 - val_f_mera: 0.6509
Epoch 15/500
 - 231s - loss: 0.0047 - f_mera: 0.6495 - val_loss: 0.0052 - val_f_mera: 0.6542
Epoch 16/500
 - 231s - loss: 0.0047 - f_mera: 0.6500 - val_loss: 0.0042 - val_f_mera: 0.6623
Epoch 17/500
 - 231s - loss: 0.0047 - f_mera: 0.6521 - val_loss: 0.0060 - val_f_mera: 0.6597
Epoch 18/500
 - 231s - loss: 0.0047 - f_mera: 0.6535 - val_loss: 0.0053 - val_f_mera: 0.6457
Epoch 19/500
 - 231s - loss: 0.0046 - f_mera: 0.6541 - val_loss: 0.0034 - val_f_mera: 0.6565
Epoch 20/500
 - 231s - loss: 0.0046 - f_mera: 0.6543 - val_loss: 0.0038 - val_f_mera: 0.6553
Epoch 21/500
 - 231s - loss: 0.0046 - f_mera: 0.6533 - val_loss: 0.0048 - val_f_mera: 0.6566
Epoch 22/500
 - 231s - loss: 0.0046 - f_mera: 0.6562 - val_loss: 0.0047 - val_f_mera: 0.6625
Epoch 23/500
 - 231s - loss: 0.0046 - f_mera: 0.6582 - val_loss: 0.0069 - val_f_mera: 0.6583
Epoch 24/500
 - 231s - loss: 0.0046 - f_mera: 0.6575 - val_loss: 0.0057 - val_f_mera: 0.6645
Epoch 25/500
 - 231s - loss: 0.0046 - f_mera: 0.6569 - val_loss: 0.0037 - val_f_mera: 0.6615
Epoch 26/500
 - 231s - loss: 0.0046 - f_mera: 0.6588 - val_loss: 0.0033 - val_f_mera: 0.6613
Epoch 27/500
 - 231s - loss: 0.0045 - f_mera: 0.6599 - val_loss: 0.0051 - val_f_mera: 0.6665
Epoch 28/500
 - 231s - loss: 0.0046 - f_mera: 0.6578 - val_loss: 0.0033 - val_f_mera: 0.6597
Epoch 29/500
 - 231s - loss: 0.0045 - f_mera: 0.6595 - val_loss: 0.0036 - val_f_mera: 0.6661
Epoch 30/500
 - 231s - loss: 0.0045 - f_mera: 0.6589 - val_loss: 0.0041 - val_f_mera: 0.6547
Epoch 31/500
 - 231s - loss: 0.0045 - f_mera: 0.6598 - val_loss: 0.0053 - val_f_mera: 0.6598
Epoch 32/500
 - 231s - loss: 0.0045 - f_mera: 0.6606 - val_loss: 0.0062 - val_f_mera: 0.6647
Epoch 33/500
 - 231s - loss: 0.0045 - f_mera: 0.6610 - val_loss: 0.0043 - val_f_mera: 0.6549
Epoch 34/500
 - 231s - loss: 0.0045 - f_mera: 0.6604 - val_loss: 0.0047 - val_f_mera: 0.6582
Epoch 35/500
 - 231s - loss: 0.0045 - f_mera: 0.6616 - val_loss: 0.0051 - val_f_mera: 0.6651
Epoch 36/500
 - 231s - loss: 0.0045 - f_mera: 0.6626 - val_loss: 0.0047 - val_f_mera: 0.6605
Epoch 37/500
 - 231s - loss: 0.0045 - f_mera: 0.6622 - val_loss: 0.0057 - val_f_mera: 0.6560
Epoch 38/500
 - 231s - loss: 0.0045 - f_mera: 0.6639 - val_loss: 0.0032 - val_f_mera: 0.6609
Epoch 39/500
 - 231s - loss: 0.0045 - f_mera: 0.6636 - val_loss: 0.0040 - val_f_mera: 0.6645
Epoch 40/500
 - 231s - loss: 0.0045 - f_mera: 0.6639 - val_loss: 0.0058 - val_f_mera: 0.6653
Epoch 41/500
 - 230s - loss: 0.0044 - f_mera: 0.6645 - val_loss: 0.0034 - val_f_mera: 0.6578
Epoch 42/500
 - 231s - loss: 0.0045 - f_mera: 0.6647 - val_loss: 0.0051 - val_f_mera: 0.6627
Epoch 43/500
 - 231s - loss: 0.0044 - f_mera: 0.6649 - val_loss: 0.0050 - val_f_mera: 0.6648
Epoch 44/500
 - 231s - loss: 0.0044 - f_mera: 0.6652 - val_loss: 0.0030 - val_f_mera: 0.6613
Epoch 45/500
 - 231s - loss: 0.0044 - f_mera: 0.6656 - val_loss: 0.0029 - val_f_mera: 0.6644
Epoch 46/500
 - 231s - loss: 0.0044 - f_mera: 0.6663 - val_loss: 0.0066 - val_f_mera: 0.6657
Epoch 47/500
 - 231s - loss: 0.0044 - f_mera: 0.6675 - val_loss: 0.0029 - val_f_mera: 0.6616
Epoch 48/500
 - 231s - loss: 0.0044 - f_mera: 0.6677 - val_loss: 0.0046 - val_f_mera: 0.6671
Epoch 49/500
 - 231s - loss: 0.0044 - f_mera: 0.6665 - val_loss: 0.0049 - val_f_mera: 0.6674
Epoch 50/500
 - 231s - loss: 0.0044 - f_mera: 0.6662 - val_loss: 0.0039 - val_f_mera: 0.6580
Epoch 51/500
 - 231s - loss: 0.0044 - f_mera: 0.6674 - val_loss: 0.0060 - val_f_mera: 0.6641
Epoch 52/500
 - 231s - loss: 0.0044 - f_mera: 0.6671 - val_loss: 0.0040 - val_f_mera: 0.6673
Epoch 53/500
 - 231s - loss: 0.0044 - f_mera: 0.6677 - val_loss: 0.0025 - val_f_mera: 0.6627
Epoch 54/500
 - 231s - loss: 0.0044 - f_mera: 0.6683 - val_loss: 0.0037 - val_f_mera: 0.6701
Epoch 55/500
 - 231s - loss: 0.0044 - f_mera: 0.6680 - val_loss: 0.0041 - val_f_mera: 0.6695
Epoch 56/500
 - 231s - loss: 0.0044 - f_mera: 0.6677 - val_loss: 0.0044 - val_f_mera: 0.6689
Epoch 57/500
 - 231s - loss: 0.0044 - f_mera: 0.6687 - val_loss: 0.0033 - val_f_mera: 0.6692
Epoch 58/500
 - 231s - loss: 0.0044 - f_mera: 0.6689 - val_loss: 0.0030 - val_f_mera: 0.6667
Epoch 59/500
 - 231s - loss: 0.0044 - f_mera: 0.6687 - val_loss: 0.0037 - val_f_mera: 0.6741
Epoch 60/500
 - 231s - loss: 0.0044 - f_mera: 0.6687 - val_loss: 0.0043 - val_f_mera: 0.6638
Epoch 61/500
 - 231s - loss: 0.0043 - f_mera: 0.6696 - val_loss: 0.0048 - val_f_mera: 0.6621
Epoch 62/500
 - 231s - loss: 0.0043 - f_mera: 0.6686 - val_loss: 0.0025 - val_f_mera: 0.6701
Epoch 63/500
 - 231s - loss: 0.0043 - f_mera: 0.6687 - val_loss: 0.0025 - val_f_mera: 0.6627
Epoch 64/500
 - 231s - loss: 0.0043 - f_mera: 0.6697 - val_loss: 0.0046 - val_f_mera: 0.6672
Epoch 65/500
 - 231s - loss: 0.0043 - f_mera: 0.6711 - val_loss: 0.0042 - val_f_mera: 0.6683
Epoch 66/500
 - 231s - loss: 0.0043 - f_mera: 0.6701 - val_loss: 0.0044 - val_f_mera: 0.6700
Epoch 67/500
 - 231s - loss: 0.0043 - f_mera: 0.6705 - val_loss: 0.0029 - val_f_mera: 0.6745
Epoch 68/500
 - 231s - loss: 0.0043 - f_mera: 0.6718 - val_loss: 0.0053 - val_f_mera: 0.6705
Epoch 69/500
 - 231s - loss: 0.0043 - f_mera: 0.6722 - val_loss: 0.0034 - val_f_mera: 0.6667
Epoch 70/500
 - 230s - loss: 0.0043 - f_mera: 0.6729 - val_loss: 0.0039 - val_f_mera: 0.6628
Epoch 71/500
 - 231s - loss: 0.0043 - f_mera: 0.6726 - val_loss: 0.0030 - val_f_mera: 0.6697
Epoch 72/500
 - 231s - loss: 0.0043 - f_mera: 0.6730 - val_loss: 0.0035 - val_f_mera: 0.6697
Epoch 73/500
 - 231s - loss: 0.0043 - f_mera: 0.6715 - val_loss: 0.0024 - val_f_mera: 0.6748
Epoch 74/500
 - 231s - loss: 0.0043 - f_mera: 0.6722 - val_loss: 0.0036 - val_f_mera: 0.6740
Epoch 75/500
 - 231s - loss: 0.0043 - f_mera: 0.6730 - val_loss: 0.0032 - val_f_mera: 0.6698
Epoch 76/500
 - 231s - loss: 0.0043 - f_mera: 0.6731 - val_loss: 0.0026 - val_f_mera: 0.6618
Epoch 77/500
 - 231s - loss: 0.0043 - f_mera: 0.6736 - val_loss: 0.0035 - val_f_mera: 0.6652
Epoch 78/500
 - 231s - loss: 0.0043 - f_mera: 0.6736 - val_loss: 0.0038 - val_f_mera: 0.6663
Epoch 79/500
 - 231s - loss: 0.0043 - f_mera: 0.6742 - val_loss: 0.0031 - val_f_mera: 0.6752
Epoch 80/500
 - 231s - loss: 0.0043 - f_mera: 0.6742 - val_loss: 0.0035 - val_f_mera: 0.6694
Epoch 81/500
 - 231s - loss: 0.0043 - f_mera: 0.6738 - val_loss: 0.0077 - val_f_mera: 0.6735
Epoch 82/500
 - 231s - loss: 0.0043 - f_mera: 0.6731 - val_loss: 0.0037 - val_f_mera: 0.6675
Epoch 83/500
 - 231s - loss: 0.0043 - f_mera: 0.6747 - val_loss: 0.0056 - val_f_mera: 0.6764
Epoch 84/500
 - 231s - loss: 0.0043 - f_mera: 0.6742 - val_loss: 0.0037 - val_f_mera: 0.6621
Epoch 85/500
 - 231s - loss: 0.0043 - f_mera: 0.6740 - val_loss: 0.0058 - val_f_mera: 0.6687
Epoch 86/500
 - 231s - loss: 0.0043 - f_mera: 0.6757 - val_loss: 0.0024 - val_f_mera: 0.6716
Epoch 87/500
 - 231s - loss: 0.0043 - f_mera: 0.6745 - val_loss: 0.0046 - val_f_mera: 0.6653
Epoch 88/500
 - 232s - loss: 0.0043 - f_mera: 0.6751 - val_loss: 0.0038 - val_f_mera: 0.6576
Epoch 89/500
 - 233s - loss: 0.0043 - f_mera: 0.6744 - val_loss: 0.0050 - val_f_mera: 0.6719
Epoch 90/500
 - 231s - loss: 0.0043 - f_mera: 0.6743 - val_loss: 0.0022 - val_f_mera: 0.6741
Epoch 91/500
 - 231s - loss: 0.0043 - f_mera: 0.6747 - val_loss: 0.0038 - val_f_mera: 0.6753
Epoch 92/500
 - 231s - loss: 0.0042 - f_mera: 0.6762 - val_loss: 0.0050 - val_f_mera: 0.6730
Epoch 93/500
 - 231s - loss: 0.0043 - f_mera: 0.6757 - val_loss: 0.0034 - val_f_mera: 0.6698
Epoch 94/500
 - 231s - loss: 0.0042 - f_mera: 0.6763 - val_loss: 0.0037 - val_f_mera: 0.6687
Epoch 95/500
 - 231s - loss: 0.0043 - f_mera: 0.6751 - val_loss: 0.0046 - val_f_mera: 0.6709
Epoch 96/500
 - 231s - loss: 0.0043 - f_mera: 0.6738 - val_loss: 0.0065 - val_f_mera: 0.6698
Epoch 97/500
 - 231s - loss: 0.0042 - f_mera: 0.6765 - val_loss: 0.0047 - val_f_mera: 0.6721
Epoch 98/500
 - 231s - loss: 0.0042 - f_mera: 0.6741 - val_loss: 0.0047 - val_f_mera: 0.6719
Epoch 99/500
 - 231s - loss: 0.0043 - f_mera: 0.6756 - val_loss: 0.0029 - val_f_mera: 0.6763
Epoch 100/500
 - 232s - loss: 0.0042 - f_mera: 0.6769 - val_loss: 0.0047 - val_f_mera: 0.6670
Epoch 101/500
 - 231s - loss: 0.0042 - f_mera: 0.6764 - val_loss: 0.0032 - val_f_mera: 0.6674
2020-04-30 07:15:44.873186: I tensorflow/core/platform/cpu_feature_guard.cc:141] Your CPU supports instructions that this TensorFlow binary was not compiled to use: AVX2 FMA
2020-04-30 07:15:44.967985: I tensorflow/stream_executor/cuda/cuda_gpu_executor.cc:998] successful NUMA node read from SysFS had negative value (-1), but there must be at least one NUMA node, so returning NUMA node zero
2020-04-30 07:15:44.969303: I tensorflow/compiler/xla/service/service.cc:150] XLA service 0x1a71740 executing computations on platform CUDA. Devices:
2020-04-30 07:15:44.969317: I tensorflow/compiler/xla/service/service.cc:158]   StreamExecutor device (0): GeForce GTX 1070, Compute Capability 6.1
2020-04-30 07:15:44.987473: I tensorflow/core/platform/profile_utils/cpu_utils.cc:94] CPU Frequency: 3600165000 Hz
2020-04-30 07:15:44.987782: I tensorflow/compiler/xla/service/service.cc:150] XLA service 0x2135510 executing computations on platform Host. Devices:
2020-04-30 07:15:44.987804: I tensorflow/compiler/xla/service/service.cc:158]   StreamExecutor device (0): <undefined>, <undefined>
2020-04-30 07:15:44.987889: I tensorflow/core/common_runtime/gpu/gpu_device.cc:1433] Found device 0 with properties: 
name: GeForce GTX 1070 major: 6 minor: 1 memoryClockRate(GHz): 1.7465
pciBusID: 0000:01:00.0
totalMemory: 7.93GiB freeMemory: 7.54GiB
2020-04-30 07:15:44.987905: I tensorflow/core/common_runtime/gpu/gpu_device.cc:1512] Adding visible gpu devices: 0
2020-04-30 07:15:44.988553: I tensorflow/core/common_runtime/gpu/gpu_device.cc:984] Device interconnect StreamExecutor with strength 1 edge matrix:
2020-04-30 07:15:44.988567: I tensorflow/core/common_runtime/gpu/gpu_device.cc:990]      0 
2020-04-30 07:15:44.988573: I tensorflow/core/common_runtime/gpu/gpu_device.cc:1003] 0:   N 
2020-04-30 07:15:44.988624: I tensorflow/core/common_runtime/gpu/gpu_device.cc:1115] Created TensorFlow device (/job:localhost/replica:0/task:0/device:GPU:0 with 7337 MB memory) -> physical GPU (device: 0, name: GeForce GTX 1070, pci bus id: 0000:01:00.0, compute capability: 6.1)
Using TensorFlow backend.
/home/polina/.local/lib/python3.6/site-packages/tensorflow/python/framework/dtypes.py:526: FutureWarning: Passing (type, 1) or '1type' as a synonym of type is deprecated; in a future version of numpy, it will be understood as (type, (1,)) / '(1,)type'.
  _np_qint8 = np.dtype([("qint8", np.int8, 1)])
/home/polina/.local/lib/python3.6/site-packages/tensorflow/python/framework/dtypes.py:527: FutureWarning: Passing (type, 1) or '1type' as a synonym of type is deprecated; in a future version of numpy, it will be understood as (type, (1,)) / '(1,)type'.
  _np_quint8 = np.dtype([("quint8", np.uint8, 1)])
/home/polina/.local/lib/python3.6/site-packages/tensorflow/python/framework/dtypes.py:528: FutureWarning: Passing (type, 1) or '1type' as a synonym of type is deprecated; in a future version of numpy, it will be understood as (type, (1,)) / '(1,)type'.
  _np_qint16 = np.dtype([("qint16", np.int16, 1)])
/home/polina/.local/lib/python3.6/site-packages/tensorflow/python/framework/dtypes.py:529: FutureWarning: Passing (type, 1) or '1type' as a synonym of type is deprecated; in a future version of numpy, it will be understood as (type, (1,)) / '(1,)type'.
  _np_quint16 = np.dtype([("quint16", np.uint16, 1)])
/home/polina/.local/lib/python3.6/site-packages/tensorflow/python/framework/dtypes.py:530: FutureWarning: Passing (type, 1) or '1type' as a synonym of type is deprecated; in a future version of numpy, it will be understood as (type, (1,)) / '(1,)type'.
  _np_qint32 = np.dtype([("qint32", np.int32, 1)])
/home/polina/.local/lib/python3.6/site-packages/tensorflow/python/framework/dtypes.py:535: FutureWarning: Passing (type, 1) or '1type' as a synonym of type is deprecated; in a future version of numpy, it will be understood as (type, (1,)) / '(1,)type'.
  np_resource = np.dtype([("resource", np.ubyte, 1)])
WARNING:tensorflow:From /home/polina/.local/lib/python3.6/site-packages/tensorflow/python/ops/resource_variable_ops.py:435: colocate_with (from tensorflow.python.framework.ops) is deprecated and will be removed in a future version.
Instructions for updating:
Colocations handled automatically by placer.
WARNING:tensorflow:From /home/polina/.local/lib/python3.6/site-packages/tensorflow/python/ops/math_ops.py:3066: to_int32 (from tensorflow.python.ops.math_ops) is deprecated and will be removed in a future version.
Instructions for updating:
Use tf.cast instead.
Epoch 1/500
 - 233s - loss: 0.0068 - f_mera: 0.5611 - val_loss: 0.0061 - val_f_mera: 0.6085
Epoch 2/500
 - 226s - loss: 0.0060 - f_mera: 0.5997 - val_loss: 0.0046 - val_f_mera: 0.6183
Epoch 3/500
 - 226s - loss: 0.0058 - f_mera: 0.6083 - val_loss: 0.0049 - val_f_mera: 0.6240
Epoch 4/500
 - 226s - loss: 0.0057 - f_mera: 0.6159 - val_loss: 0.0034 - val_f_mera: 0.6252
Epoch 5/500
 - 226s - loss: 0.0056 - f_mera: 0.6221 - val_loss: 0.0045 - val_f_mera: 0.6148
Epoch 6/500
 - 226s - loss: 0.0055 - f_mera: 0.6276 - val_loss: 0.0077 - val_f_mera: 0.6092
Epoch 7/500
 - 226s - loss: 0.0054 - f_mera: 0.6329 - val_loss: 0.0059 - val_f_mera: 0.6538
Epoch 8/500
 - 226s - loss: 0.0053 - f_mera: 0.6355 - val_loss: 0.0048 - val_f_mera: 0.5963
Epoch 9/500
 - 226s - loss: 0.0053 - f_mera: 0.6375 - val_loss: 0.0044 - val_f_mera: 0.6367
Epoch 10/500
 - 226s - loss: 0.0052 - f_mera: 0.6409 - val_loss: 0.0061 - val_f_mera: 0.6209
Epoch 11/500
 - 226s - loss: 0.0052 - f_mera: 0.6425 - val_loss: 0.0095 - val_f_mera: 0.6526
Epoch 12/500
 - 231s - loss: 0.0051 - f_mera: 0.6441 - val_loss: 0.0046 - val_f_mera: 0.6410
Epoch 13/500
 - 231s - loss: 0.0051 - f_mera: 0.6460 - val_loss: 0.0051 - val_f_mera: 0.6511
Epoch 14/500
 - 231s - loss: 0.0051 - f_mera: 0.6479 - val_loss: 0.0050 - val_f_mera: 0.6585
Epoch 15/500
 - 231s - loss: 0.0050 - f_mera: 0.6495 - val_loss: 0.0047 - val_f_mera: 0.6553
Epoch 16/500
 - 231s - loss: 0.0050 - f_mera: 0.6509 - val_loss: 0.0043 - val_f_mera: 0.6583
Epoch 17/500
 - 231s - loss: 0.0050 - f_mera: 0.6508 - val_loss: 0.0052 - val_f_mera: 0.6277
Epoch 18/500
 - 230s - loss: 0.0050 - f_mera: 0.6525 - val_loss: 0.0042 - val_f_mera: 0.6480
Epoch 19/500
 - 231s - loss: 0.0049 - f_mera: 0.6522 - val_loss: 0.0038 - val_f_mera: 0.6458
Epoch 20/500
 - 231s - loss: 0.0049 - f_mera: 0.6535 - val_loss: 0.0040 - val_f_mera: 0.6497
Epoch 21/500
 - 231s - loss: 0.0049 - f_mera: 0.6552 - val_loss: 0.0055 - val_f_mera: 0.6505
Epoch 22/500
 - 231s - loss: 0.0049 - f_mera: 0.6572 - val_loss: 0.0039 - val_f_mera: 0.6298
Epoch 23/500
 - 231s - loss: 0.0049 - f_mera: 0.6568 - val_loss: 0.0070 - val_f_mera: 0.6386
Epoch 24/500
 - 231s - loss: 0.0048 - f_mera: 0.6577 - val_loss: 0.0061 - val_f_mera: 0.6650
Epoch 25/500
 - 231s - loss: 0.0048 - f_mera: 0.6588 - val_loss: 0.0040 - val_f_mera: 0.6550
Epoch 26/500
 - 231s - loss: 0.0048 - f_mera: 0.6593 - val_loss: 0.0045 - val_f_mera: 0.6568
Epoch 27/500
 - 231s - loss: 0.0048 - f_mera: 0.6592 - val_loss: 0.0060 - val_f_mera: 0.6658
Epoch 28/500
 - 231s - loss: 0.0048 - f_mera: 0.6604 - val_loss: 0.0038 - val_f_mera: 0.6602
Epoch 29/500
 - 231s - loss: 0.0048 - f_mera: 0.6602 - val_loss: 0.0033 - val_f_mera: 0.6635
Epoch 30/500
 - 231s - loss: 0.0048 - f_mera: 0.6616 - val_loss: 0.0042 - val_f_mera: 0.6580
Epoch 31/500
 - 231s - loss: 0.0048 - f_mera: 0.6622 - val_loss: 0.0054 - val_f_mera: 0.6610
Epoch 32/500
 - 231s - loss: 0.0047 - f_mera: 0.6637 - val_loss: 0.0068 - val_f_mera: 0.6578
Epoch 33/500
 - 231s - loss: 0.0047 - f_mera: 0.6647 - val_loss: 0.0047 - val_f_mera: 0.6652
Epoch 34/500
 - 231s - loss: 0.0047 - f_mera: 0.6644 - val_loss: 0.0048 - val_f_mera: 0.6536
Epoch 35/500
 - 231s - loss: 0.0047 - f_mera: 0.6650 - val_loss: 0.0048 - val_f_mera: 0.6622
Epoch 36/500
 - 231s - loss: 0.0047 - f_mera: 0.6660 - val_loss: 0.0056 - val_f_mera: 0.6656
Epoch 37/500
 - 231s - loss: 0.0047 - f_mera: 0.6653 - val_loss: 0.0057 - val_f_mera: 0.6559
Epoch 38/500
 - 231s - loss: 0.0047 - f_mera: 0.6660 - val_loss: 0.0036 - val_f_mera: 0.6663
Epoch 39/500
 - 231s - loss: 0.0047 - f_mera: 0.6663 - val_loss: 0.0036 - val_f_mera: 0.6611
Epoch 40/500
 - 231s - loss: 0.0046 - f_mera: 0.6672 - val_loss: 0.0062 - val_f_mera: 0.6622
Epoch 41/500
 - 231s - loss: 0.0046 - f_mera: 0.6685 - val_loss: 0.0037 - val_f_mera: 0.6720
Epoch 42/500
 - 231s - loss: 0.0046 - f_mera: 0.6690 - val_loss: 0.0052 - val_f_mera: 0.6564
Epoch 43/500
 - 231s - loss: 0.0046 - f_mera: 0.6682 - val_loss: 0.0050 - val_f_mera: 0.6666
Epoch 44/500
 - 231s - loss: 0.0046 - f_mera: 0.6693 - val_loss: 0.0030 - val_f_mera: 0.6600
Epoch 45/500
 - 231s - loss: 0.0046 - f_mera: 0.6700 - val_loss: 0.0029 - val_f_mera: 0.6630
Epoch 46/500
 - 231s - loss: 0.0046 - f_mera: 0.6702 - val_loss: 0.0064 - val_f_mera: 0.6652
Epoch 47/500
 - 231s - loss: 0.0046 - f_mera: 0.6711 - val_loss: 0.0030 - val_f_mera: 0.6669
Epoch 48/500
 - 231s - loss: 0.0046 - f_mera: 0.6714 - val_loss: 0.0051 - val_f_mera: 0.6614
Epoch 49/500
 - 231s - loss: 0.0046 - f_mera: 0.6707 - val_loss: 0.0061 - val_f_mera: 0.6620
Epoch 50/500
 - 231s - loss: 0.0046 - f_mera: 0.6717 - val_loss: 0.0050 - val_f_mera: 0.6602
Epoch 51/500
 - 231s - loss: 0.0045 - f_mera: 0.6722 - val_loss: 0.0049 - val_f_mera: 0.6639
Epoch 52/500
 - 231s - loss: 0.0045 - f_mera: 0.6717 - val_loss: 0.0046 - val_f_mera: 0.6673
Epoch 53/500
 - 231s - loss: 0.0045 - f_mera: 0.6728 - val_loss: 0.0024 - val_f_mera: 0.6731
Epoch 54/500
 - 231s - loss: 0.0045 - f_mera: 0.6734 - val_loss: 0.0047 - val_f_mera: 0.6552
Epoch 55/500
 - 231s - loss: 0.0045 - f_mera: 0.6734 - val_loss: 0.0037 - val_f_mera: 0.6703
Epoch 56/500
 - 231s - loss: 0.0045 - f_mera: 0.6734 - val_loss: 0.0050 - val_f_mera: 0.6711
Epoch 57/500
 - 231s - loss: 0.0045 - f_mera: 0.6732 - val_loss: 0.0028 - val_f_mera: 0.6659
Epoch 58/500
 - 231s - loss: 0.0045 - f_mera: 0.6749 - val_loss: 0.0040 - val_f_mera: 0.6686
Epoch 59/500
 - 231s - loss: 0.0045 - f_mera: 0.6744 - val_loss: 0.0031 - val_f_mera: 0.6659
Epoch 60/500
 - 231s - loss: 0.0045 - f_mera: 0.6744 - val_loss: 0.0062 - val_f_mera: 0.6684
Epoch 61/500
 - 230s - loss: 0.0045 - f_mera: 0.6751 - val_loss: 0.0054 - val_f_mera: 0.6685
Epoch 62/500
 - 231s - loss: 0.0045 - f_mera: 0.6749 - val_loss: 0.0030 - val_f_mera: 0.6674
Epoch 63/500
 - 231s - loss: 0.0045 - f_mera: 0.6758 - val_loss: 0.0018 - val_f_mera: 0.6648
Epoch 64/500
 - 231s - loss: 0.0045 - f_mera: 0.6761 - val_loss: 0.0039 - val_f_mera: 0.6765
Epoch 65/500
 - 231s - loss: 0.0045 - f_mera: 0.6769 - val_loss: 0.0046 - val_f_mera: 0.6660
Epoch 66/500
 - 231s - loss: 0.0045 - f_mera: 0.6755 - val_loss: 0.0046 - val_f_mera: 0.6620
Epoch 67/500
 - 231s - loss: 0.0045 - f_mera: 0.6757 - val_loss: 0.0022 - val_f_mera: 0.6707
Epoch 68/500
 - 231s - loss: 0.0045 - f_mera: 0.6768 - val_loss: 0.0056 - val_f_mera: 0.6662
Epoch 69/500
 - 231s - loss: 0.0045 - f_mera: 0.6774 - val_loss: 0.0034 - val_f_mera: 0.6722
Epoch 70/500
 - 231s - loss: 0.0045 - f_mera: 0.6785 - val_loss: 0.0033 - val_f_mera: 0.6692
Epoch 71/500
 - 231s - loss: 0.0045 - f_mera: 0.6780 - val_loss: 0.0034 - val_f_mera: 0.6689
Epoch 72/500
 - 231s - loss: 0.0044 - f_mera: 0.6778 - val_loss: 0.0035 - val_f_mera: 0.6743
Epoch 73/500
 - 231s - loss: 0.0045 - f_mera: 0.6788 - val_loss: 0.0028 - val_f_mera: 0.6740
Epoch 74/500
 - 231s - loss: 0.0044 - f_mera: 0.6787 - val_loss: 0.0035 - val_f_mera: 0.6716
Epoch 75/500
 - 231s - loss: 0.0044 - f_mera: 0.6797 - val_loss: 0.0026 - val_f_mera: 0.6745
Epoch 76/500
 - 231s - loss: 0.0044 - f_mera: 0.6780 - val_loss: 0.0024 - val_f_mera: 0.6722
Epoch 77/500
 - 231s - loss: 0.0044 - f_mera: 0.6789 - val_loss: 0.0041 - val_f_mera: 0.6732
Epoch 78/500
 - 231s - loss: 0.0044 - f_mera: 0.6800 - val_loss: 0.0040 - val_f_mera: 0.6641
Epoch 79/500
 - 231s - loss: 0.0044 - f_mera: 0.6791 - val_loss: 0.0028 - val_f_mera: 0.6770
Epoch 80/500
 - 231s - loss: 0.0044 - f_mera: 0.6803 - val_loss: 0.0035 - val_f_mera: 0.6749
Epoch 81/500
 - 231s - loss: 0.0044 - f_mera: 0.6796 - val_loss: 0.0083 - val_f_mera: 0.6756
Epoch 82/500
 - 231s - loss: 0.0044 - f_mera: 0.6793 - val_loss: 0.0041 - val_f_mera: 0.6720
Epoch 83/500
 - 231s - loss: 0.0044 - f_mera: 0.6809 - val_loss: 0.0052 - val_f_mera: 0.6773
Epoch 84/500
 - 231s - loss: 0.0044 - f_mera: 0.6811 - val_loss: 0.0038 - val_f_mera: 0.6660
Epoch 85/500
 - 231s - loss: 0.0044 - f_mera: 0.6801 - val_loss: 0.0055 - val_f_mera: 0.6720
Epoch 86/500
 - 231s - loss: 0.0044 - f_mera: 0.6818 - val_loss: 0.0027 - val_f_mera: 0.6782
Epoch 87/500
 - 231s - loss: 0.0044 - f_mera: 0.6814 - val_loss: 0.0051 - val_f_mera: 0.6754
Epoch 88/500
 - 231s - loss: 0.0044 - f_mera: 0.6819 - val_loss: 0.0035 - val_f_mera: 0.6732
Epoch 89/500
 - 231s - loss: 0.0044 - f_mera: 0.6812 - val_loss: 0.0043 - val_f_mera: 0.6743
Epoch 90/500
 - 231s - loss: 0.0044 - f_mera: 0.6813 - val_loss: 0.0028 - val_f_mera: 0.6688
Epoch 91/500
 - 231s - loss: 0.0044 - f_mera: 0.6817 - val_loss: 0.0047 - val_f_mera: 0.6807
Epoch 92/500
 - 231s - loss: 0.0044 - f_mera: 0.6815 - val_loss: 0.0057 - val_f_mera: 0.6730
Epoch 93/500
 - 231s - loss: 0.0044 - f_mera: 0.6824 - val_loss: 0.0032 - val_f_mera: 0.6750
Epoch 94/500
 - 231s - loss: 0.0044 - f_mera: 0.6824 - val_loss: 0.0031 - val_f_mera: 0.6783
Epoch 95/500
 - 231s - loss: 0.0044 - f_mera: 0.6826 - val_loss: 0.0052 - val_f_mera: 0.6723
Epoch 96/500
 - 231s - loss: 0.0044 - f_mera: 0.6827 - val_loss: 0.0064 - val_f_mera: 0.6695
Epoch 97/500
 - 231s - loss: 0.0044 - f_mera: 0.6833 - val_loss: 0.0070 - val_f_mera: 0.6750
Epoch 98/500
 - 231s - loss: 0.0044 - f_mera: 0.6823 - val_loss: 0.0051 - val_f_mera: 0.6706
Epoch 99/500
 - 231s - loss: 0.0044 - f_mera: 0.6836 - val_loss: 0.0032 - val_f_mera: 0.6739
Epoch 100/500
 - 231s - loss: 0.0044 - f_mera: 0.6835 - val_loss: 0.0052 - val_f_mera: 0.6734
Epoch 101/500
 - 231s - loss: 0.0044 - f_mera: 0.6830 - val_loss: 0.0031 - val_f_mera: 0.6764
Epoch 102/500
 - 231s - loss: 0.0044 - f_mera: 0.6839 - val_loss: 0.0040 - val_f_mera: 0.6774
Epoch 103/500
 - 231s - loss: 0.0044 - f_mera: 0.6838 - val_loss: 0.0042 - val_f_mera: 0.6735
Epoch 104/500
 - 231s - loss: 0.0044 - f_mera: 0.6844 - val_loss: 0.0052 - val_f_mera: 0.6650
Epoch 105/500
 - 231s - loss: 0.0044 - f_mera: 0.6841 - val_loss: 0.0033 - val_f_mera: 0.6625
Epoch 106/500
 - 231s - loss: 0.0044 - f_mera: 0.6841 - val_loss: 0.0048 - val_f_mera: 0.6655
Epoch 107/500
 - 231s - loss: 0.0044 - f_mera: 0.6846 - val_loss: 0.0048 - val_f_mera: 0.6809
Epoch 108/500
 - 231s - loss: 0.0043 - f_mera: 0.6847 - val_loss: 0.0050 - val_f_mera: 0.6785
Epoch 109/500
 - 231s - loss: 0.0043 - f_mera: 0.6845 - val_loss: 0.0080 - val_f_mera: 0.6703
Epoch 110/500
 - 231s - loss: 0.0044 - f_mera: 0.6844 - val_loss: 0.0037 - val_f_mera: 0.6784
Epoch 111/500
 - 231s - loss: 0.0044 - f_mera: 0.6846 - val_loss: 0.0050 - val_f_mera: 0.6770
Epoch 112/500
 - 231s - loss: 0.0043 - f_mera: 0.6848 - val_loss: 0.0049 - val_f_mera: 0.6796
Epoch 113/500
 - 231s - loss: 0.0043 - f_mera: 0.6844 - val_loss: 0.0065 - val_f_mera: 0.6784
Epoch 114/500
 - 231s - loss: 0.0043 - f_mera: 0.6849 - val_loss: 0.0041 - val_f_mera: 0.6765
Epoch 115/500
 - 231s - loss: 0.0043 - f_mera: 0.6846 - val_loss: 0.0044 - val_f_mera: 0.6707
Epoch 116/500
 - 231s - loss: 0.0043 - f_mera: 0.6854 - val_loss: 0.0050 - val_f_mera: 0.6712
Epoch 117/500
 - 231s - loss: 0.0043 - f_mera: 0.6847 - val_loss: 0.0032 - val_f_mera: 0.6800
Epoch 118/500
 - 231s - loss: 0.0043 - f_mera: 0.6847 - val_loss: 0.0082 - val_f_mera: 0.6748
Epoch 119/500
 - 231s - loss: 0.0043 - f_mera: 0.6862 - val_loss: 0.0052 - val_f_mera: 0.6740
Epoch 120/500
 - 231s - loss: 0.0043 - f_mera: 0.6853 - val_loss: 0.0037 - val_f_mera: 0.6775
Epoch 121/500
 - 231s - loss: 0.0043 - f_mera: 0.6862 - val_loss: 0.0035 - val_f_mera: 0.6732
Epoch 122/500
 - 231s - loss: 0.0043 - f_mera: 0.6848 - val_loss: 0.0067 - val_f_mera: 0.6696
Epoch 123/500
 - 231s - loss: 0.0043 - f_mera: 0.6864 - val_loss: 0.0053 - val_f_mera: 0.6712
Epoch 124/500
 - 231s - loss: 0.0043 - f_mera: 0.6860 - val_loss: 0.0059 - val_f_mera: 0.6761
Epoch 125/500
 - 231s - loss: 0.0043 - f_mera: 0.6855 - val_loss: 0.0044 - val_f_mera: 0.6726
Epoch 126/500
 - 231s - loss: 0.0043 - f_mera: 0.6859 - val_loss: 0.0043 - val_f_mera: 0.6750
Epoch 127/500
 - 231s - loss: 0.0043 - f_mera: 0.6857 - val_loss: 0.0042 - val_f_mera: 0.6824
Epoch 128/500
 - 231s - loss: 0.0043 - f_mera: 0.6866 - val_loss: 0.0069 - val_f_mera: 0.6792
Epoch 129/500
 - 231s - loss: 0.0043 - f_mera: 0.6863 - val_loss: 0.0069 - val_f_mera: 0.6793
Epoch 130/500
 - 231s - loss: 0.0043 - f_mera: 0.6869 - val_loss: 0.0054 - val_f_mera: 0.6794
Epoch 131/500
 - 231s - loss: 0.0043 - f_mera: 0.6864 - val_loss: 0.0032 - val_f_mera: 0.6748
Epoch 132/500
 - 231s - loss: 0.0043 - f_mera: 0.6867 - val_loss: 0.0041 - val_f_mera: 0.6791
Epoch 133/500
 - 231s - loss: 0.0043 - f_mera: 0.6871 - val_loss: 0.0042 - val_f_mera: 0.6826
Epoch 134/500
 - 231s - loss: 0.0043 - f_mera: 0.6864 - val_loss: 0.0024 - val_f_mera: 0.6724
Epoch 135/500
 - 231s - loss: 0.0043 - f_mera: 0.6874 - val_loss: 0.0042 - val_f_mera: 0.6720
Epoch 136/500
 - 231s - loss: 0.0043 - f_mera: 0.6868 - val_loss: 0.0039 - val_f_mera: 0.6792
Epoch 137/500
 - 231s - loss: 0.0043 - f_mera: 0.6875 - val_loss: 0.0028 - val_f_mera: 0.6762
Epoch 138/500
 - 231s - loss: 0.0043 - f_mera: 0.6867 - val_loss: 0.0054 - val_f_mera: 0.6767
Epoch 139/500
 - 231s - loss: 0.0043 - f_mera: 0.6882 - val_loss: 0.0055 - val_f_mera: 0.6682
Epoch 140/500
 - 231s - loss: 0.0043 - f_mera: 0.6882 - val_loss: 0.0036 - val_f_mera: 0.6761
Epoch 141/500
 - 231s - loss: 0.0043 - f_mera: 0.6870 - val_loss: 0.0030 - val_f_mera: 0.6788
Epoch 142/500
 - 231s - loss: 0.0043 - f_mera: 0.6874 - val_loss: 0.0030 - val_f_mera: 0.6775
Epoch 143/500
 - 231s - loss: 0.0043 - f_mera: 0.6878 - val_loss: 0.0057 - val_f_mera: 0.6802
Epoch 144/500
 - 231s - loss: 0.0043 - f_mera: 0.6878 - val_loss: 0.0024 - val_f_mera: 0.6758
Epoch 145/500
 - 231s - loss: 0.0043 - f_mera: 0.6880 - val_loss: 0.0042 - val_f_mera: 0.6823
Epoch 146/500
 - 231s - loss: 0.0043 - f_mera: 0.6877 - val_loss: 0.0045 - val_f_mera: 0.6798
Epoch 147/500
 - 231s - loss: 0.0043 - f_mera: 0.6883 - val_loss: 0.0050 - val_f_mera: 0.6794
Epoch 148/500
 - 231s - loss: 0.0043 - f_mera: 0.6881 - val_loss: 0.0043 - val_f_mera: 0.6764
Epoch 149/500
 - 231s - loss: 0.0043 - f_mera: 0.6893 - val_loss: 0.0058 - val_f_mera: 0.6821
Epoch 150/500
 - 231s - loss: 0.0043 - f_mera: 0.6882 - val_loss: 0.0035 - val_f_mera: 0.6766
Epoch 151/500
 - 231s - loss: 0.0043 - f_mera: 0.6891 - val_loss: 0.0057 - val_f_mera: 0.6774
Epoch 152/500
 - 231s - loss: 0.0043 - f_mera: 0.6895 - val_loss: 0.0078 - val_f_mera: 0.6801
Epoch 153/500
 - 231s - loss: 0.0043 - f_mera: 0.6879 - val_loss: 0.0043 - val_f_mera: 0.6778
Epoch 154/500
 - 231s - loss: 0.0043 - f_mera: 0.6883 - val_loss: 0.0051 - val_f_mera: 0.6743
Epoch 155/500
 - 231s - loss: 0.0043 - f_mera: 0.6892 - val_loss: 0.0051 - val_f_mera: 0.6825
Epoch 156/500
 - 231s - loss: 0.0043 - f_mera: 0.6894 - val_loss: 0.0030 - val_f_mera: 0.6785
Epoch 157/500
 - 231s - loss: 0.0043 - f_mera: 0.6894 - val_loss: 0.0050 - val_f_mera: 0.6778
Epoch 158/500
 - 231s - loss: 0.0043 - f_mera: 0.6885 - val_loss: 0.0026 - val_f_mera: 0.6768
Epoch 159/500
 - 231s - loss: 0.0043 - f_mera: 0.6890 - val_loss: 0.0038 - val_f_mera: 0.6805
Epoch 160/500
 - 231s - loss: 0.0043 - f_mera: 0.6891 - val_loss: 0.0037 - val_f_mera: 0.6784
Epoch 161/500
 - 231s - loss: 0.0043 - f_mera: 0.6895 - val_loss: 0.0053 - val_f_mera: 0.6824
Epoch 162/500
 - 231s - loss: 0.0043 - f_mera: 0.6896 - val_loss: 0.0074 - val_f_mera: 0.6794
Epoch 163/500
 - 231s - loss: 0.0043 - f_mera: 0.6891 - val_loss: 0.0040 - val_f_mera: 0.6773
Epoch 164/500
 - 231s - loss: 0.0043 - f_mera: 0.6900 - val_loss: 0.0044 - val_f_mera: 0.6745
Epoch 165/500
 - 231s - loss: 0.0043 - f_mera: 0.6904 - val_loss: 0.0034 - val_f_mera: 0.6810
Epoch 166/500
 - 231s - loss: 0.0043 - f_mera: 0.6896 - val_loss: 0.0042 - val_f_mera: 0.6785
Epoch 167/500
 - 230s - loss: 0.0043 - f_mera: 0.6893 - val_loss: 0.0049 - val_f_mera: 0.6747
Epoch 168/500
 - 231s - loss: 0.0043 - f_mera: 0.6909 - val_loss: 0.0044 - val_f_mera: 0.6816
Epoch 169/500
 - 231s - loss: 0.0043 - f_mera: 0.6899 - val_loss: 0.0066 - val_f_mera: 0.6823
Epoch 170/500
 - 231s - loss: 0.0043 - f_mera: 0.6896 - val_loss: 0.0053 - val_f_mera: 0.6746
Epoch 171/500
 - 231s - loss: 0.0043 - f_mera: 0.6909 - val_loss: 0.0074 - val_f_mera: 0.6825
Epoch 172/500
 - 231s - loss: 0.0043 - f_mera: 0.6897 - val_loss: 0.0028 - val_f_mera: 0.6777
Epoch 173/500
 - 231s - loss: 0.0043 - f_mera: 0.6911 - val_loss: 0.0045 - val_f_mera: 0.6733
Epoch 174/500
 - 231s - loss: 0.0043 - f_mera: 0.6902 - val_loss: 0.0027 - val_f_mera: 0.6745
Epoch 175/500
 - 231s - loss: 0.0043 - f_mera: 0.6897 - val_loss: 0.0041 - val_f_mera: 0.6782
Epoch 176/500
 - 231s - loss: 0.0043 - f_mera: 0.6900 - val_loss: 0.0040 - val_f_mera: 0.6741
Epoch 177/500
 - 231s - loss: 0.0043 - f_mera: 0.6901 - val_loss: 0.0039 - val_f_mera: 0.6765
Epoch 178/500
 - 230s - loss: 0.0042 - f_mera: 0.6915 - val_loss: 0.0056 - val_f_mera: 0.6854
Epoch 179/500
 - 231s - loss: 0.0043 - f_mera: 0.6909 - val_loss: 0.0025 - val_f_mera: 0.6740
Epoch 180/500
 - 231s - loss: 0.0043 - f_mera: 0.6902 - val_loss: 0.0069 - val_f_mera: 0.6764
Epoch 181/500
 - 231s - loss: 0.0043 - f_mera: 0.6907 - val_loss: 0.0053 - val_f_mera: 0.6758
Epoch 182/500
 - 231s - loss: 0.0043 - f_mera: 0.6906 - val_loss: 0.0043 - val_f_mera: 0.6832
Epoch 183/500
 - 231s - loss: 0.0043 - f_mera: 0.6907 - val_loss: 0.0028 - val_f_mera: 0.6804
Epoch 184/500
 - 231s - loss: 0.0042 - f_mera: 0.6907 - val_loss: 0.0041 - val_f_mera: 0.6827
Epoch 185/500
 - 231s - loss: 0.0042 - f_mera: 0.6912 - val_loss: 0.0021 - val_f_mera: 0.6795
Epoch 186/500
 - 231s - loss: 0.0042 - f_mera: 0.6919 - val_loss: 0.0035 - val_f_mera: 0.6762
Epoch 187/500
 - 231s - loss: 0.0042 - f_mera: 0.6910 - val_loss: 0.0055 - val_f_mera: 0.6821
Epoch 188/500
 - 231s - loss: 0.0042 - f_mera: 0.6920 - val_loss: 0.0058 - val_f_mera: 0.6824
Epoch 189/500
 - 231s - loss: 0.0042 - f_mera: 0.6913 - val_loss: 0.0050 - val_f_mera: 0.6808
Epoch 190/500
 - 231s - loss: 0.0042 - f_mera: 0.6916 - val_loss: 0.0028 - val_f_mera: 0.6792
Epoch 191/500
 - 231s - loss: 0.0042 - f_mera: 0.6917 - val_loss: 0.0022 - val_f_mera: 0.6795
Epoch 192/500
 - 231s - loss: 0.0042 - f_mera: 0.6926 - val_loss: 0.0038 - val_f_mera: 0.6816
Epoch 193/500
 - 231s - loss: 0.0042 - f_mera: 0.6911 - val_loss: 0.0057 - val_f_mera: 0.6822
Epoch 194/500
 - 231s - loss: 0.0042 - f_mera: 0.6920 - val_loss: 0.0082 - val_f_mera: 0.6806
Epoch 195/500
 - 231s - loss: 0.0042 - f_mera: 0.6922 - val_loss: 0.0067 - val_f_mera: 0.6808
Epoch 196/500
 - 231s - loss: 0.0042 - f_mera: 0.6919 - val_loss: 0.0043 - val_f_mera: 0.6778
Epoch 197/500
 - 231s - loss: 0.0042 - f_mera: 0.6924 - val_loss: 0.0030 - val_f_mera: 0.6719
Epoch 198/500
 - 230s - loss: 0.0042 - f_mera: 0.6920 - val_loss: 0.0031 - val_f_mera: 0.6816
Epoch 199/500
 - 230s - loss: 0.0042 - f_mera: 0.6918 - val_loss: 0.0051 - val_f_mera: 0.6781
Epoch 200/500
 - 231s - loss: 0.0042 - f_mera: 0.6926 - val_loss: 0.0029 - val_f_mera: 0.6786
Epoch 201/500
 - 231s - loss: 0.0042 - f_mera: 0.6920 - val_loss: 0.0028 - val_f_mera: 0.6811
Epoch 202/500
 - 231s - loss: 0.0042 - f_mera: 0.6927 - val_loss: 0.0057 - val_f_mera: 0.6766
Epoch 203/500
 - 231s - loss: 0.0042 - f_mera: 0.6918 - val_loss: 0.0049 - val_f_mera: 0.6841
Epoch 204/500
 - 231s - loss: 0.0042 - f_mera: 0.6932 - val_loss: 0.0032 - val_f_mera: 0.6842
Epoch 205/500
 - 231s - loss: 0.0042 - f_mera: 0.6920 - val_loss: 0.0032 - val_f_mera: 0.6768
Epoch 206/500
 - 231s - loss: 0.0042 - f_mera: 0.6930 - val_loss: 0.0036 - val_f_mera: 0.6862
Epoch 207/500
 - 230s - loss: 0.0042 - f_mera: 0.6927 - val_loss: 0.0050 - val_f_mera: 0.6742
Epoch 208/500
 - 231s - loss: 0.0042 - f_mera: 0.6918 - val_loss: 0.0040 - val_f_mera: 0.6857
Epoch 209/500
 - 231s - loss: 0.0042 - f_mera: 0.6935 - val_loss: 0.0051 - val_f_mera: 0.6809
Epoch 210/500
 - 231s - loss: 0.0042 - f_mera: 0.6931 - val_loss: 0.0021 - val_f_mera: 0.6851
Epoch 211/500
 - 231s - loss: 0.0042 - f_mera: 0.6928 - val_loss: 0.0055 - val_f_mera: 0.6810
Epoch 212/500
 - 231s - loss: 0.0042 - f_mera: 0.6930 - val_loss: 0.0026 - val_f_mera: 0.6827
Epoch 213/500
 - 231s - loss: 0.0042 - f_mera: 0.6921 - val_loss: 0.0032 - val_f_mera: 0.6777
Epoch 214/500
 - 231s - loss: 0.0042 - f_mera: 0.6931 - val_loss: 0.0026 - val_f_mera: 0.6774
Epoch 215/500
 - 231s - loss: 0.0042 - f_mera: 0.6934 - val_loss: 0.0026 - val_f_mera: 0.6786
Epoch 216/500
 - 231s - loss: 0.0042 - f_mera: 0.6940 - val_loss: 0.0045 - val_f_mera: 0.6843
Epoch 217/500
 - 231s - loss: 0.0042 - f_mera: 0.6934 - val_loss: 0.0055 - val_f_mera: 0.6830
Epoch 218/500
 - 231s - loss: 0.0042 - f_mera: 0.6930 - val_loss: 0.0066 - val_f_mera: 0.6828
Epoch 219/500
 - 230s - loss: 0.0042 - f_mera: 0.6937 - val_loss: 0.0033 - val_f_mera: 0.6829
Epoch 220/500
 - 231s - loss: 0.0042 - f_mera: 0.6933 - val_loss: 0.0051 - val_f_mera: 0.6807
Epoch 221/500
 - 231s - loss: 0.0042 - f_mera: 0.6929 - val_loss: 0.0029 - val_f_mera: 0.6764
Epoch 222/500
 - 231s - loss: 0.0042 - f_mera: 0.6929 - val_loss: 0.0066 - val_f_mera: 0.6864
Epoch 223/500
 - 230s - loss: 0.0042 - f_mera: 0.6941 - val_loss: 0.0050 - val_f_mera: 0.6840
Epoch 224/500
 - 230s - loss: 0.0042 - f_mera: 0.6937 - val_loss: 0.0068 - val_f_mera: 0.6836
Epoch 225/500
 - 230s - loss: 0.0042 - f_mera: 0.6939 - val_loss: 0.0073 - val_f_mera: 0.6804
Epoch 226/500
 - 231s - loss: 0.0042 - f_mera: 0.6932 - val_loss: 0.0034 - val_f_mera: 0.6825
Epoch 227/500
 - 230s - loss: 0.0042 - f_mera: 0.6941 - val_loss: 0.0036 - val_f_mera: 0.6767
Epoch 228/500
 - 231s - loss: 0.0042 - f_mera: 0.6945 - val_loss: 0.0043 - val_f_mera: 0.6863
Epoch 229/500
 - 231s - loss: 0.0042 - f_mera: 0.6938 - val_loss: 0.0020 - val_f_mera: 0.6792
Epoch 230/500
 - 230s - loss: 0.0042 - f_mera: 0.6942 - val_loss: 0.0041 - val_f_mera: 0.6815
Epoch 231/500
 - 231s - loss: 0.0042 - f_mera: 0.6931 - val_loss: 0.0055 - val_f_mera: 0.6804
Epoch 232/500
 - 230s - loss: 0.0042 - f_mera: 0.6937 - val_loss: 0.0059 - val_f_mera: 0.6861
Epoch 233/500
 - 230s - loss: 0.0042 - f_mera: 0.6939 - val_loss: 0.0036 - val_f_mera: 0.6817
Epoch 234/500
 - 231s - loss: 0.0042 - f_mera: 0.6951 - val_loss: 0.0050 - val_f_mera: 0.6763
Epoch 235/500
 - 231s - loss: 0.0042 - f_mera: 0.6943 - val_loss: 0.0049 - val_f_mera: 0.6835
Epoch 236/500
 - 231s - loss: 0.0042 - f_mera: 0.6943 - val_loss: 0.0069 - val_f_mera: 0.6815
Epoch 237/500
 - 230s - loss: 0.0042 - f_mera: 0.6938 - val_loss: 0.0037 - val_f_mera: 0.6795
Epoch 238/500
 - 231s - loss: 0.0042 - f_mera: 0.6955 - val_loss: 0.0028 - val_f_mera: 0.6833
Epoch 239/500
 - 231s - loss: 0.0042 - f_mera: 0.6938 - val_loss: 0.0041 - val_f_mera: 0.6850
Epoch 240/500
 - 231s - loss: 0.0042 - f_mera: 0.6928 - val_loss: 0.0066 - val_f_mera: 0.6827
Epoch 241/500
 - 231s - loss: 0.0042 - f_mera: 0.6951 - val_loss: 0.0046 - val_f_mera: 0.6839
Epoch 242/500
 - 230s - loss: 0.0042 - f_mera: 0.6953 - val_loss: 0.0027 - val_f_mera: 0.6852
Epoch 243/500
 - 232s - loss: 0.0042 - f_mera: 0.6941 - val_loss: 0.0046 - val_f_mera: 0.6781
Epoch 244/500
 - 231s - loss: 0.0042 - f_mera: 0.6948 - val_loss: 0.0024 - val_f_mera: 0.6896
Epoch 245/500
 - 230s - loss: 0.0042 - f_mera: 0.6942 - val_loss: 0.0024 - val_f_mera: 0.6838
Epoch 246/500
 - 231s - loss: 0.0042 - f_mera: 0.6948 - val_loss: 0.0067 - val_f_mera: 0.6818
Epoch 247/500
 - 232s - loss: 0.0042 - f_mera: 0.6945 - val_loss: 0.0041 - val_f_mera: 0.6809
Epoch 248/500
 - 230s - loss: 0.0042 - f_mera: 0.6950 - val_loss: 0.0028 - val_f_mera: 0.6805
Epoch 249/500
 - 230s - loss: 0.0042 - f_mera: 0.6943 - val_loss: 0.0023 - val_f_mera: 0.6848
Epoch 250/500
 - 230s - loss: 0.0042 - f_mera: 0.6945 - val_loss: 0.0047 - val_f_mera: 0.6827
Epoch 251/500
 - 231s - loss: 0.0042 - f_mera: 0.6962 - val_loss: 0.0089 - val_f_mera: 0.6835
Epoch 252/500
 - 230s - loss: 0.0042 - f_mera: 0.6952 - val_loss: 0.0036 - val_f_mera: 0.6828
Epoch 253/500
 - 232s - loss: 0.0042 - f_mera: 0.6945 - val_loss: 0.0056 - val_f_mera: 0.6780
Epoch 254/500
 - 230s - loss: 0.0042 - f_mera: 0.6951 - val_loss: 0.0066 - val_f_mera: 0.6828
Epoch 255/500
 - 231s - loss: 0.0042 - f_mera: 0.6943 - val_loss: 0.0043 - val_f_mera: 0.6752
Epoch 256/500
 - 230s - loss: 0.0042 - f_mera: 0.6953 - val_loss: 0.0072 - val_f_mera: 0.6819
Epoch 257/500
 - 231s - loss: 0.0042 - f_mera: 0.6947 - val_loss: 0.0018 - val_f_mera: 0.6853
Epoch 258/500
 - 232s - loss: 0.0042 - f_mera: 0.6956 - val_loss: 0.0030 - val_f_mera: 0.6833
Epoch 259/500
 - 231s - loss: 0.0042 - f_mera: 0.6949 - val_loss: 0.0043 - val_f_mera: 0.6786
Epoch 260/500
 - 231s - loss: 0.0042 - f_mera: 0.6953 - val_loss: 0.0022 - val_f_mera: 0.6790
Epoch 261/500
 - 231s - loss: 0.0042 - f_mera: 0.6942 - val_loss: 0.0040 - val_f_mera: 0.6857
Epoch 262/500
 - 230s - loss: 0.0042 - f_mera: 0.6960 - val_loss: 0.0033 - val_f_mera: 0.6862
Epoch 263/500
 - 230s - loss: 0.0042 - f_mera: 0.6960 - val_loss: 0.0057 - val_f_mera: 0.6798
Epoch 264/500
 - 232s - loss: 0.0042 - f_mera: 0.6954 - val_loss: 0.0051 - val_f_mera: 0.6830
Epoch 265/500
 - 230s - loss: 0.0042 - f_mera: 0.6950 - val_loss: 0.0037 - val_f_mera: 0.6830
Epoch 266/500
 - 230s - loss: 0.0042 - f_mera: 0.6961 - val_loss: 0.0040 - val_f_mera: 0.6817
Epoch 267/500
 - 231s - loss: 0.0042 - f_mera: 0.6955 - val_loss: 0.0029 - val_f_mera: 0.6832
Epoch 268/500
 - 232s - loss: 0.0042 - f_mera: 0.6957 - val_loss: 0.0025 - val_f_mera: 0.6773
Epoch 269/500
 - 230s - loss: 0.0042 - f_mera: 0.6954 - val_loss: 0.0068 - val_f_mera: 0.6838
Epoch 270/500
 - 230s - loss: 0.0042 - f_mera: 0.6959 - val_loss: 0.0067 - val_f_mera: 0.6778
Epoch 271/500
 - 231s - loss: 0.0042 - f_mera: 0.6954 - val_loss: 0.0057 - val_f_mera: 0.6850
Epoch 272/500
 - 231s - loss: 0.0042 - f_mera: 0.6948 - val_loss: 0.0029 - val_f_mera: 0.6766
Epoch 273/500
 - 229s - loss: 0.0042 - f_mera: 0.6949 - val_loss: 0.0085 - val_f_mera: 0.6796
Epoch 274/500
 - 231s - loss: 0.0042 - f_mera: 0.6961 - val_loss: 0.0019 - val_f_mera: 0.6844
Epoch 275/500
 - 230s - loss: 0.0042 - f_mera: 0.6966 - val_loss: 0.0050 - val_f_mera: 0.6781
Epoch 276/500
 - 230s - loss: 0.0042 - f_mera: 0.6950 - val_loss: 0.0053 - val_f_mera: 0.6852
Epoch 277/500
 - 230s - loss: 0.0042 - f_mera: 0.6952 - val_loss: 0.0076 - val_f_mera: 0.6798
Epoch 278/500
 - 230s - loss: 0.0042 - f_mera: 0.6958 - val_loss: 0.0022 - val_f_mera: 0.6861
Epoch 279/500
 - 231s - loss: 0.0042 - f_mera: 0.6954 - val_loss: 0.0057 - val_f_mera: 0.6807
Epoch 280/500
 - 230s - loss: 0.0042 - f_mera: 0.6964 - val_loss: 0.0058 - val_f_mera: 0.6865
Epoch 281/500
 - 230s - loss: 0.0042 - f_mera: 0.6958 - val_loss: 0.0056 - val_f_mera: 0.6791
Epoch 282/500
 - 231s - loss: 0.0042 - f_mera: 0.6966 - val_loss: 0.0034 - val_f_mera: 0.6852
Epoch 283/500
 - 231s - loss: 0.0042 - f_mera: 0.6970 - val_loss: 0.0059 - val_f_mera: 0.6845
Epoch 284/500
 - 231s - loss: 0.0042 - f_mera: 0.6961 - val_loss: 0.0043 - val_f_mera: 0.6800
Epoch 285/500
 - 230s - loss: 0.0042 - f_mera: 0.6960 - val_loss: 0.0059 - val_f_mera: 0.6861
Epoch 286/500
 - 230s - loss: 0.0042 - f_mera: 0.6969 - val_loss: 0.0039 - val_f_mera: 0.6858
Epoch 287/500
 - 231s - loss: 0.0042 - f_mera: 0.6972 - val_loss: 0.0016 - val_f_mera: 0.6777
Epoch 288/500
 - 231s - loss: 0.0042 - f_mera: 0.6953 - val_loss: 0.0055 - val_f_mera: 0.6816
Epoch 289/500
 - 231s - loss: 0.0042 - f_mera: 0.6966 - val_loss: 0.0057 - val_f_mera: 0.6879
Epoch 290/500
 - 230s - loss: 0.0042 - f_mera: 0.6970 - val_loss: 0.0043 - val_f_mera: 0.6801
Epoch 291/500
 - 230s - loss: 0.0042 - f_mera: 0.6959 - val_loss: 0.0054 - val_f_mera: 0.6871
Epoch 292/500
 - 230s - loss: 0.0042 - f_mera: 0.6974 - val_loss: 0.0039 - val_f_mera: 0.6872
Epoch 293/500
 - 230s - loss: 0.0042 - f_mera: 0.6964 - val_loss: 0.0040 - val_f_mera: 0.6895
Epoch 294/500
 - 230s - loss: 0.0042 - f_mera: 0.6968 - val_loss: 0.0048 - val_f_mera: 0.6822
Epoch 295/500
 - 231s - loss: 0.0042 - f_mera: 0.6967 - val_loss: 0.0057 - val_f_mera: 0.6808
Epoch 296/500
 - 230s - loss: 0.0042 - f_mera: 0.6969 - val_loss: 0.0035 - val_f_mera: 0.6864
Epoch 297/500
 - 231s - loss: 0.0042 - f_mera: 0.6965 - val_loss: 0.0056 - val_f_mera: 0.6823
Epoch 298/500
 - 231s - loss: 0.0042 - f_mera: 0.6954 - val_loss: 0.0024 - val_f_mera: 0.6835
Epoch 299/500
 - 231s - loss: 0.0042 - f_mera: 0.6967 - val_loss: 0.0057 - val_f_mera: 0.6873
Epoch 300/500
 - 231s - loss: 0.0042 - f_mera: 0.6966 - val_loss: 0.0052 - val_f_mera: 0.6847
Epoch 301/500
 - 230s - loss: 0.0042 - f_mera: 0.6961 - val_loss: 0.0046 - val_f_mera: 0.6846
Epoch 302/500
 - 231s - loss: 0.0042 - f_mera: 0.6967 - val_loss: 0.0026 - val_f_mera: 0.6798
Epoch 303/500
 - 231s - loss: 0.0042 - f_mera: 0.6972 - val_loss: 0.0035 - val_f_mera: 0.6862
Epoch 304/500
 - 231s - loss: 0.0042 - f_mera: 0.6971 - val_loss: 0.0054 - val_f_mera: 0.6854
Epoch 305/500
 - 230s - loss: 0.0042 - f_mera: 0.6953 - val_loss: 0.0031 - val_f_mera: 0.6852
Epoch 306/500
 - 231s - loss: 0.0042 - f_mera: 0.6971 - val_loss: 0.0041 - val_f_mera: 0.6865
Epoch 307/500
 - 231s - loss: 0.0042 - f_mera: 0.6962 - val_loss: 0.0039 - val_f_mera: 0.6817
Epoch 308/500
 - 231s - loss: 0.0042 - f_mera: 0.6973 - val_loss: 0.0042 - val_f_mera: 0.6815
Epoch 309/500
 - 231s - loss: 0.0042 - f_mera: 0.6958 - val_loss: 0.0063 - val_f_mera: 0.6825
Epoch 310/500
 - 231s - loss: 0.0042 - f_mera: 0.6973 - val_loss: 0.0056 - val_f_mera: 0.6823
Epoch 311/500
 - 230s - loss: 0.0042 - f_mera: 0.6964 - val_loss: 0.0053 - val_f_mera: 0.6845
Epoch 312/500
 - 231s - loss: 0.0041 - f_mera: 0.6985 - val_loss: 0.0082 - val_f_mera: 0.6679
Epoch 313/500
 - 231s - loss: 0.0042 - f_mera: 0.6973 - val_loss: 0.0044 - val_f_mera: 0.6836
Epoch 314/500
 - 231s - loss: 0.0042 - f_mera: 0.6970 - val_loss: 0.0027 - val_f_mera: 0.6876
Epoch 315/500
 - 231s - loss: 0.0042 - f_mera: 0.6974 - val_loss: 0.0050 - val_f_mera: 0.6816
Epoch 316/500
 - 231s - loss: 0.0042 - f_mera: 0.6961 - val_loss: 0.0026 - val_f_mera: 0.6849
Epoch 317/500
 - 231s - loss: 0.0041 - f_mera: 0.6981 - val_loss: 0.0065 - val_f_mera: 0.6854
Epoch 318/500
 - 231s - loss: 0.0042 - f_mera: 0.6971 - val_loss: 0.0039 - val_f_mera: 0.6783
Epoch 319/500
 - 231s - loss: 0.0042 - f_mera: 0.6974 - val_loss: 0.0047 - val_f_mera: 0.6859
Epoch 320/500
 - 231s - loss: 0.0042 - f_mera: 0.6974 - val_loss: 0.0027 - val_f_mera: 0.6803
Epoch 321/500
 - 230s - loss: 0.0041 - f_mera: 0.6990 - val_loss: 0.0044 - val_f_mera: 0.6862
Epoch 322/500
 - 231s - loss: 0.0042 - f_mera: 0.6976 - val_loss: 0.0051 - val_f_mera: 0.6856
Epoch 323/500
 - 231s - loss: 0.0042 - f_mera: 0.6963 - val_loss: 0.0041 - val_f_mera: 0.6857
Epoch 324/500
 - 230s - loss: 0.0041 - f_mera: 0.6980 - val_loss: 0.0026 - val_f_mera: 0.6851
Epoch 325/500
 - 231s - loss: 0.0041 - f_mera: 0.6980 - val_loss: 0.0059 - val_f_mera: 0.6836
Epoch 326/500
 - 230s - loss: 0.0042 - f_mera: 0.6967 - val_loss: 0.0028 - val_f_mera: 0.6790
Epoch 327/500
 - 231s - loss: 0.0041 - f_mera: 0.6985 - val_loss: 0.0026 - val_f_mera: 0.6876
Epoch 328/500
 - 231s - loss: 0.0042 - f_mera: 0.6962 - val_loss: 0.0062 - val_f_mera: 0.6750
Epoch 329/500
 - 231s - loss: 0.0042 - f_mera: 0.6979 - val_loss: 0.0050 - val_f_mera: 0.6853
Epoch 330/500
 - 231s - loss: 0.0041 - f_mera: 0.6985 - val_loss: 0.0041 - val_f_mera: 0.6837
Epoch 331/500
 - 231s - loss: 0.0042 - f_mera: 0.6969 - val_loss: 0.0084 - val_f_mera: 0.6870
Epoch 332/500
 - 230s - loss: 0.0041 - f_mera: 0.6986 - val_loss: 0.0055 - val_f_mera: 0.6826
Epoch 333/500
 - 231s - loss: 0.0041 - f_mera: 0.6978 - val_loss: 0.0040 - val_f_mera: 0.6875
Epoch 334/500
 - 231s - loss: 0.0042 - f_mera: 0.6971 - val_loss: 0.0035 - val_f_mera: 0.6810
Epoch 335/500
 - 230s - loss: 0.0041 - f_mera: 0.6979 - val_loss: 0.0037 - val_f_mera: 0.6861
Epoch 336/500
 - 231s - loss: 0.0041 - f_mera: 0.6982 - val_loss: 0.0043 - val_f_mera: 0.6849
Epoch 337/500
 - 231s - loss: 0.0042 - f_mera: 0.6976 - val_loss: 0.0026 - val_f_mera: 0.6855
Epoch 338/500
 - 231s - loss: 0.0042 - f_mera: 0.6977 - val_loss: 0.0038 - val_f_mera: 0.6888
Epoch 339/500
 - 231s - loss: 0.0041 - f_mera: 0.6985 - val_loss: 0.0026 - val_f_mera: 0.6864
Epoch 340/500
 - 231s - loss: 0.0041 - f_mera: 0.6982 - val_loss: 0.0065 - val_f_mera: 0.6854
Epoch 341/500
 - 231s - loss: 0.0042 - f_mera: 0.6972 - val_loss: 0.0075 - val_f_mera: 0.6844
Epoch 342/500
 - 230s - loss: 0.0041 - f_mera: 0.6975 - val_loss: 0.0043 - val_f_mera: 0.6893
Epoch 343/500
 - 231s - loss: 0.0041 - f_mera: 0.6991 - val_loss: 0.0031 - val_f_mera: 0.6811
Epoch 344/500
 - 230s - loss: 0.0042 - f_mera: 0.6977 - val_loss: 0.0041 - val_f_mera: 0.6830
Epoch 345/500
 - 231s - loss: 0.0042 - f_mera: 0.6971 - val_loss: 0.0070 - val_f_mera: 0.6891
Epoch 346/500
 - 230s - loss: 0.0041 - f_mera: 0.6986 - val_loss: 0.0039 - val_f_mera: 0.6890
Epoch 347/500
 - 231s - loss: 0.0041 - f_mera: 0.6989 - val_loss: 0.0023 - val_f_mera: 0.6808
Epoch 348/500
 - 231s - loss: 0.0041 - f_mera: 0.6979 - val_loss: 0.0052 - val_f_mera: 0.6823
Epoch 349/500
 - 231s - loss: 0.0041 - f_mera: 0.6981 - val_loss: 0.0041 - val_f_mera: 0.6858
Epoch 350/500
 - 230s - loss: 0.0042 - f_mera: 0.6973 - val_loss: 0.0043 - val_f_mera: 0.6820
Epoch 351/500
 - 232s - loss: 0.0041 - f_mera: 0.6980 - val_loss: 0.0056 - val_f_mera: 0.6822
Epoch 352/500
 - 230s - loss: 0.0041 - f_mera: 0.6981 - val_loss: 0.0040 - val_f_mera: 0.6829
Epoch 353/500
 - 231s - loss: 0.0041 - f_mera: 0.6995 - val_loss: 0.0064 - val_f_mera: 0.6855
Epoch 354/500
 - 230s - loss: 0.0041 - f_mera: 0.6979 - val_loss: 0.0060 - val_f_mera: 0.6815
Epoch 355/500
 - 231s - loss: 0.0041 - f_mera: 0.6980 - val_loss: 0.0040 - val_f_mera: 0.6827
Epoch 356/500
 - 231s - loss: 0.0041 - f_mera: 0.6985 - val_loss: 0.0058 - val_f_mera: 0.6874
Epoch 357/500
 - 230s - loss: 0.0041 - f_mera: 0.6990 - val_loss: 0.0050 - val_f_mera: 0.6811
Epoch 358/500
 - 231s - loss: 0.0041 - f_mera: 0.6991 - val_loss: 0.0042 - val_f_mera: 0.6872
Epoch 359/500
 - 231s - loss: 0.0041 - f_mera: 0.6980 - val_loss: 0.0031 - val_f_mera: 0.6854
Epoch 360/500
 - 230s - loss: 0.0041 - f_mera: 0.6977 - val_loss: 0.0049 - val_f_mera: 0.6801
Epoch 361/500
 - 232s - loss: 0.0041 - f_mera: 0.6981 - val_loss: 0.0034 - val_f_mera: 0.6866
Epoch 362/500
 - 230s - loss: 0.0041 - f_mera: 0.6990 - val_loss: 0.0044 - val_f_mera: 0.6790
Epoch 363/500
 - 231s - loss: 0.0041 - f_mera: 0.6996 - val_loss: 0.0050 - val_f_mera: 0.6815
Epoch 364/500
 - 231s - loss: 0.0041 - f_mera: 0.6983 - val_loss: 0.0038 - val_f_mera: 0.6848
Epoch 365/500
 - 231s - loss: 0.0041 - f_mera: 0.6996 - val_loss: 0.0064 - val_f_mera: 0.6886
Epoch 366/500
 - 230s - loss: 0.0041 - f_mera: 0.6976 - val_loss: 0.0046 - val_f_mera: 0.6800
Epoch 367/500
 - 231s - loss: 0.0041 - f_mera: 0.6977 - val_loss: 0.0037 - val_f_mera: 0.6838
Epoch 368/500
 - 231s - loss: 0.0041 - f_mera: 0.6988 - val_loss: 0.0039 - val_f_mera: 0.6845
Epoch 369/500
 - 231s - loss: 0.0041 - f_mera: 0.7003 - val_loss: 0.0053 - val_f_mera: 0.6840
Epoch 370/500
 - 231s - loss: 0.0041 - f_mera: 0.6986 - val_loss: 0.0025 - val_f_mera: 0.6854
Epoch 371/500
 - 231s - loss: 0.0041 - f_mera: 0.6993 - val_loss: 0.0064 - val_f_mera: 0.6891
Epoch 372/500
 - 231s - loss: 0.0041 - f_mera: 0.6986 - val_loss: 0.0064 - val_f_mera: 0.6796
Epoch 373/500
 - 231s - loss: 0.0041 - f_mera: 0.6990 - val_loss: 0.0040 - val_f_mera: 0.6790
Epoch 374/500
 - 231s - loss: 0.0041 - f_mera: 0.6975 - val_loss: 0.0077 - val_f_mera: 0.6853
Epoch 375/500
 - 231s - loss: 0.0041 - f_mera: 0.6994 - val_loss: 0.0048 - val_f_mera: 0.6875
Epoch 376/500
 - 230s - loss: 0.0041 - f_mera: 0.6997 - val_loss: 0.0036 - val_f_mera: 0.6795
Epoch 377/500
 - 231s - loss: 0.0041 - f_mera: 0.6982 - val_loss: 0.0044 - val_f_mera: 0.6856
Epoch 378/500
 - 230s - loss: 0.0041 - f_mera: 0.6987 - val_loss: 0.0058 - val_f_mera: 0.6810
Epoch 379/500
 - 231s - loss: 0.0041 - f_mera: 0.6996 - val_loss: 0.0059 - val_f_mera: 0.6790
Epoch 380/500
 - 231s - loss: 0.0041 - f_mera: 0.6989 - val_loss: 0.0057 - val_f_mera: 0.6890
Epoch 381/500
 - 230s - loss: 0.0041 - f_mera: 0.7000 - val_loss: 0.0031 - val_f_mera: 0.6880
Epoch 382/500
 - 231s - loss: 0.0041 - f_mera: 0.6987 - val_loss: 0.0045 - val_f_mera: 0.6843
Epoch 383/500
 - 231s - loss: 0.0041 - f_mera: 0.6983 - val_loss: 0.0047 - val_f_mera: 0.6891
Epoch 384/500
 - 231s - loss: 0.0041 - f_mera: 0.7003 - val_loss: 0.0027 - val_f_mera: 0.6836
Epoch 385/500
 - 231s - loss: 0.0041 - f_mera: 0.6993 - val_loss: 0.0054 - val_f_mera: 0.6771
Epoch 386/500
 - 230s - loss: 0.0041 - f_mera: 0.7003 - val_loss: 0.0045 - val_f_mera: 0.6867
Epoch 387/500
 - 231s - loss: 0.0041 - f_mera: 0.6983 - val_loss: 0.0031 - val_f_mera: 0.6879
Epoch 388/500
 - 231s - loss: 0.0041 - f_mera: 0.7000 - val_loss: 0.0039 - val_f_mera: 0.6848
Epoch 389/500
 - 230s - loss: 0.0041 - f_mera: 0.6994 - val_loss: 0.0064 - val_f_mera: 0.6830
Epoch 390/500
 - 231s - loss: 0.0041 - f_mera: 0.7001 - val_loss: 0.0038 - val_f_mera: 0.6856
Epoch 391/500
 - 230s - loss: 0.0041 - f_mera: 0.6979 - val_loss: 0.0030 - val_f_mera: 0.6818
Epoch 392/500
 - 231s - loss: 0.0041 - f_mera: 0.6993 - val_loss: 0.0052 - val_f_mera: 0.6782
Epoch 393/500
 - 231s - loss: 0.0041 - f_mera: 0.6995 - val_loss: 0.0040 - val_f_mera: 0.6884
Epoch 394/500
 - 231s - loss: 0.0041 - f_mera: 0.7004 - val_loss: 0.0033 - val_f_mera: 0.6903
Epoch 395/500
 - 231s - loss: 0.0041 - f_mera: 0.6986 - val_loss: 0.0060 - val_f_mera: 0.6892
Epoch 396/500
 - 230s - loss: 0.0041 - f_mera: 0.7001 - val_loss: 0.0040 - val_f_mera: 0.6799
Epoch 397/500
 - 231s - loss: 0.0041 - f_mera: 0.6993 - val_loss: 0.0046 - val_f_mera: 0.6864
Epoch 398/500
 - 230s - loss: 0.0041 - f_mera: 0.6998 - val_loss: 0.0023 - val_f_mera: 0.6885
Epoch 399/500
 - 231s - loss: 0.0041 - f_mera: 0.7001 - val_loss: 0.0025 - val_f_mera: 0.6829
Epoch 400/500
 - 231s - loss: 0.0041 - f_mera: 0.6978 - val_loss: 0.0042 - val_f_mera: 0.6848
Epoch 401/500
 - 231s - loss: 0.0041 - f_mera: 0.7002 - val_loss: 0.0045 - val_f_mera: 0.6880
Epoch 402/500
 - 231s - loss: 0.0041 - f_mera: 0.7013 - val_loss: 0.0064 - val_f_mera: 0.6915
Epoch 403/500
 - 231s - loss: 0.0041 - f_mera: 0.6995 - val_loss: 0.0046 - val_f_mera: 0.6835
Epoch 404/500
 - 231s - loss: 0.0041 - f_mera: 0.7001 - val_loss: 0.0032 - val_f_mera: 0.6848
Epoch 405/500
 - 231s - loss: 0.0041 - f_mera: 0.6997 - val_loss: 0.0029 - val_f_mera: 0.6855
Epoch 406/500
 - 231s - loss: 0.0041 - f_mera: 0.6994 - val_loss: 0.0049 - val_f_mera: 0.6858
Epoch 407/500
 - 231s - loss: 0.0041 - f_mera: 0.6990 - val_loss: 0.0060 - val_f_mera: 0.6850
Epoch 408/500
 - 231s - loss: 0.0041 - f_mera: 0.6995 - val_loss: 0.0048 - val_f_mera: 0.6906
Epoch 409/500
 - 231s - loss: 0.0041 - f_mera: 0.6998 - val_loss: 0.0035 - val_f_mera: 0.6882
Epoch 410/500
 - 231s - loss: 0.0041 - f_mera: 0.7002 - val_loss: 0.0049 - val_f_mera: 0.6864
Epoch 411/500
 - 231s - loss: 0.0041 - f_mera: 0.6995 - val_loss: 0.0029 - val_f_mera: 0.6842
Epoch 412/500
 - 230s - loss: 0.0041 - f_mera: 0.7014 - val_loss: 0.0057 - val_f_mera: 0.6866
Epoch 413/500
 - 231s - loss: 0.0041 - f_mera: 0.6985 - val_loss: 0.0032 - val_f_mera: 0.6873
Epoch 414/500
 - 231s - loss: 0.0041 - f_mera: 0.7002 - val_loss: 0.0032 - val_f_mera: 0.6848
Epoch 415/500
 - 231s - loss: 0.0041 - f_mera: 0.6997 - val_loss: 0.0054 - val_f_mera: 0.6862
Epoch 416/500
 - 230s - loss: 0.0041 - f_mera: 0.6997 - val_loss: 0.0036 - val_f_mera: 0.6847
Epoch 417/500
 - 231s - loss: 0.0041 - f_mera: 0.7001 - val_loss: 0.0053 - val_f_mera: 0.6840
Epoch 418/500
 - 231s - loss: 0.0041 - f_mera: 0.7007 - val_loss: 0.0066 - val_f_mera: 0.6830
Epoch 419/500
 - 230s - loss: 0.0041 - f_mera: 0.7013 - val_loss: 0.0036 - val_f_mera: 0.6835
Epoch 420/500
 - 231s - loss: 0.0041 - f_mera: 0.6995 - val_loss: 0.0032 - val_f_mera: 0.6906
Epoch 421/500
 - 230s - loss: 0.0041 - f_mera: 0.6998 - val_loss: 0.0051 - val_f_mera: 0.6873
Epoch 422/500
 - 230s - loss: 0.0041 - f_mera: 0.7014 - val_loss: 0.0034 - val_f_mera: 0.6865
Epoch 423/500
 - 231s - loss: 0.0041 - f_mera: 0.7005 - val_loss: 0.0036 - val_f_mera: 0.6857
Epoch 424/500
 - 230s - loss: 0.0041 - f_mera: 0.6986 - val_loss: 0.0055 - val_f_mera: 0.6810
Epoch 425/500
 - 231s - loss: 0.0041 - f_mera: 0.7009 - val_loss: 0.0060 - val_f_mera: 0.6862
Epoch 426/500
 - 230s - loss: 0.0041 - f_mera: 0.7001 - val_loss: 0.0041 - val_f_mera: 0.6890
Epoch 427/500
 - 231s - loss: 0.0041 - f_mera: 0.6992 - val_loss: 0.0050 - val_f_mera: 0.6843
Epoch 428/500
 - 230s - loss: 0.0041 - f_mera: 0.6995 - val_loss: 0.0034 - val_f_mera: 0.6843
Epoch 429/500
 - 231s - loss: 0.0041 - f_mera: 0.7018 - val_loss: 0.0066 - val_f_mera: 0.6818
Epoch 430/500
 - 231s - loss: 0.0041 - f_mera: 0.6990 - val_loss: 0.0045 - val_f_mera: 0.6873
Epoch 431/500
 - 231s - loss: 0.0041 - f_mera: 0.7010 - val_loss: 0.0062 - val_f_mera: 0.6866
Epoch 432/500
 - 231s - loss: 0.0041 - f_mera: 0.7003 - val_loss: 0.0046 - val_f_mera: 0.6818
Epoch 433/500
 - 230s - loss: 0.0041 - f_mera: 0.6999 - val_loss: 0.0057 - val_f_mera: 0.6880
Epoch 434/500
 - 231s - loss: 0.0041 - f_mera: 0.7007 - val_loss: 0.0053 - val_f_mera: 0.6866
Epoch 435/500
 - 230s - loss: 0.0041 - f_mera: 0.7013 - val_loss: 0.0044 - val_f_mera: 0.6816
Epoch 436/500
 - 231s - loss: 0.0041 - f_mera: 0.7003 - val_loss: 0.0035 - val_f_mera: 0.6896
Epoch 437/500
 - 231s - loss: 0.0041 - f_mera: 0.7001 - val_loss: 0.0037 - val_f_mera: 0.6881
Epoch 438/500
 - 231s - loss: 0.0041 - f_mera: 0.7004 - val_loss: 0.0024 - val_f_mera: 0.6842
Epoch 439/500
 - 230s - loss: 0.0041 - f_mera: 0.7013 - val_loss: 0.0058 - val_f_mera: 0.6884
Epoch 440/500
 - 231s - loss: 0.0041 - f_mera: 0.7004 - val_loss: 0.0057 - val_f_mera: 0.6814
Epoch 441/500
 - 231s - loss: 0.0041 - f_mera: 0.6996 - val_loss: 0.0019 - val_f_mera: 0.6853
Epoch 442/500
 - 230s - loss: 0.0041 - f_mera: 0.7005 - val_loss: 0.0048 - val_f_mera: 0.6843
Epoch 443/500
 - 231s - loss: 0.0041 - f_mera: 0.6994 - val_loss: 0.0043 - val_f_mera: 0.6891
Epoch 444/500
 - 231s - loss: 0.0041 - f_mera: 0.7009 - val_loss: 0.0033 - val_f_mera: 0.6869
Epoch 445/500
 - 230s - loss: 0.0041 - f_mera: 0.7013 - val_loss: 0.0035 - val_f_mera: 0.6847
Epoch 446/500
 - 231s - loss: 0.0041 - f_mera: 0.7009 - val_loss: 0.0045 - val_f_mera: 0.6837
Epoch 447/500
 - 231s - loss: 0.0041 - f_mera: 0.7006 - val_loss: 0.0040 - val_f_mera: 0.6864
Epoch 448/500
 - 230s - loss: 0.0041 - f_mera: 0.7005 - val_loss: 0.0021 - val_f_mera: 0.6835
Epoch 449/500
 - 231s - loss: 0.0041 - f_mera: 0.7013 - val_loss: 0.0044 - val_f_mera: 0.6870
Epoch 450/500
 - 230s - loss: 0.0041 - f_mera: 0.6993 - val_loss: 0.0040 - val_f_mera: 0.6838
Epoch 451/500
 - 231s - loss: 0.0041 - f_mera: 0.7013 - val_loss: 0.0050 - val_f_mera: 0.6908
Epoch 452/500
 - 230s - loss: 0.0041 - f_mera: 0.7012 - val_loss: 0.0039 - val_f_mera: 0.6833
Epoch 453/500
 - 231s - loss: 0.0041 - f_mera: 0.7006 - val_loss: 0.0025 - val_f_mera: 0.6896
Epoch 454/500
 - 231s - loss: 0.0041 - f_mera: 0.7012 - val_loss: 0.0042 - val_f_mera: 0.6844
Epoch 455/500
 - 230s - loss: 0.0041 - f_mera: 0.7012 - val_loss: 0.0049 - val_f_mera: 0.6893
Epoch 456/500
 - 231s - loss: 0.0041 - f_mera: 0.7018 - val_loss: 0.0027 - val_f_mera: 0.6830
Epoch 457/500
 - 231s - loss: 0.0041 - f_mera: 0.7003 - val_loss: 0.0041 - val_f_mera: 0.6910
Epoch 458/500
 - 231s - loss: 0.0041 - f_mera: 0.6995 - val_loss: 0.0023 - val_f_mera: 0.6871
Epoch 459/500
 - 231s - loss: 0.0041 - f_mera: 0.7027 - val_loss: 0.0038 - val_f_mera: 0.6843
Epoch 460/500
 - 231s - loss: 0.0041 - f_mera: 0.7006 - val_loss: 0.0053 - val_f_mera: 0.6885
Epoch 461/500
 - 230s - loss: 0.0041 - f_mera: 0.7019 - val_loss: 0.0055 - val_f_mera: 0.6871
Epoch 462/500
 - 231s - loss: 0.0041 - f_mera: 0.7007 - val_loss: 0.0034 - val_f_mera: 0.6877
Epoch 463/500
 - 231s - loss: 0.0041 - f_mera: 0.6998 - val_loss: 0.0041 - val_f_mera: 0.6857
Epoch 464/500
 - 230s - loss: 0.0041 - f_mera: 0.7009 - val_loss: 0.0049 - val_f_mera: 0.6869
Epoch 465/500
 - 231s - loss: 0.0041 - f_mera: 0.7021 - val_loss: 0.0038 - val_f_mera: 0.6865
Epoch 466/500
 - 230s - loss: 0.0041 - f_mera: 0.6997 - val_loss: 0.0034 - val_f_mera: 0.6882
Epoch 467/500
 - 231s - loss: 0.0041 - f_mera: 0.7016 - val_loss: 0.0027 - val_f_mera: 0.6847
Epoch 468/500
 - 230s - loss: 0.0041 - f_mera: 0.7020 - val_loss: 0.0050 - val_f_mera: 0.6814
Epoch 469/500
 - 231s - loss: 0.0041 - f_mera: 0.7013 - val_loss: 0.0033 - val_f_mera: 0.6895
Epoch 470/500
 - 232s - loss: 0.0041 - f_mera: 0.7004 - val_loss: 0.0036 - val_f_mera: 0.6828
Epoch 471/500
 - 230s - loss: 0.0041 - f_mera: 0.7017 - val_loss: 0.0040 - val_f_mera: 0.6872
Epoch 472/500
 - 231s - loss: 0.0041 - f_mera: 0.7008 - val_loss: 0.0041 - val_f_mera: 0.6884
Epoch 473/500
 - 231s - loss: 0.0041 - f_mera: 0.7017 - val_loss: 0.0052 - val_f_mera: 0.6833
Epoch 474/500
 - 231s - loss: 0.0041 - f_mera: 0.7004 - val_loss: 0.0038 - val_f_mera: 0.6893
Epoch 475/500
 - 230s - loss: 0.0041 - f_mera: 0.7015 - val_loss: 0.0080 - val_f_mera: 0.6841
Epoch 476/500
 - 231s - loss: 0.0041 - f_mera: 0.7012 - val_loss: 0.0040 - val_f_mera: 0.6898
Epoch 477/500
 - 232s - loss: 0.0041 - f_mera: 0.7016 - val_loss: 0.0058 - val_f_mera: 0.6845
Epoch 478/500
 - 230s - loss: 0.0041 - f_mera: 0.7026 - val_loss: 0.0046 - val_f_mera: 0.6821
Epoch 479/500
 - 231s - loss: 0.0041 - f_mera: 0.7020 - val_loss: 0.0043 - val_f_mera: 0.6877
Epoch 480/500
 - 231s - loss: 0.0041 - f_mera: 0.7001 - val_loss: 0.0049 - val_f_mera: 0.6826
Epoch 481/500
 - 231s - loss: 0.0041 - f_mera: 0.7016 - val_loss: 0.0042 - val_f_mera: 0.6875
Epoch 482/500
 - 230s - loss: 0.0041 - f_mera: 0.7026 - val_loss: 0.0040 - val_f_mera: 0.6843
Epoch 483/500
 - 231s - loss: 0.0041 - f_mera: 0.7015 - val_loss: 0.0035 - val_f_mera: 0.6881
Epoch 484/500
 - 231s - loss: 0.0041 - f_mera: 0.7011 - val_loss: 0.0023 - val_f_mera: 0.6849
Epoch 485/500
 - 231s - loss: 0.0041 - f_mera: 0.7004 - val_loss: 0.0028 - val_f_mera: 0.6874
Epoch 486/500
 - 230s - loss: 0.0041 - f_mera: 0.7022 - val_loss: 0.0040 - val_f_mera: 0.6861
Epoch 487/500
 - 231s - loss: 0.0041 - f_mera: 0.7011 - val_loss: 0.0023 - val_f_mera: 0.6871
Epoch 488/500
 - 231s - loss: 0.0041 - f_mera: 0.7011 - val_loss: 0.0037 - val_f_mera: 0.6837
Epoch 489/500
 - 231s - loss: 0.0041 - f_mera: 0.7016 - val_loss: 0.0060 - val_f_mera: 0.6888
Epoch 490/500
 - 231s - loss: 0.0041 - f_mera: 0.7015 - val_loss: 0.0052 - val_f_mera: 0.6871
Epoch 491/500
 - 230s - loss: 0.0041 - f_mera: 0.7031 - val_loss: 0.0024 - val_f_mera: 0.6879
Epoch 492/500
 - 230s - loss: 0.0041 - f_mera: 0.7014 - val_loss: 0.0046 - val_f_mera: 0.6842
Epoch 493/500
 - 231s - loss: 0.0041 - f_mera: 0.7006 - val_loss: 0.0039 - val_f_mera: 0.6870
Epoch 494/500
 - 230s - loss: 0.0041 - f_mera: 0.7024 - val_loss: 0.0042 - val_f_mera: 0.6840
Epoch 495/500
 - 231s - loss: 0.0041 - f_mera: 0.7020 - val_loss: 0.0065 - val_f_mera: 0.6870
Epoch 496/500
 - 230s - loss: 0.0041 - f_mera: 0.7002 - val_loss: 0.0031 - val_f_mera: 0.6877
Epoch 497/500
 - 231s - loss: 0.0041 - f_mera: 0.7030 - val_loss: 0.0081 - val_f_mera: 0.6859
Epoch 498/500
 - 230s - loss: 0.0041 - f_mera: 0.7017 - val_loss: 0.0026 - val_f_mera: 0.6911
Epoch 499/500
 - 231s - loss: 0.0041 - f_mera: 0.7003 - val_loss: 0.0044 - val_f_mera: 0.6885
Epoch 500/500
 - 231s - loss: 0.0041 - f_mera: 0.7018 - val_loss: 0.0049 - val_f_mera: 0.6873
