epoch,f_mera,loss,val_f_mera,val_loss
0,0.63997614,0.1750788778035159,0.6147000789642334,0.16662514209747314
1,0.63754225,0.17420750287929912,0.6152870655059814,0.43091708421707153
2,0.6364552,0.17391168914194388,0.5942122340202332,0.3031574785709381
3,0.63614815,0.17372129449031826,0.6138812899589539,0.2245626300573349
4,0.6367234,0.1734875096306916,0.604955792427063,0.1546442210674286
5,0.63658,0.17343071608467106,0.6149368286132812,0.08902017772197723
6,0.6360007,0.17340467896698936,0.6118619441986084,0.30195721983909607
7,0.6361361,0.1732439094433945,0.6094821691513062,0.16283804178237915
8,0.63623023,0.17315778706486243,0.612284243106842,0.25058892369270325
9,0.6365081,0.17297692046221097,0.6119726896286011,0.2242656648159027
10,0.6361557,0.17312314186115216,0.6134783625602722,0.309240460395813
11,0.63675815,0.17271280352144552,0.6111993193626404,0.142783522605896
12,0.6364021,0.17276906249442864,0.610105574131012,0.1838265359401703
13,0.63685906,0.1725226422861286,0.6056972146034241,0.26955750584602356
14,0.636947,0.17247298440922643,0.6190173029899597,0.1443355828523636
15,0.63698155,0.17240706786712678,0.6122229099273682,0.23172473907470703
16,0.636807,0.17236303176790327,0.6158607006072998,0.2642787992954254
17,0.6367795,0.17226915767419565,0.6153637766838074,0.15119142830371857
18,0.6369349,0.17231488731175199,0.6117602586746216,0.18083861470222473
19,0.6369338,0.17219243422902547,0.6115286350250244,0.16333159804344177
20,0.63687754,0.1722615434563898,0.6062337160110474,0.2182094156742096
21,0.63651466,0.17225574469565413,0.6096929907798767,0.34750455617904663
22,0.63750815,0.17192978371081033,0.6051947474479675,0.21952223777770996
23,0.63729566,0.17189067473672676,0.6224308013916016,0.17798595130443573
24,0.6368816,0.17199777241095615,0.6147487759590149,0.2895871102809906
25,0.63712686,0.17205244886942886,0.6066628098487854,0.2748871147632599
26,0.6376687,0.1717420109528585,0.6169013977050781,0.19145727157592773
27,0.63744324,0.17182856431675944,0.6068760752677917,0.2475559115409851
28,0.63716424,0.171836600438264,0.608377993106842,0.23996418714523315
29,0.637561,0.17173895600613687,0.6099802851676941,0.2665506899356842
30,0.63722855,0.17177269105850354,0.6134839653968811,0.18372629582881927
31,0.6365876,0.1720715325753865,0.6148489713668823,0.17688177525997162
32,0.63685775,0.17180132255933922,0.6058098077774048,0.17671139538288116
33,0.6369033,0.1717951682439513,0.6092376708984375,0.29280856251716614
34,0.6367918,0.1718129539657387,0.6105060577392578,0.18068243563175201
35,0.6367969,0.1717965378491737,0.6132245659828186,0.15350082516670227
36,0.6366796,0.17181545055958516,0.6069087982177734,0.134412944316864
37,0.63738185,0.17152350863196716,0.6026342511177063,0.2727035880088806
38,0.6369529,0.17165484020617333,0.6043885350227356,0.14390352368354797
39,0.6367594,0.1717734580475996,0.6181374192237854,0.09023690968751907
40,0.6371479,0.1715170828425335,0.6133793592453003,0.18653960525989532
41,0.6364855,0.17181053739233446,0.6012561917304993,0.18805119395256042
42,0.63755095,0.171383502791143,0.6152980327606201,0.1985323578119278
43,0.636877,0.17152194909843513,0.6143397092819214,0.1523887813091278
44,0.636637,0.17165719300941007,0.6080137491226196,0.29431548714637756
45,0.63705957,0.17149259212718726,0.6123942732810974,0.2938930094242096
46,0.6371084,0.17139489581976614,0.60911625623703,0.158015176653862
47,0.6373244,0.17146562973185708,0.5987536311149597,0.35029926896095276
48,0.6367645,0.1715933462810934,0.606772243976593,0.3394620418548584
49,0.63752675,0.1712225334636635,0.6286942958831787,0.16193875670433044
50,0.6367519,0.17152038066567946,0.6126853823661804,0.24179202318191528
51,0.63702977,0.17134991766174665,0.5998827219009399,0.2932533025741577
52,0.6366268,0.17143877841106134,0.6074893474578857,0.30503469705581665
53,0.6362537,0.17148751689203023,0.6047524213790894,0.38395097851753235
54,0.63664734,0.17118259258055338,0.6160967350006104,0.3191615045070648
55,0.6365645,0.1712162528887095,0.5972664952278137,0.16096901893615723
56,0.6361444,0.1713397807398372,0.6050215363502502,0.4290222227573395
57,0.63558114,0.1713798466464818,0.595913827419281,0.1359630823135376
58,0.63625073,0.17102059956810212,0.6032345294952393,0.2119574099779129
59,0.638359,0.17021945857346302,0.6088948845863342,0.32756584882736206
60,0.63859195,0.16984054969821577,0.609853982925415,0.12424656003713608
61,0.6388883,0.16962882162799947,0.6214771270751953,0.2771771252155304
62,0.6402654,0.16902752221796438,0.6048423051834106,0.15020303428173065
63,0.6406852,0.16872761699124328,0.6147122979164124,0.255344957113266
64,0.64046454,0.1686992232823732,0.6188722252845764,0.17401057481765747
65,0.6400438,0.16886829590345329,0.6007038950920105,0.23325452208518982
66,0.64090115,0.1685382666821431,0.6006325483322144,0.29150673747062683
67,0.6398318,0.16888391512396997,0.6103443503379822,0.20445749163627625
68,0.6407548,0.16853592385983984,0.6224802136421204,0.13635078072547913
69,0.6403174,0.16863967199752872,0.6166861057281494,0.3604820966720581
70,0.6404832,0.16853769420277595,0.6038281321525574,0.22246041893959045
71,0.64051884,0.16850637803281152,0.6132854223251343,0.18592515587806702
72,0.6406753,0.16840567020109198,0.6137433648109436,0.2002510279417038
73,0.64066344,0.16838972401465538,0.6157572269439697,0.19400349259376526
74,0.6410053,0.1682242809285829,0.599524736404419,0.19768327474594116
75,0.6411206,0.16813974088357192,0.6194185614585876,0.21763519942760468
76,0.6414067,0.1679116700968423,0.617249071598053,0.18756966292858124
77,0.6410674,0.16809888688232175,0.6164021492004395,0.22801364958286285
78,0.6410624,0.16804298060605027,0.6110522747039795,0.132506862282753
79,0.64067906,0.16820438822375516,0.600875735282898,0.21835003793239594
80,0.64130306,0.16793173512243093,0.6057907938957214,0.23837225139141083
81,0.64156145,0.16782462185893124,0.622599184513092,0.2169749140739441
82,0.6422815,0.16750119241285896,0.6052892208099365,0.2056245654821396
83,0.6415699,0.16781158506141067,0.6144382357597351,0.1486535370349884
84,0.6417477,0.16768376673629326,0.5952348113059998,0.22587041556835175
85,0.64192855,0.16748634953240663,0.6168862581253052,0.19180183112621307
86,0.64250404,0.16730406589863203,0.6145607829093933,0.2141832858324051
87,0.64201504,0.16746382216395855,0.6218694448471069,0.23302097618579865
88,0.64216965,0.16730882232083977,0.6074127554893494,0.2020132690668106
89,0.6423341,0.1672659304918043,0.6269078850746155,0.16205519437789917
90,0.6429922,0.16683862198720098,0.6057834029197693,0.2459315061569214
91,0.6418915,0.16732630509713542,0.610497772693634,0.3025003671646118
92,0.64394194,0.16643164223000265,0.6153413653373718,0.2262563705444336
93,0.64276147,0.1668954735484538,0.6062853336334229,0.22828951478004456
94,0.64272624,0.1668328224742376,0.6167634725570679,0.25559523701667786
95,0.64291006,0.16680265881501208,0.6133197546005249,0.11031389236450195
96,0.643225,0.1666470495583217,0.615749716758728,0.18115104734897614
97,0.64404464,0.16626431259740931,0.6102870106697083,0.1145252138376236
98,0.643148,0.1665443587095767,0.6121355295181274,0.17641888558864594
99,0.64323884,0.16650737200921512,0.6055628061294556,0.19100674986839294
100,0.64344823,0.1664407813417074,0.6091107130050659,0.20338217914104462
101,0.64320576,0.166472629351217,0.6079697608947754,0.2240273356437683
102,0.6437304,0.16631123556024968,0.6041058301925659,0.1770707070827484
103,0.6448415,0.16580251817891825,0.6096399426460266,0.2156163603067398
104,0.6442528,0.16602774679531393,0.6191776990890503,0.17643992602825165
105,0.64497894,0.16570082745884804,0.5962811708450317,0.21060621738433838
106,0.6445498,0.1658406548739468,0.6247237920761108,0.16350527107715607
107,0.645221,0.16554968044199103,0.6219981908798218,0.2959218919277191
108,0.644648,0.16589598533653854,0.6255909204483032,0.317329078912735
109,0.6453974,0.16556374528891948,0.6233878135681152,0.2659892439842224
110,0.6455567,0.16547082788004197,0.6333035826683044,0.21820206940174103
111,0.6455762,0.16537472950488427,0.6197349429130554,0.2255437821149826
112,0.6455019,0.165415767904944,0.6035796999931335,0.19916169345378876
113,0.6459365,0.16523109987815876,0.598293125629425,0.22813691198825836
114,0.6457504,0.1652436257278664,0.6002596020698547,0.24069872498512268
115,0.6457102,0.16529721226744287,0.5965927243232727,0.16155225038528442
116,0.6458245,0.16522235485026066,0.608834445476532,0.23807616531848907
117,0.6462148,0.16511310613885385,0.6083338856697083,0.20878982543945312
118,0.64613163,0.16525026865754094,0.6163410544395447,0.19461888074874878
119,0.64637285,0.16492658464418453,0.6107661128044128,0.20843985676765442
120,0.6461488,0.16518533744000713,0.5907041430473328,0.23495104908943176
121,0.6465665,0.16487399594687208,0.6051071882247925,0.22294233739376068
122,0.64661723,0.16485996361419109,0.6099539995193481,0.15978051722049713
123,0.6460383,0.16503380181915164,0.6055368781089783,0.22750215232372284
124,0.6461452,0.16505508511215727,0.619229793548584,0.18804138898849487
125,0.64577377,0.16514670408293405,0.6083135008811951,0.16823048889636993
126,0.64710194,0.16459451260826544,0.6076979041099548,0.12940742075443268
127,0.64628434,0.1648776631215344,0.6251311898231506,0.20836682617664337
128,0.6465479,0.16473799018372048,0.6097103953361511,0.2721782922744751
129,0.6469903,0.16463890271790313,0.6168147325515747,0.21347776055335999
130,0.6459993,0.16497464241593157,0.5992108583450317,0.20163443684577942
131,0.64707977,0.16448987634979892,0.6348923444747925,0.23356418311595917
132,0.6467736,0.16469447626355593,0.6293712854385376,0.25933128595352173
133,0.64636755,0.1647360991085325,0.6169260144233704,0.13690730929374695
134,0.64703256,0.16445779095707977,0.6231436729431152,0.16576199233531952
135,0.6465986,0.16468561232014803,0.6141045093536377,0.13737785816192627
136,0.64666176,0.16469742942171847,0.6255298256874084,0.17917799949645996
137,0.646896,0.16454090737185276,0.606979250907898,0.25639402866363525
138,0.6470945,0.16444250156610687,0.6081287264823914,0.12231656163930893
139,0.64747554,0.1643135115058932,0.6137884855270386,0.21870315074920654
140,0.64745253,0.16431108583857795,0.6065683364868164,0.2015662044286728
141,0.64704007,0.16455422693076893,0.6121406555175781,0.20848636329174042
142,0.64749557,0.16425233359250865,0.613567590713501,0.2326977401971817
143,0.64668536,0.16463109639350415,0.6141886711120605,0.2857183814048767
144,0.64692557,0.16447532739990978,0.6315146684646606,0.2561720311641693
145,0.64785814,0.1640578377309926,0.6032785773277283,0.27140721678733826
146,0.6469713,0.16448563385152692,0.6111660599708557,0.26179492473602295
147,0.647872,0.16403495652233607,0.622856616973877,0.18462519347667694
148,0.6471022,0.1644415051724859,0.6034256815910339,0.1922926902770996
149,0.647673,0.1642559742255705,0.637262225151062,0.1776825338602066
150,0.64724886,0.16422853560949496,0.6115160584449768,0.22002382576465607
151,0.6471611,0.16435035251540311,0.6128250360488892,0.22047430276870728
152,0.64729166,0.16417694203450664,0.6182957291603088,0.21318340301513672
153,0.6470952,0.16431423672157972,0.6078188419342041,0.2419082224369049
154,0.6478568,0.164059699851098,0.6012622714042664,0.1583622395992279
155,0.64793164,0.1639735488067456,0.6342921257019043,0.14927472174167633
156,0.6471088,0.16422365987045331,0.6201493144035339,0.17210644483566284
157,0.6475303,0.164152690772089,0.6375760436058044,0.1733710914850235
158,0.64734566,0.16405053696902755,0.6103857755661011,0.11980610340833664
159,0.647586,0.16411967289493717,0.6095246076583862,0.2501528561115265
160,0.6478526,0.16393224360499117,0.6179894804954529,0.2691379189491272
161,0.6475083,0.16406946825153543,0.605404257774353,0.17536641657352448
162,0.6469829,0.1643426184070477,0.6087462306022644,0.11388897150754929
163,0.6481838,0.16384358695550688,0.632366955280304,0.22995032370090485
164,0.6476496,0.16392280068700255,0.6317633986473083,0.20535162091255188
165,0.6473596,0.1640042769848692,0.610061764717102,0.12059155106544495
166,0.6479956,0.16398300085915654,0.591137170791626,0.2657058537006378
167,0.6473325,0.16404430471690604,0.6095876097679138,0.1428712010383606
168,0.6480782,0.16376366169997605,0.6164013743400574,0.2334800660610199
169,0.64815587,0.16369466190833318,0.6137568354606628,0.27955836057662964
170,0.6470949,0.16420144227335845,0.6059812903404236,0.18095234036445618
171,0.6476014,0.16388471374683697,0.6265546083450317,0.2599341571331024
172,0.647924,0.16385128621890396,0.6080942749977112,0.1633446216583252
173,0.64862025,0.16356417949382404,0.6098353862762451,0.22229106724262238
174,0.64751697,0.1640281759263976,0.6096252799034119,0.19538678228855133
175,0.6477659,0.16384150864192995,0.5980051755905151,0.21298925578594208
176,0.64759845,0.16390862098851733,0.6066368222236633,0.26531368494033813
177,0.64817786,0.16359860413802368,0.6021767854690552,0.19854235649108887
178,0.6480842,0.16381993021395164,0.5989869832992554,0.44919121265411377
179,0.64772475,0.16380946734837665,0.6168872714042664,0.25940877199172974
180,0.64796096,0.16371239909715396,0.6363306641578674,0.2554248571395874
181,0.6479755,0.16367981293486575,0.6174899339675903,0.19127660989761353
182,0.64802206,0.16378506630871278,0.5977776050567627,0.20705820620059967
183,0.6482418,0.16365627373813968,0.6105044484138489,0.17491784691810608
184,0.6481504,0.16370850600295808,0.6269485950469971,0.1914583444595337
185,0.6478244,0.1637819056195007,0.6093299388885498,0.28335121273994446
186,0.6484258,0.16357148033535443,0.6057648062705994,0.22547896206378937
187,0.6483043,0.16357036228413369,0.6202919483184814,0.21005728840827942
188,0.6480632,0.16372997309337003,0.6158831119537354,0.1799018532037735
189,0.64869523,0.16336588613383507,0.6252520084381104,0.2611720860004425
190,0.64835405,0.16356244911994197,0.611274242401123,0.2624412477016449
191,0.64887094,0.16331747033260383,0.6171026229858398,0.28116101026535034
192,0.64866066,0.1635168199031785,0.6215868592262268,0.21939626336097717
193,0.6480588,0.16368593490344316,0.6213300228118896,0.2527448832988739
194,0.6477882,0.16370634673324466,0.6133750677108765,0.16118963062763214
195,0.64888674,0.163285686677761,0.6073233485221863,0.22259767353534698
196,0.6489404,0.16323165029189413,0.6328426599502563,0.140827938914299
197,0.6478194,0.16377758199998685,0.612043023109436,0.2073548585176468
198,0.6488101,0.16329105034997496,0.6147044897079468,0.25390613079071045
199,0.6490977,0.16322961049435647,0.6322503089904785,0.2628360688686371
200,0.6480785,0.16369689358134557,0.5973559021949768,0.18419091403484344
201,0.6486603,0.16334452126886298,0.601159393787384,0.19340400397777557
202,0.64851743,0.1634099130030413,0.6056826710700989,0.19230441749095917
203,0.6493238,0.1632290526666709,0.6288280487060547,0.19213534891605377
204,0.6493619,0.16302261062513176,0.6233996748924255,0.14541490375995636
205,0.64793897,0.1637085159473148,0.6095583438873291,0.21404342353343964
206,0.6486272,0.16345971157245934,0.6068174242973328,0.2056051641702652
207,0.64958817,0.16290951662081504,0.6113596558570862,0.24141734838485718
208,0.64894634,0.16330259956070897,0.6199889183044434,0.2075968086719513
209,0.64852595,0.1633402902328097,0.597041666507721,0.2328430861234665
210,0.6485508,0.1634296458449137,0.6000221967697144,0.25251084566116333
211,0.6488121,0.16321667116919356,0.6249335408210754,0.2896862030029297
212,0.64920413,0.16294950736298086,0.6379666924476624,0.25502145290374756
213,0.6480744,0.16357007881874508,0.6183719635009766,0.09887545555830002
214,0.64863455,0.16322392380053619,0.6116539239883423,0.21267016232013702
215,0.6486191,0.16327036627277003,0.6110498905181885,0.11823906749486923
216,0.6492672,0.16305609462405898,0.6343566179275513,0.24620389938354492
217,0.6486815,0.16331808879840937,0.6117421984672546,0.15721386671066284
218,0.64961934,0.16289888938999367,0.5983498096466064,0.2558484673500061
219,0.6491362,0.16299756899903897,0.6290405988693237,0.27328088879585266
220,0.64937586,0.1630727323521167,0.6171951293945312,0.24090956151485443
221,0.6484928,0.16337560931827738,0.6090604662895203,0.22881287336349487
222,0.6494741,0.16301342014277548,0.6196873188018799,0.1741989403963089
223,0.64954364,0.162871843661913,0.620841383934021,0.2227964848279953
224,0.64893305,0.1631430135184453,0.6045330762863159,0.19621925055980682
225,0.6491315,0.16315230321878793,0.6229698657989502,0.22488225996494293
226,0.6492012,0.16304794401647368,0.6190264821052551,0.2284746915102005
227,0.64915997,0.16306451131244198,0.6235368251800537,0.15207339823246002
228,0.6500923,0.16258832948240684,0.6048967242240906,0.14992161095142365
229,0.6484456,0.16337061702926484,0.6136680841445923,0.12651051580905914
230,0.6494571,0.16291227371451852,0.5983319282531738,0.17828607559204102
231,0.650159,0.1626334837975193,0.6430951952934265,0.17787615954875946
232,0.6495588,0.1628708699683144,0.6132577657699585,0.20114223659038544
233,0.6486767,0.16323873351987184,0.6256897449493408,0.18322309851646423
234,0.6492852,0.1629471371949717,0.6142083406448364,0.25712308287620544
235,0.649423,0.1629359326964357,0.6347646713256836,0.190168097615242
236,0.6488066,0.16307039074034332,0.6078007817268372,0.1668325960636139
237,0.64906645,0.1630131823116101,0.614041268825531,0.15445809066295624
238,0.6490347,0.16312620361025038,0.6231186985969543,0.23726648092269897
239,0.6502321,0.16245697412690568,0.6092360615730286,0.20616286993026733
240,0.6486913,0.1633015195286084,0.6003666520118713,0.1973610818386078
241,0.6493842,0.16282072158183822,0.6163245439529419,0.18504390120506287
242,0.64986104,0.16275314258201976,0.612246572971344,0.2694069445133209
243,0.6499591,0.16268420816715232,0.6029742360115051,0.2647058367729187
244,0.64871424,0.16321115106028877,0.6295298933982849,0.17415781319141388
245,0.64906144,0.16302371252706457,0.6167309284210205,0.2233770489692688
246,0.64935124,0.16292758019863415,0.606086790561676,0.23340928554534912
247,0.64984155,0.1627724775518424,0.622982382774353,0.08524030447006226
248,0.6489041,0.1631987188860979,0.6024672389030457,0.14208640158176422
249,0.6492417,0.16281079387992034,0.6132566332817078,0.1717752069234848
250,0.64938825,0.1628424707583604,0.6292954087257385,0.17260335385799408
251,0.6494281,0.16280196524021015,0.6026949286460876,0.08703979849815369
252,0.64961314,0.1627557849171384,0.6148813962936401,0.20940245687961578
253,0.6500515,0.1626367881055324,0.6365256309509277,0.14193758368492126
254,0.6499476,0.16262808621268965,0.6361106038093567,0.15833604335784912
255,0.6496199,0.16286757212943023,0.6287806630134583,0.28316277265548706
256,0.6497999,0.16264141098022147,0.607702374458313,0.1949152648448944
257,0.6505487,0.16236915624291148,0.6168846487998962,0.14757943153381348
258,0.6488075,0.16322057479486846,0.6054711937904358,0.12600553035736084
259,0.65135884,0.161971914806661,0.620646595954895,0.1643054485321045
260,0.6496294,0.16281268420069478,0.6352760791778564,0.1988333910703659
261,0.6490443,0.16308725239661515,0.6408053040504456,0.2192029356956482
262,0.65031993,0.1625088733616424,0.6119871139526367,0.15314240753650665
263,0.6488083,0.16314752978956037,0.6162326335906982,0.18108272552490234
264,0.64989316,0.1624929931852981,0.6075495481491089,0.20156534016132355
265,0.6502657,0.16256560971256578,0.6164166927337646,0.28453850746154785
266,0.6489892,0.1630255660015062,0.6075995564460754,0.14406099915504456
267,0.64965934,0.16270288547576453,0.6072195172309875,0.15321235358715057
268,0.6501114,0.16258441644834834,0.6015353798866272,0.2571696937084198
269,0.64947295,0.16282549179216665,0.6091105937957764,0.20577874779701233
270,0.6498879,0.16264862734535884,0.6086870431900024,0.15927602350711823
271,0.6505958,0.16232909254588104,0.6281545758247375,0.15037667751312256
272,0.6503365,0.16251540181631122,0.6315897703170776,0.14780409634113312
273,0.64893115,0.16294241031977777,0.6224693655967712,0.1362479031085968
274,0.65073276,0.16231413872219172,0.6137160062789917,0.2141081988811493
275,0.64990175,0.16265773370120562,0.6310609579086304,0.23978912830352783
276,0.6505937,0.16223393105689748,0.6198750734329224,0.2267172634601593
277,0.64994514,0.16258870693618185,0.5967714786529541,0.23573070764541626
278,0.6492626,0.1629420665476458,0.5911576747894287,0.2717835307121277
279,0.65002275,0.16249707150907652,0.6315094232559204,0.25632986426353455
280,0.6493221,0.162871293054564,0.6071536540985107,0.2697617709636688
281,0.6502161,0.16240303128015787,0.6080502867698669,0.2251490354537964
282,0.65063846,0.16226491590189768,0.6335621476173401,0.15213091671466827
283,0.6496589,0.16259578137379183,0.6246528625488281,0.21654030680656433
284,0.65035236,0.16236775273090237,0.606828510761261,0.19288143515586853
285,0.65006167,0.16249859686885534,0.6331142783164978,0.1552322506904602
286,0.64961064,0.16260665913417463,0.6211158037185669,0.09374521672725677
287,0.64872676,0.16303805685703407,0.6146272420883179,0.20705851912498474
288,0.65002656,0.1624314972394624,0.6045534610748291,0.16617800295352936
289,0.6499142,0.16251420113298137,0.6094362735748291,0.19090667366981506
290,0.6502512,0.16254229978702706,0.6372840404510498,0.13300900161266327
291,0.65014744,0.16231206506624773,0.6343395709991455,0.18232260644435883
292,0.64939636,0.1628336484349146,0.6278160214424133,0.13614027202129364
293,0.6504293,0.1622301599697477,0.6150878071784973,0.2316952645778656
294,0.6509562,0.16205252984667204,0.6331928968429565,0.1710224449634552
295,0.64894974,0.16297705484936842,0.6210401654243469,0.16368690133094788
296,0.6504922,0.16233152035971196,0.6351831555366516,0.22565530240535736
297,0.65043163,0.1623684278951774,0.6059238910675049,0.2322087436914444
298,0.65029,0.16225550699955169,0.6335463523864746,0.2704644799232483
299,0.64993227,0.16250589228041518,0.6298151612281799,0.15973421931266785
300,0.6502968,0.16227482182571662,0.6169486045837402,0.2680063843727112
301,0.6498194,0.16255801458111663,0.620673656463623,0.18229834735393524
302,0.650677,0.16215869587889964,0.6445785164833069,0.17060931026935577
303,0.6498625,0.1626312544868399,0.6332646012306213,0.16109612584114075
304,0.6506004,0.1620393059194727,0.6312307119369507,0.19603639841079712
305,0.6496998,0.16250678448773312,0.6072170734405518,0.2100110650062561
306,0.64951056,0.16271097981170615,0.6162421107292175,0.16038978099822998
307,0.6513448,0.16184411604121207,0.6385855078697205,0.1776769608259201
308,0.649743,0.16254801666642407,0.6073608994483948,0.19373232126235962
309,0.6502557,0.16236246165696622,0.6160752773284912,0.27826496958732605
310,0.6498207,0.16258639641289158,0.6033786535263062,0.1174592673778534
311,0.65042144,0.16231703597535235,0.6368030905723572,0.22072267532348633
312,0.6506065,0.16221881467246302,0.6133654117584229,0.1884208619594574
313,0.65045357,0.1623094710833978,0.6210290789604187,0.09171970933675766
314,0.6509366,0.16193407017459585,0.6213300824165344,0.1626644730567932
315,0.65071785,0.16215934658542852,0.6042298674583435,0.19179588556289673
316,0.6498308,0.16261690242037916,0.616661548614502,0.3768029510974884
317,0.64975435,0.16261139090292878,0.6411008834838867,0.16796456277370453
318,0.6507737,0.16211007463586496,0.6329160928726196,0.2282787710428238
319,0.6502898,0.16230554861312246,0.6095309257507324,0.19586922228336334
320,0.650391,0.16229918449178649,0.6425435543060303,0.11676998436450958
321,0.6497054,0.16253747570250743,0.6311569213867188,0.21669544279575348
322,0.65058535,0.16214077521778295,0.6319283843040466,0.220368891954422
323,0.64973336,0.16253551565713398,0.6088452339172363,0.18665701150894165
324,0.6501917,0.1622927574058457,0.633155345916748,0.18908938765525818
325,0.6512103,0.16202046677523835,0.6327968239784241,0.17694009840488434
326,0.6502567,0.16224902298664604,0.6314966678619385,0.1447550356388092
327,0.6498237,0.16248886339541888,0.6306166648864746,0.2356088012456894
328,0.6502651,0.16227970499151298,0.6229817271232605,0.21511977910995483
329,0.64993227,0.16250210830965403,0.6292063593864441,0.1902182400226593
330,0.6503697,0.16226861289986663,0.6392529010772705,0.09445693343877792
331,0.65081465,0.1619465953160845,0.6230835914611816,0.18311099708080292
332,0.6496524,0.16252519510219499,0.6258442997932434,0.2417951077222824
333,0.64980453,0.16242915871805955,0.6049085259437561,0.23357482254505157
334,0.6504509,0.1622110583420602,0.6196512579917908,0.16645245254039764
335,0.65066546,0.16194060536011404,0.6300176978111267,0.14960339665412903
336,0.64986575,0.16237230247877243,0.6217910647392273,0.19679874181747437
337,0.6493877,0.16262767289884236,0.6092564463615417,0.24518083035945892
338,0.64966047,0.16254640122104108,0.612873375415802,0.19848006963729858
339,0.6503814,0.16220423298857453,0.6361029744148254,0.18469907343387604
340,0.6510741,0.16200493943054614,0.6166327595710754,0.16089235246181488
341,0.64974046,0.1624261502057321,0.6050041317939758,0.13248731195926666
342,0.6494642,0.1627261298706432,0.6098853945732117,0.17657016217708588
343,0.65145445,0.16169036526487685,0.6222020983695984,0.1634545475244522
344,0.6482317,0.16320594767858457,0.641502320766449,0.21144941449165344
345,0.65055764,0.16204482311943344,0.6248809695243835,0.15003012120723724
346,0.6504711,0.16203109983239977,0.6066877841949463,0.1751367151737213
347,0.6498945,0.16247405804940848,0.5937838554382324,0.2424851506948471
348,0.6503484,0.1621904383347772,0.6130273938179016,0.1869531273841858
349,0.65000653,0.16228433365611108,0.6259313225746155,0.14689601957798004
350,0.6505496,0.16214260126112437,0.6363698244094849,0.16081291437149048
351,0.649083,0.16278953211240096,0.6006359457969666,0.18198691308498383
352,0.6501642,0.1621727144112191,0.6207181215286255,0.24762730300426483
353,0.6510297,0.16200303418048576,0.6375560164451599,0.23983223736286163
354,0.64993787,0.1622734722609793,0.6353538036346436,0.27670300006866455
355,0.6500189,0.16233940139669936,0.6205348372459412,0.13710005581378937
356,0.6506759,0.16193629947172292,0.6049972176551819,0.2105950564146042
357,0.64975923,0.1626149103840534,0.59904944896698,0.09376642853021622
358,0.6509213,0.16191192255303685,0.6201414465904236,0.19711393117904663
359,0.6488201,0.1628121075977734,0.6211903691291809,0.19973833858966827
360,0.65006125,0.16218041456630183,0.6111657619476318,0.21167266368865967
361,0.6511509,0.16179950330132467,0.6123695373535156,0.3074347674846649
362,0.64858013,0.16291618327772095,0.6146605014801025,0.2654757499694824
363,0.65075475,0.16192672885295709,0.6094130873680115,0.22673526406288147
364,0.65041727,0.16212563659454285,0.6376128196716309,0.17148029804229736
365,0.6507773,0.16206010760853984,0.6306431293487549,0.11858578771352768
366,0.649232,0.16263911124444744,0.6166867017745972,0.19409260153770447
367,0.6506273,0.16211162753909725,0.6208844184875488,0.20055556297302246
368,0.6503565,0.16210053702914,0.6058530211448669,0.18083323538303375
369,0.6501997,0.16222872474453637,0.6073816418647766,0.15612533688545227
370,0.6502573,0.16208369661768993,0.616790771484375,0.189117431640625
371,0.6502622,0.16221010284196685,0.6295741200447083,0.13315044343471527
372,0.65002316,0.1623198094070564,0.6233496069908142,0.0956742987036705
373,0.650212,0.1622640791248126,0.6400487422943115,0.15955403447151184
374,0.6504911,0.1621868839964534,0.6142616271972656,0.2282858043909073
375,0.65066177,0.1621044859525613,0.616361677646637,0.08336582034826279
376,0.65012383,0.16232616855861845,0.6132948994636536,0.16596902906894684
377,0.65146875,0.16156025058230666,0.6117218732833862,0.1990121304988861
378,0.6493941,0.1627376684328817,0.632839024066925,0.19832688570022583
379,0.65119636,0.1615192572797684,0.6044300198554993,0.1767999678850174
380,0.6503988,0.16215823426524428,0.641381561756134,0.24740801751613617
381,0.65031624,0.1621144215626334,0.6239871978759766,0.35901549458503723
382,0.65034443,0.16218729552416067,0.638465166091919,0.13164278864860535
383,0.6503838,0.16214737098517157,0.6118672490119934,0.119159996509552
384,0.65046537,0.16220412555189595,0.6365655660629272,0.18417729437351227
385,0.65069586,0.16188287816838565,0.6403299570083618,0.22077204287052155
386,0.650498,0.16217198118231135,0.632642388343811,0.22838300466537476
387,0.65017635,0.1621703284647898,0.6013211607933044,0.18698538839817047
388,0.6511042,0.16174450307324392,0.635445773601532,0.21125899255275726
389,0.65042746,0.16209292622929242,0.6115400195121765,0.1284668743610382
390,0.65112364,0.16186233194572017,0.6194186806678772,0.1377963274717331
391,0.6506731,0.1619787244975772,0.6423330307006836,0.1244427040219307
392,0.6498403,0.1622909830617636,0.6053293943405151,0.1762857884168625
393,0.6512713,0.16173578659866714,0.590452253818512,0.2234336882829666
394,0.6501379,0.1623264985338863,0.6292842626571655,0.23659421503543854
395,0.6508322,0.1618773270103433,0.6225689053535461,0.1994926482439041
396,0.6506246,0.16202125866231298,0.6380658745765686,0.14749953150749207
397,0.6500547,0.16221107833176043,0.6368396282196045,0.2079782634973526
398,0.6503053,0.16207603629468062,0.6338050365447998,0.18624356389045715
399,0.6510237,0.1618781135226768,0.6086595058441162,0.18387733399868011
400,0.65121126,0.1616127291705067,0.6329734921455383,0.13337662816047668
401,0.64986205,0.16227575588928825,0.6000838279724121,0.15341925621032715
402,0.64998233,0.16221188065180467,0.6273499727249146,0.1647607684135437
403,0.6508928,0.1617578607494983,0.6270931363105774,0.15488308668136597
404,0.64956146,0.16241928550062526,0.6101618409156799,0.21840639412403107
405,0.6508963,0.1619171421217715,0.6328081488609314,0.14658920466899872
406,0.6518379,0.16136240942190624,0.6140224933624268,0.13836601376533508
407,0.6500998,0.16227781006775213,0.6374863982200623,0.21329590678215027
408,0.65042096,0.16196482203069604,0.6264734268188477,0.15162715315818787
409,0.6503975,0.16217779845816535,0.6328312754631042,0.17276166379451752
410,0.6504757,0.16199282358135744,0.631827712059021,0.18871191143989563
411,0.6507133,0.16191010521685475,0.6216947436332703,0.232747882604599
412,0.6498956,0.16232817948326186,0.6101627349853516,0.2917920649051666
413,0.65081435,0.16183983847356667,0.6361513733863831,0.21602310240268707
414,0.6500254,0.16204448777525343,0.6055113077163696,0.19943656027317047
415,0.64984834,0.16226292616699228,0.6036474704742432,0.1512369066476822
416,0.6510309,0.1617858305793798,0.6169465780258179,0.1895725578069687
417,0.6516366,0.16156295781039684,0.6383076310157776,0.1843806952238083
418,0.6503542,0.16200468356762926,0.6150149703025818,0.18306490778923035
419,0.64999825,0.16233632287998268,0.6288662552833557,0.18614330887794495
420,0.65088725,0.16179855682330033,0.6314512491226196,0.22746628522872925
421,0.65110964,0.16181820989639603,0.6254910230636597,0.2756734788417816
422,0.649385,0.162363680000014,0.5956521034240723,0.19422373175621033
423,0.65088165,0.1618881642291221,0.6365490555763245,0.07745107263326645
424,0.6499481,0.1622165200615133,0.6339299082756042,0.20144623517990112
425,0.6502408,0.16217979302965285,0.6363090872764587,0.2330130636692047
426,0.65029156,0.1619685190226903,0.6373790502548218,0.3060638904571533
427,0.64997613,0.16229239770738363,0.6275407671928406,0.25997602939605713
428,0.6513884,0.16155544868194616,0.623242974281311,0.26334571838378906
429,0.6504625,0.16192772851604342,0.6071648001670837,0.23380893468856812
430,0.6506051,0.16189577886107578,0.6292027235031128,0.060249216854572296
431,0.65025777,0.16220347023815468,0.637668788433075,0.1340325027704239
432,0.6501731,0.1620585739506492,0.6344456672668457,0.17653080821037292
433,0.65047663,0.1618915836993757,0.6094359755516052,0.14228574931621552
434,0.6511078,0.16160107438501067,0.6437935829162598,0.1925630271434784
435,0.6498574,0.1622939131258659,0.6270752549171448,0.22872647643089294
436,0.650634,0.16187495672254892,0.6448221206665039,0.15220187604427338
437,0.65037847,0.16203676830983613,0.6284469962120056,0.21684794127941132
438,0.65196425,0.16144639731474725,0.6368758082389832,0.2500796914100647
439,0.6494852,0.16234219859119145,0.6214259266853333,0.16295170783996582
440,0.65074897,0.16193300154205267,0.6435146927833557,0.1774515062570572
441,0.6501979,0.16202282061573905,0.6114751100540161,0.23677286505699158
442,0.65149915,0.16164616920506286,0.6330941319465637,0.168898805975914
443,0.6503776,0.16186875977558235,0.6388689279556274,0.08687781542539597
444,0.651689,0.16139555691989574,0.6162899136543274,0.16667790710926056
445,0.64935064,0.16244034412790728,0.6311384439468384,0.25001323223114014
446,0.65131396,0.1615770248966672,0.6380627751350403,0.11021590232849121
447,0.64983755,0.1620917261550892,0.6313958764076233,0.11646562814712524
448,0.6512493,0.161627529452314,0.6375710964202881,0.11825309693813324
449,0.6496429,0.16241380994379676,0.6311020851135254,0.2513276934623718
450,0.65107065,0.16153474529630105,0.6269148588180542,0.1655251383781433
451,0.651792,0.16155087785902292,0.643104076385498,0.13964632153511047
452,0.64905566,0.16263224549639338,0.616882860660553,0.1488713026046753
453,0.65173733,0.16136085608019024,0.6318359971046448,0.23452888429164886
454,0.6504313,0.1619381583041474,0.6336973905563354,0.17320504784584045
455,0.6509691,0.1616693791666537,0.6379203200340271,0.3256222903728485
456,0.6499477,0.1622545840816132,0.6194460391998291,0.21093542873859406
457,0.6511317,0.16153418391469665,0.6430341005325317,0.26708734035491943
458,0.6504342,0.1619846898787851,0.6169687509536743,0.12093522399663925
459,0.65035576,0.16213790942135015,0.6278741359710693,0.19267688691616058
460,0.6495087,0.16246156604062026,0.6357817649841309,0.2301756590604782
461,0.65086865,0.1616539883587181,0.6361035108566284,0.3224026560783386
462,0.6510378,0.16161109258872072,0.5997115969657898,0.22824080288410187
463,0.65049803,0.16198653750546524,0.6377597451210022,0.09291773289442062
464,0.6502875,0.16195414035182207,0.6235841512680054,0.08483197540044785
465,0.6512299,0.16166697125989746,0.6203812956809998,0.21520739793777466
466,0.64984244,0.1622299205283313,0.6228640079498291,0.15958230197429657
467,0.65026194,0.16207172574923948,0.6155086159706116,0.17650677263736725
468,0.6514917,0.1614653150986882,0.606087863445282,0.18840639293193817
469,0.65131783,0.16154134863682418,0.6167070269584656,0.11167338490486145
470,0.6507334,0.1619335539246124,0.6356044411659241,0.18572983145713806
471,0.65049285,0.1619792618606478,0.6176772117614746,0.1578410565853119
472,0.6510047,0.16174283390245403,0.64415043592453,0.21329645812511444
473,0.6510619,0.16160312271425584,0.612403929233551,0.0772106871008873
474,0.65127575,0.16132645693202077,0.6330127120018005,0.20551177859306335
475,0.6496219,0.1623410211753335,0.6266221404075623,0.2484036535024643
476,0.6497364,0.16213831645492688,0.643200159072876,0.22366486489772797
477,0.6519742,0.16119668729550246,0.6356648206710815,0.11650869250297546
478,0.6496828,0.16219449037226377,0.6191891431808472,0.23798389732837677
479,0.6509045,0.16166903811475306,0.6392282247543335,0.27452409267425537
480,0.6518402,0.16141176879134345,0.6366453170776367,0.1505395472049713
481,0.6509785,0.16153348537642545,0.6405628323554993,0.25812530517578125
482,0.6496606,0.16228864250080655,0.6260715126991272,0.19097241759300232
483,0.65190434,0.1611342820917575,0.6412655711174011,0.12116533517837524
484,0.64979166,0.16221759674808048,0.6467772722244263,0.23670022189617157
485,0.65093225,0.1615849186432714,0.6267139911651611,0.1616610288619995
486,0.65227276,0.16106205825051118,0.6316346526145935,0.28728926181793213
487,0.6504844,0.16187614277547288,0.63071608543396,0.05104771628975868
488,0.652002,0.16110980542392084,0.6405936479568481,0.19558122754096985
489,0.6502173,0.16203616013914518,0.6327700614929199,0.039131466299295425
490,0.6495564,0.1625265255955123,0.6170509457588196,0.22878509759902954
491,0.6501414,0.1618819785969015,0.6027342677116394,0.23541148006916046
492,0.65014684,0.16199925851395686,0.6196551322937012,0.23778828978538513
493,0.65176094,0.1614636508195641,0.632495105266571,0.14506292343139648
494,0.64941186,0.16228897049422697,0.645105242729187,0.08995920419692993
495,0.6529407,0.1606834899515212,0.6291696429252625,0.2587966024875641
496,0.6507299,0.1617100621850357,0.6314253807067871,0.1103188619017601
497,0.6517737,0.16125209689573994,0.6266324520111084,0.13525420427322388
498,0.65031666,0.16193875280650283,0.6306028962135315,0.2347627431154251
499,0.6518634,0.16121626923280719,0.6252474784851074,0.24247172474861145
