epoch,f1_mps_metrics,loss,mps_metrics,precision,recall,val_f1_mps_metrics,val_loss,val_mps_metrics,val_precision,val_recall
0,2.4345882,0.9076307332738885,6.2647185,0.4333752,0.5298744,0.43451988697052,0.6486244797706604,0.9587715864181519,0.5038836002349854,0.5312071442604065
1,2.9381764,0.8709490828785621,6.494881,0.49778268,0.55189914,0.4508824944496155,0.1675495207309723,0.8474057912826538,0.5684602856636047,0.5182815194129944
2,3.1647565,0.8538724560400998,6.7724967,0.5192362,0.56230366,0.6375138163566589,0.9049128890037537,1.2337563037872314,0.5344259738922119,0.5944693684577942
3,3.4158952,0.8493131532126024,7.076638,0.5345912,0.5751346,0.6048620343208313,0.964512050151825,1.152225136756897,0.5568197965621948,0.5808839797973633
4,3.5386226,0.8423937732083563,7.2058597,0.5433187,0.58087724,0.696398913860321,0.8298770785331726,1.3641127347946167,0.5221276879310608,0.614956259727478
5,3.7187588,0.8352717953892468,7.3020277,0.553456,0.5885621,0.6297394037246704,0.7683528065681458,1.1378673315048218,0.5872275829315186,0.5816363096237183
6,3.8633769,0.8291385567132471,7.52272,0.5603442,0.5950765,0.6780221462249756,0.16755002737045288,1.2036088705062866,0.583699643611908,0.5907721519470215
7,3.9797757,0.8237077634485203,7.5929203,0.56751984,0.5957909,0.7550803422927856,0.9064704179763794,1.4267857074737549,0.5381060838699341,0.6358291506767273
8,4.0878954,0.8243289419250815,7.813529,0.56726444,0.6035767,0.7305213212966919,0.9673247933387756,1.2649306058883667,0.5929552316665649,0.6108912825584412
9,4.141171,0.8201005807184206,7.8385587,0.576365,0.6019017,0.7151749134063721,1.0018035173416138,1.2751314640045166,0.5737815499305725,0.6064791083335876
10,4.2000313,0.8169894047581275,7.8279643,0.58207667,0.6047314,0.683165967464447,0.9261366724967957,1.1886448860168457,0.6011785268783569,0.5955514311790466
11,4.2697654,0.8112300911020377,7.93749,0.5827512,0.6072315,0.7016220688819885,0.5512948632240295,1.1915550231933594,0.6270005702972412,0.5981048941612244
12,4.3368363,0.8160955593594337,8.00197,0.5886385,0.60940117,0.6632517576217651,1.0016767978668213,1.1496529579162598,0.6165602207183838,0.5921675562858582
13,4.433889,0.8096338872232601,8.132009,0.5915763,0.6134839,0.7507286667823792,0.5560169816017151,1.301317811012268,0.6004723310470581,0.6173396706581116
14,4.439441,0.8094988605486994,8.132209,0.59308505,0.6127654,0.7243027687072754,0.841679036617279,1.234688401222229,0.6196216940879822,0.6129353642463684
15,4.533639,0.8046209727313701,8.213283,0.5997973,0.61650175,0.7708336114883423,0.6021742820739746,1.3188750743865967,0.6124218106269836,0.6241474151611328
16,4.505704,0.8072375924139052,8.222833,0.5968104,0.6163854,0.7287943959236145,0.8455259203910828,1.2459050416946411,0.6201807856559753,0.608864963054657
17,4.6221128,0.8024537848096556,8.380265,0.6016024,0.61793613,0.8344516754150391,0.2741115987300873,1.4299780130386353,0.5974187254905701,0.642057478427887
18,4.6741605,0.7987462625070221,8.430619,0.60462475,0.62029284,0.789506196975708,0.24533668160438538,1.3384462594985962,0.6159395575523376,0.6284350156784058
19,4.746843,0.7999374740023323,8.498218,0.6067108,0.6216686,0.8020758628845215,0.5546086430549622,1.357761263847351,0.6238055229187012,0.6266785264015198
20,4.733316,0.7962386832919768,8.520408,0.60749495,0.6221211,0.8480274677276611,0.7780104875564575,1.4284311532974243,0.6112356185913086,0.6407347917556763
21,4.818031,0.7946463148233113,8.647898,0.6080011,0.6241182,0.8330796360969543,0.967059850692749,1.4115140438079834,0.605719804763794,0.6363906860351562
22,4.8424683,0.7873472314031559,8.585938,0.61163175,0.6244998,0.825251579284668,0.988811731338501,1.3880245685577393,0.6274970769882202,0.6262874603271484
23,4.8759027,0.787311040713523,8.651611,0.61334336,0.62541765,0.8331925272941589,0.986089825630188,1.393642544746399,0.6438345313072205,0.6213346719741821
24,4.964888,0.7875896900334336,8.835304,0.61231667,0.6277997,0.864562451839447,0.10038448125123978,1.4583946466445923,0.6150640845298767,0.6372034549713135
25,4.9797506,0.7860895641461921,8.827242,0.61583006,0.6286996,0.8451153635978699,0.9308714866638184,1.3981568813323975,0.641456663608551,0.6290364861488342
26,4.999797,0.7848173790900458,8.826873,0.61506987,0.62753594,0.8634142279624939,0.9684627056121826,1.4255071878433228,0.6285603642463684,0.6361480355262756
27,5.0366197,0.7826448958744869,8.8116455,0.6212777,0.62881225,0.8765066266059875,0.8047604560852051,1.4324718713760376,0.6451597809791565,0.632907509803772
28,5.127598,0.780211100107794,8.968758,0.62135243,0.63126194,0.8986871838569641,0.8657835721969604,1.497624397277832,0.6298161745071411,0.6425062417984009
29,5.120461,0.7781529674384969,8.96936,0.6246708,0.6324173,0.8843647241592407,0.7126433253288269,1.4604779481887817,0.6341356635093689,0.6374180316925049
30,5.108179,0.7756381519313164,8.930488,0.6245799,0.63157207,0.8433732986450195,0.6503638625144958,1.3841674327850342,0.6605748534202576,0.6237320303916931
31,5.1723275,0.7734832112763118,8.989419,0.62654454,0.63294417,0.8945812582969666,0.9613044261932373,1.4854816198349,0.6239351630210876,0.642357587814331
32,5.2090626,0.7761490319429806,9.0353775,0.62565804,0.63390124,0.9343703389167786,0.9674156904220581,1.538077712059021,0.6302241086959839,0.6489173173904419
33,5.251271,0.7683887776458134,9.127771,0.6234378,0.6344469,0.8493893146514893,0.035673558712005615,1.377968430519104,0.6551488637924194,0.6285220980644226
34,5.211892,0.7686047768816003,9.093099,0.62468076,0.6350628,0.9111653566360474,0.5328375697135925,1.4987962245941162,0.6341572403907776,0.6423869132995605
35,5.2944646,0.7724245349163198,9.173122,0.6269588,0.6364048,0.9254773855209351,1.0024888515472412,1.537339448928833,0.6277596354484558,0.6471265554428101
36,5.3394504,0.7657330839686944,9.230677,0.6292982,0.6371756,0.9047757983207703,0.9430537819862366,1.51869797706604,0.6372656226158142,0.6448121666908264
37,5.3142366,0.7651450122458142,9.221446,0.6279737,0.63622355,0.8871772885322571,0.9684922695159912,1.4658559560775757,0.6507565975189209,0.6345309019088745
38,5.3933306,0.7635657895420346,9.262807,0.630783,0.6396094,0.9032706618309021,0.6056748032569885,1.5259612798690796,0.6195746660232544,0.6448591351509094
39,5.418711,0.7540401598081202,9.290218,0.6329389,0.64067215,0.9152410626411438,0.8730279207229614,1.5091052055358887,0.633067786693573,0.6471070647239685
40,5.4607024,0.756903279799381,9.34403,0.63386166,0.6416589,0.9386935234069824,0.9237033724784851,1.5449984073638916,0.6342275738716125,0.6520208716392517
41,5.4569154,0.7566933135927746,9.312438,0.6372431,0.64280796,0.9119991064071655,0.8982682228088379,1.5365371704101562,0.6173346042633057,0.6566466689109802
42,5.467512,0.7556638621758559,9.348647,0.6356244,0.6428834,0.9007143974304199,0.16764451563358307,1.4821312427520752,0.6414080262184143,0.6447059512138367
43,5.512103,0.7529332962427608,9.402523,0.63667005,0.64586514,0.9063641428947449,0.5383164882659912,1.4868677854537964,0.6520585417747498,0.6419668197631836
44,5.541109,0.7524686639840815,9.431556,0.64077485,0.6446201,0.9372010827064514,1.0027602910995483,1.5528342723846436,0.6252499222755432,0.6539854407310486
45,5.5276704,0.7536006297643024,9.407008,0.63641274,0.64555484,0.9318779110908508,0.5864896774291992,1.5391556024551392,0.6308819651603699,0.651022732257843
46,5.6013017,0.7498832433695168,9.502201,0.64169186,0.64564633,0.9125323295593262,0.5832570195198059,1.5196020603179932,0.6340317130088806,0.6495485305786133
47,5.64908,0.7469603555529798,9.616305,0.6407378,0.6477413,0.9296873807907104,0.5857161283493042,1.5413336753845215,0.631439745426178,0.6512231826782227
48,5.627507,0.7452918507112263,9.560011,0.63800216,0.6465984,0.9302898049354553,0.9033483862876892,1.5321308374404907,0.6365311741828918,0.6503333449363708
49,5.624929,0.7484565983975361,9.507481,0.64143586,0.64687806,0.9229782819747925,0.7536807656288147,1.5094131231307983,0.6450618505477905,0.6477076411247253
50,5.669039,0.7458886813122471,9.576612,0.6436346,0.65056366,0.9398457407951355,0.5434370040893555,1.5705382823944092,0.6279828548431396,0.6521743535995483
51,5.700098,0.7466305655059688,9.5919895,0.64477617,0.6487312,0.9504652619361877,0.7185659408569336,1.5623844861984253,0.6428459286689758,0.651766300201416
52,5.692951,0.7409078777998732,9.622655,0.6429191,0.65079755,0.9583473801612854,0.5125202536582947,1.5746605396270752,0.6413009166717529,0.6522600650787354
53,5.750694,0.7450018993545434,9.658166,0.6464189,0.6497644,0.957504153251648,0.9579449892044067,1.552903413772583,0.6589051485061646,0.6477704048156738
54,5.8066096,0.7373763718954672,9.755936,0.6446664,0.65120816,0.8884838223457336,0.9440367817878723,1.4386560916900635,0.661146879196167,0.635426938533783
55,5.7872214,0.7415675116403613,9.709146,0.6454229,0.6501052,0.9811099171638489,0.5055627226829529,1.6237409114837646,0.6166438460350037,0.661112368106842
56,5.7715454,0.7420604989374298,9.720755,0.64475644,0.6527277,0.9479909539222717,1.0271482467651367,1.5494247674942017,0.6409944891929626,0.6498488783836365
57,5.822552,0.7390569433999973,9.756799,0.6464506,0.65259266,0.948118269443512,0.5870140790939331,1.5445441007614136,0.6541458368301392,0.6470241546630859
58,5.798742,0.735615755543229,9.772089,0.64786816,0.65166354,0.9519815444946289,0.9174569845199585,1.5694576501846313,0.6330828070640564,0.6518867015838623
59,5.849785,0.7352383638995114,9.757979,0.65058315,0.65294886,0.964397132396698,0.8981027603149414,1.5930747985839844,0.6376040577888489,0.6524813175201416
60,5.861685,0.7335452178199652,9.809695,0.6506651,0.6531132,0.9583418965339661,0.9747809767723083,1.574160099029541,0.6399165391921997,0.6515125632286072
61,5.8969917,0.7316785835008632,9.795891,0.65169793,0.65538436,0.9213773608207703,0.9347752928733826,1.482887625694275,0.6673994064331055,0.6419505476951599
62,5.9188333,0.7324992364472979,9.823588,0.65320694,0.6551535,0.9427505135536194,0.7481690645217896,1.520753264427185,0.6606411337852478,0.6441735625267029
63,5.92174,0.7309703809817942,9.897675,0.6522818,0.6554777,0.9652360677719116,1.0023220777511597,1.5744129419326782,0.6449248790740967,0.6470584869384766
64,5.937187,0.7339742093255479,9.893753,0.6508619,0.6566419,0.9447458982467651,0.9640520215034485,1.544204592704773,0.6477527022361755,0.6423577070236206
65,5.9867887,0.7338943946612606,9.899174,0.65433913,0.6561594,0.963513970375061,0.5030122399330139,1.5712584257125854,0.6467750668525696,0.6504629850387573
66,5.9503345,0.7301227708758319,9.878323,0.652725,0.6569436,0.9642680287361145,0.9853006601333618,1.5632622241973877,0.6565338373184204,0.648219645023346
67,5.975485,0.7337538629375084,9.934118,0.652071,0.65612614,0.9642233848571777,1.0287388563156128,1.5735528469085693,0.6476283073425293,0.6488125920295715
68,6.0150294,0.7331018516221396,9.943089,0.65380937,0.6566717,0.9274356365203857,0.59866863489151,1.4999396800994873,0.6685701012611389,0.642223060131073
69,5.9997625,0.72604846631216,10.01051,0.65498513,0.6582932,0.9783859252929688,1.0052298307418823,1.6136665344238281,0.6429723501205444,0.65195232629776
70,6.077661,0.7276953995320801,10.021201,0.6559703,0.6588642,0.9441108107566833,0.9291439056396484,1.5445528030395508,0.6518489122390747,0.6476340293884277
71,6.009853,0.7279529644760439,9.984076,0.6528607,0.6584335,0.967544436454773,0.6634947061538696,1.571652889251709,0.6491450667381287,0.6529418230056763
72,6.0217295,0.7291076705905837,9.965534,0.65633124,0.6583937,0.9866452217102051,0.7441107034683228,1.5968616008758545,0.651908278465271,0.6540104746818542
73,6.044443,0.7274038754926643,10.003178,0.65668136,0.6600992,0.9745352268218994,0.7889103293418884,1.5795756578445435,0.6567406058311462,0.6506789326667786
74,6.0608897,0.7261481267543926,10.015827,0.65689147,0.6598046,0.9429141879081726,0.9256172776222229,1.5368497371673584,0.6518847942352295,0.6471014022827148
75,6.1385837,0.7260969497275055,10.084046,0.65836364,0.6606035,0.9479221701622009,0.9161263704299927,1.5359742641448975,0.6584993004798889,0.646015465259552
76,6.0956354,0.7236131868686951,10.026683,0.65956426,0.6600273,1.0005301237106323,0.7697635889053345,1.608454704284668,0.6520439386367798,0.6564635038375854
77,6.145562,0.724814440898144,10.122616,0.6585282,0.66132843,0.9796679019927979,0.985853374004364,1.565785527229309,0.657166063785553,0.6514008045196533
78,6.1913624,0.7248763235027258,10.12917,0.6620655,0.6607248,1.0066862106323242,0.869702160358429,1.6186505556106567,0.651619553565979,0.6555402874946594
79,6.132653,0.7247654983364104,10.088176,0.6583673,0.66157466,0.9668805003166199,0.8658347129821777,1.5667262077331543,0.6500802636146545,0.6505768299102783
80,6.1687737,0.7239104627795785,10.126362,0.6595972,0.6623758,0.9943360686302185,0.6545406579971313,1.6018832921981812,0.6435413360595703,0.6599856019020081
81,6.198171,0.722414837072076,10.185425,0.6597951,0.6631064,0.9582789540290833,0.9479253888130188,1.516571044921875,0.6733813285827637,0.6489742398262024
82,6.1712127,0.7257814725364055,10.147358,0.65952384,0.6622625,1.0000725984573364,0.5892119407653809,1.627268671989441,0.6370471715927124,0.6629320979118347
83,6.1846004,0.7202709268389179,10.168766,0.66045636,0.6617689,0.9807000756263733,0.16748075187206268,1.5662963390350342,0.6643751263618469,0.6525745391845703
84,6.2275805,0.7217945505555446,10.231145,0.65954643,0.6642329,1.0025888681411743,0.9163355827331543,1.5964974164962769,0.6552639007568359,0.6572937965393066
85,6.23084,0.721245223781248,10.191047,0.6629248,0.6629781,0.9930919408798218,0.0006841035792604089,1.5716406106948853,0.6596977114677429,0.6564691066741943
86,6.2879457,0.7211273740076237,10.249527,0.6647711,0.66453725,1.0046861171722412,0.5925068259239197,1.5882649421691895,0.6598766446113586,0.6571186184883118
87,6.216871,0.7228899246514681,10.209241,0.6611802,0.6640702,0.9921296834945679,0.810513973236084,1.5683664083480835,0.662594735622406,0.6543228626251221
88,6.2481303,0.7220228144582274,10.236423,0.662352,0.6640451,0.9986180067062378,0.9205127358436584,1.5844409465789795,0.6563631892204285,0.6574007272720337
89,6.2610693,0.717257570620632,10.273835,0.6622065,0.6649521,0.9957588315010071,0.8043725490570068,1.5866641998291016,0.6525101065635681,0.6596589088439941
90,6.2564645,0.7175779440636382,10.229019,0.66367155,0.6640736,0.9918767213821411,0.9611419439315796,1.5690839290618896,0.6633358001708984,0.6545337438583374
91,6.32963,0.7144894641366396,10.316167,0.66609657,0.6662672,1.0105950832366943,0.7831927537918091,1.592037558555603,0.6619125008583069,0.6569144129753113
92,6.288183,0.7161679042157443,10.285783,0.6647559,0.66589284,1.0156886577606201,0.925517201423645,1.6111445426940918,0.6585230231285095,0.6585788726806641
93,6.3438973,0.7131306239506942,10.347008,0.6659451,0.6661866,1.006827712059021,0.9611154198646545,1.5812668800354004,0.6712722182273865,0.6503384113311768
94,6.3369527,0.7190416324999933,10.324694,0.6653011,0.66496277,1.0399442911148071,0.8540660738945007,1.6291871070861816,0.6614388227462769,0.658517062664032
95,6.3791943,0.7192710134754314,10.385265,0.6660842,0.66653216,1.0292340517044067,0.4854821264743805,1.6291606426239014,0.6526922583580017,0.6600916981697083
96,6.328468,0.7151249498477592,10.337234,0.665441,0.66682386,1.012756586074829,0.8953102231025696,1.5923599004745483,0.6596196889877319,0.6593731641769409
97,6.361315,0.7145649589330841,10.40741,0.66621345,0.66757065,0.9686078429222107,0.4498416781425476,1.5153652429580688,0.6773245334625244,0.647184431552887
98,6.3781695,0.712630628888581,10.415831,0.6638853,0.66700554,1.0088155269622803,0.8541454672813416,1.5886433124542236,0.6549566984176636,0.6557859182357788
99,6.347359,0.7150353349617417,10.342957,0.6669274,0.6671306,1.0095171928405762,0.9758852124214172,1.600380539894104,0.6607686877250671,0.6503211259841919
100,6.3749275,0.7169095978210571,10.445921,0.6654217,0.667556,1.012545108795166,0.9326900243759155,1.6017205715179443,0.6612949371337891,0.6544749140739441
101,6.368888,0.7090125415654339,10.4127445,0.66642123,0.66767055,1.001271367073059,0.9702147245407104,1.586142897605896,0.6614518761634827,0.6556016206741333
102,6.4523273,0.7111058897119417,10.479325,0.6680219,0.66871566,0.9753730893135071,0.9830084443092346,1.5416613817214966,0.6702136993408203,0.6488198041915894
103,6.413089,0.715184589874075,10.418057,0.6668332,0.66914016,0.9860711693763733,0.9257356524467468,1.5565561056137085,0.6689956188201904,0.6483601927757263
104,6.418089,0.7111072839759348,10.4495125,0.6669259,0.66912943,1.0003865957260132,0.9763553142547607,1.5832679271697998,0.6579249501228333,0.6579521298408508
105,6.4632654,0.7117657112175607,10.481622,0.66882706,0.67024827,1.0200979709625244,0.9450145363807678,1.5923688411712646,0.66559898853302,0.6578062772750854
106,6.4237366,0.7074654009106006,10.460447,0.6678086,0.66901445,1.0110549926757812,0.16744591295719147,1.587878942489624,0.6663667559623718,0.6591395735740662
107,6.4697504,0.70475031052209,10.49673,0.6679433,0.6713819,1.0288543701171875,1.0025806427001953,1.6135549545288086,0.6568897366523743,0.6620262265205383
108,6.455255,0.709547130347414,10.488575,0.6712144,0.6714784,1.0114279985427856,0.9631420969963074,1.5694003105163574,0.6724663972854614,0.6571966409683228
109,6.467299,0.7108613037607413,10.453568,0.6725896,0.6700344,0.9835257530212402,1.0052448511123657,1.52396559715271,0.6886211633682251,0.6464529633522034
110,6.465297,0.7098964273917973,10.491832,0.66815555,0.67102176,1.0229068994522095,0.9093248248100281,1.6022921800613403,0.661862313747406,0.6591857075691223
111,6.4928875,0.709788540968099,10.482892,0.67051363,0.67071277,1.0352462530136108,1.0023733377456665,1.6210688352584839,0.6610555052757263,0.6611242890357971
112,6.517006,0.7051442745381417,10.524473,0.6727786,0.6722775,1.0243256092071533,0.1675681173801422,1.6245485544204712,0.6531702876091003,0.6576017141342163
113,6.4836736,0.7084769744966499,10.498286,0.67018926,0.6715463,1.0312219858169556,0.9743936657905579,1.6287522315979004,0.6542794704437256,0.6608349680900574
114,6.505646,0.707874952189264,10.534923,0.6702239,0.67220896,1.0403730869293213,1.0185006856918335,1.638938307762146,0.643462061882019,0.6606491804122925
115,6.5230207,0.7088138070102787,10.53836,0.67231435,0.67159337,0.9998078942298889,0.1674882471561432,1.581742525100708,0.6595429182052612,0.6531798243522644
116,6.529659,0.7081980309194875,10.526563,0.6715633,0.6722437,0.9856114983558655,0.9246037006378174,1.5571125745773315,0.66441410779953,0.6510545015335083
117,6.517777,0.7057120743180028,10.567147,0.672141,0.6717205,0.9986956715583801,0.8469185829162598,1.5604487657546997,0.6709052324295044,0.6537414193153381
118,6.573864,0.7059611623377399,10.616105,0.6732253,0.67293185,1.015890121459961,0.8908144235610962,1.5984948873519897,0.6598818898200989,0.6555197834968567
119,6.554876,0.7038811625805269,10.553797,0.67383003,0.67317724,1.018844723701477,1.0244566202163696,1.5994641780853271,0.6643623113632202,0.6558763384819031
120,6.56226,0.7055635627550938,10.573598,0.6726861,0.6731862,0.9973216652870178,1.0022697448730469,1.555269718170166,0.6778392791748047,0.6542266607284546
121,6.5980234,0.7088985584455422,10.6449585,0.67397475,0.6749115,1.0119503736495972,0.9792894721031189,1.6022549867630005,0.6610859632492065,0.6567144989967346
122,6.5554833,0.7036546811624176,10.5708475,0.67400944,0.6734882,1.018639087677002,0.9297083020210266,1.5903347730636597,0.6648741960525513,0.6585333943367004
123,6.6376886,0.7095394524601804,10.666918,0.6742354,0.6746177,0.9963452219963074,0.9096949696540833,1.559493899345398,0.6698369979858398,0.6530421376228333
124,6.5859213,0.7000644671238156,10.633597,0.6754476,0.6750425,1.0142457485198975,0.9337202310562134,1.5659350156784058,0.6801427602767944,0.6549108028411865
125,6.6280293,0.7041383176786293,10.651808,0.674903,0.6749043,1.0206313133239746,0.9376924633979797,1.602135419845581,0.6583094596862793,0.6584486961364746
126,6.609606,0.7039324324490871,10.630641,0.6754943,0.6744489,1.0296474695205688,0.509748101234436,1.6106579303741455,0.66566002368927,0.6590777635574341
127,6.5841007,0.703316675472929,10.620239,0.67330056,0.6741027,0.9906194806098938,0.9299172759056091,1.5534324645996094,0.6745095252990723,0.6508776545524597
128,6.6110196,0.7017644732702355,10.614044,0.67534775,0.6765032,1.015344500541687,0.8929181098937988,1.5974750518798828,0.66057288646698,0.6587194800376892
129,6.632187,0.7054099016902785,10.650574,0.6751523,0.6757741,1.0087648630142212,0.9638698697090149,1.5838803052902222,0.6701697707176208,0.6546325087547302
130,6.6857977,0.6971847190697461,10.748128,0.6755296,0.67770255,1.0169018507003784,0.5126101970672607,1.5902398824691772,0.6717765927314758,0.6566789746284485
131,6.681916,0.7016818069456241,10.743003,0.6756498,0.67519754,1.0321720838546753,0.49413853883743286,1.6191896200180054,0.6715554594993591,0.6560407280921936
132,6.646952,0.703987660947112,10.663541,0.677224,0.67522943,1.0144001245498657,0.879854679107666,1.59641695022583,0.6636940836906433,0.6555907726287842
133,6.6633434,0.7007159336634248,10.691682,0.67571306,0.676607,0.9794496297836304,0.8125960230827332,1.5442041158676147,0.6707651615142822,0.648958683013916
134,6.696391,0.6978818145515209,10.74454,0.6767644,0.6778573,1.0238864421844482,0.9089412689208984,1.612186312675476,0.6657909750938416,0.6536714434623718
135,6.659938,0.6958054231360624,10.692759,0.67639667,0.6775722,1.0086039304733276,0.946382462978363,1.591544508934021,0.6648451089859009,0.6534388065338135
136,6.704576,0.6959146144865269,10.7285,0.6779217,0.6775031,1.0271410942077637,0.5922148823738098,1.6055939197540283,0.6736024618148804,0.6586912870407104
137,6.7239146,0.699018472977064,10.792146,0.6770328,0.67740047,1.047519564628601,0.16750425100326538,1.6476572751998901,0.6630388498306274,0.6599061489105225
138,6.73104,0.698956600403451,10.77117,0.6775505,0.67858994,1.0451898574829102,0.472250372171402,1.655739426612854,0.6491368412971497,0.6629703044891357
139,6.7234273,0.6961424428963809,10.765227,0.676091,0.6782482,1.0664652585983276,0.8525095582008362,1.6744258403778076,0.6555774211883545,0.6631433963775635
140,6.733958,0.6992845785384199,10.768514,0.67937934,0.677663,1.0284132957458496,0.45199427008628845,1.5998955965042114,0.6674721240997314,0.656160295009613
141,6.73712,0.6970941330976028,10.797613,0.6785036,0.6782867,1.0340864658355713,0.9030445218086243,1.628808856010437,0.664546012878418,0.6606091856956482
142,6.8151135,0.6989799384289246,10.868309,0.67901736,0.6799861,1.0374921560287476,0.549854576587677,1.6174707412719727,0.6655936241149902,0.6600785851478577
143,6.809958,0.6979415441969302,10.859487,0.67880917,0.6787132,1.0581375360488892,0.5506840944290161,1.6515083312988281,0.6650444865226746,0.6590296626091003
144,6.80867,0.6956077012903232,10.905158,0.6783986,0.67890584,1.0339173078536987,0.8809716701507568,1.614896297454834,0.6774312853813171,0.6545900702476501
145,6.7734194,0.6973490703577835,10.871716,0.67887336,0.67998123,1.0459431409835815,1.0053449869155884,1.655434012413025,0.6596328616142273,0.6616706252098083
146,6.8492584,0.6933635568039931,10.926093,0.6805021,0.6803323,1.039930820465088,0.8784003853797913,1.640690565109253,0.6567614078521729,0.6621474623680115
147,6.8854313,0.6917181115091869,10.935858,0.6784728,0.6819871,1.042046070098877,0.9429211020469666,1.630037546157837,0.6647867560386658,0.6588340997695923
148,6.8409376,0.690912745811638,10.900845,0.6807216,0.68053097,1.034993290901184,0.8744527101516724,1.6305367946624756,0.656973659992218,0.657930314540863
149,6.8081193,0.6946480884834217,10.926106,0.6784593,0.67975444,1.0229965448379517,1.0054715871810913,1.6141343116760254,0.6653438210487366,0.6581463813781738
150,6.8753886,0.6903813979043604,10.939633,0.6784399,0.68173325,1.0440559387207031,0.8854811191558838,1.650197148323059,0.6579463481903076,0.6634489297866821
151,6.8109436,0.6935162647756604,10.889002,0.6793761,0.6807543,1.0296263694763184,0.8853949904441833,1.6258583068847656,0.6643191576004028,0.6626297235488892
152,6.834182,0.6913919355168171,10.932748,0.6787312,0.68076926,1.0288352966308594,1.001824140548706,1.6256024837493896,0.6630532741546631,0.6542677283287048
153,6.866597,0.6929624233737751,10.965472,0.6784625,0.68135834,1.004065990447998,0.8620982766151428,1.5661962032318115,0.6780204176902771,0.6539403796195984
154,6.888046,0.6914988492038712,10.934647,0.6807127,0.68104213,1.0244288444519043,0.9161429405212402,1.6068413257598877,0.6686803698539734,0.6564782857894897
155,6.89626,0.686704379435216,10.967087,0.680331,0.6816056,1.0216854810714722,0.8526706099510193,1.598812460899353,0.6688034534454346,0.6571186184883118
156,6.9119143,0.6849365143538358,10.967027,0.68155724,0.6825233,1.0485506057739258,0.837282121181488,1.6312168836593628,0.6729979515075684,0.6572503447532654
157,6.9253654,0.6897964420352078,10.984617,0.68269175,0.6829234,1.0010446310043335,0.9841071367263794,1.5660927295684814,0.6810895204544067,0.6453683376312256
158,6.9533725,0.6886143078983946,11.044224,0.6828342,0.6829059,1.024051308631897,0.9826131463050842,1.595396637916565,0.670240581035614,0.656242311000824
159,6.9360456,0.6889713953326161,11.008984,0.6813942,0.6823604,1.0546231269836426,0.8511374592781067,1.651374340057373,0.661701500415802,0.6599961519241333
160,6.916278,0.6880680190082552,11.048027,0.6807288,0.68346053,1.0624502897262573,0.9179088473320007,1.6367560625076294,0.6744182109832764,0.6615681648254395
161,6.9188232,0.6860191045901426,11.025448,0.682145,0.6824408,1.073388695716858,0.1674613505601883,1.6770551204681396,0.6668791770935059,0.6667009592056274
162,6.9653525,0.6867818395010022,11.071452,0.6809527,0.6837835,1.0681284666061401,0.9212687015533447,1.6522607803344727,0.6725285053253174,0.6616370677947998
163,6.948718,0.6910451969681032,11.020915,0.68276095,0.6828339,1.0655173063278198,1.0050075054168701,1.6574676036834717,0.6595777869224548,0.6618555784225464
164,6.933292,0.689248260011818,11.026073,0.683037,0.6838835,1.061392068862915,0.8942369818687439,1.6494841575622559,0.6686518788337708,0.6576423645019531
165,6.9625974,0.6836631526173835,11.0854225,0.6811902,0.6842486,1.048352837562561,0.8115208148956299,1.6189266443252563,0.6694720387458801,0.6571179032325745
166,6.9917965,0.6842500010618646,11.107481,0.6824127,0.6849662,1.0558115243911743,1.005112886428833,1.6498758792877197,0.6592800617218018,0.6640066504478455
167,7.0121117,0.6854873407696042,11.12797,0.6828383,0.68377244,1.062029242515564,0.5540407299995422,1.6525652408599854,0.669106662273407,0.6620988845825195
168,7.033151,0.6854170185343803,11.142153,0.6837968,0.68567973,1.0776447057724,1.0018070936203003,1.6800113916397095,0.6632421612739563,0.6638777256011963
169,7.0026045,0.6826250665877799,11.112723,0.6829665,0.68604946,1.0728117227554321,0.9425559043884277,1.6786353588104248,0.6699429750442505,0.6610663533210754
170,7.0168824,0.6852377406510346,11.115005,0.68333685,0.6855486,1.064561367034912,0.8263839483261108,1.6509056091308594,0.679333508014679,0.6574462056159973
171,7.0399036,0.6813468667918267,11.156146,0.6830711,0.6852051,1.087907075881958,0.7743303179740906,1.6931384801864624,0.6677961349487305,0.6656349301338196
172,7.0195837,0.6823664660131131,11.116499,0.68150496,0.6846125,1.0681408643722534,0.32311853766441345,1.6594353914260864,0.6710818409919739,0.6617040634155273
173,7.06649,0.6800971928222596,11.167822,0.6850242,0.6847294,1.0597267150878906,0.16742359101772308,1.6559269428253174,0.6629219651222229,0.6616674065589905
174,7.039601,0.6842030802169196,11.162862,0.6844862,0.6855141,1.0677043199539185,0.8816826343536377,1.6688048839569092,0.6600395441055298,0.6611581444740295
175,7.071252,0.6819939022526355,11.147278,0.6870407,0.6861269,1.0479687452316284,0.0006963457562960684,1.6270376443862915,0.673559308052063,0.6557620167732239
176,7.086618,0.6815209201364175,11.203748,0.6834777,0.68632567,1.071793556213379,1.0025110244750977,1.648864507675171,0.67353355884552,0.6624209880828857
177,7.0482364,0.6826566893741047,11.182381,0.683561,0.68532604,1.0772850513458252,0.4089352786540985,1.6698219776153564,0.6774069666862488,0.663646399974823
178,7.109175,0.6819972347776158,11.232213,0.6850904,0.68662417,1.088492751121521,0.0007392610423266888,1.680903673171997,0.6694894433021545,0.6650097966194153
179,7.117163,0.680042852216085,11.287698,0.68518484,0.6873945,1.0881788730621338,0.9030402898788452,1.6903173923492432,0.6739688515663147,0.6673455238342285
180,7.0908103,0.6775932419353546,11.203503,0.6867186,0.6870885,1.0767115354537964,0.8796539306640625,1.660216212272644,0.6782655119895935,0.6633369326591492
181,7.0822315,0.6792323787387188,11.201652,0.6861235,0.68790317,1.0946094989776611,0.8886245489120483,1.6989542245864868,0.6685764789581299,0.6661254167556763
182,7.1103287,0.6796766169799285,11.260147,0.68604195,0.6866286,1.0780017375946045,0.8570492267608643,1.6763231754302979,0.6733660101890564,0.6582600474357605
183,7.124616,0.6793110250392217,11.268443,0.68533844,0.68654233,1.096213936805725,0.16742804646492004,1.6938594579696655,0.6690898537635803,0.6633191704750061
184,7.144017,0.6828302776966936,11.279525,0.68519026,0.68771386,1.0954160690307617,0.9670105576515198,1.7028095722198486,0.6638553142547607,0.6648628115653992
185,7.177876,0.6746936974619834,11.323354,0.68678504,0.6883069,1.0850238800048828,0.5804245471954346,1.6799547672271729,0.6711649298667908,0.6627748012542725
186,7.179653,0.6741772820379777,11.339296,0.6851737,0.6881888,1.0925856828689575,1.0246888399124146,1.6915744543075562,0.6592141389846802,0.6698480248451233
187,7.163748,0.679911594634495,11.257333,0.68644404,0.68874776,1.0975232124328613,0.8898602724075317,1.7087349891662598,0.660818338394165,0.6657775044441223
188,7.1832047,0.6813505679868778,11.290635,0.6881909,0.68840015,1.0640017986297607,0.9751095175743103,1.6374262571334839,0.681653618812561,0.6577543020248413
189,7.149845,0.6776172362337711,11.300911,0.68535477,0.68857574,1.0620282888412476,0.5615450739860535,1.659006953239441,0.663314163684845,0.6646285057067871
190,7.1068583,0.6773465823225223,11.242704,0.6857481,0.6879789,1.0481468439102173,0.9440343379974365,1.6170388460159302,0.6734923124313354,0.6607701182365417
191,7.2027097,0.6774523922310511,11.365726,0.6884239,0.68993664,1.0542877912521362,0.9771277904510498,1.6323062181472778,0.6718583703041077,0.6590837836265564
192,7.182212,0.6733514752686489,11.307576,0.6875504,0.6889049,1.0543676614761353,0.9230368137359619,1.627059817314148,0.6770139932632446,0.65972501039505
193,7.1877074,0.6737644085471697,11.315295,0.6865929,0.68855447,1.077391266822815,0.5812183618545532,1.6678187847137451,0.6711440682411194,0.6658869981765747
194,7.19915,0.6719516091536899,11.366276,0.68814063,0.69070375,1.0806889533996582,0.9241196513175964,1.6860357522964478,0.665154755115509,0.6665844917297363
195,7.194614,0.6718775287427462,11.357561,0.6887107,0.6895257,1.094154953956604,1.0025999546051025,1.6909512281417847,0.6637203693389893,0.6693318486213684
196,7.2474937,0.673301880984522,11.383672,0.6893664,0.69030774,1.093906044960022,0.9234855771064758,1.696810007095337,0.6707858443260193,0.6667766571044922
197,7.2252264,0.6730202369583704,11.340163,0.69042194,0.6890338,1.0780608654022217,0.9135429859161377,1.6626626253128052,0.6693092584609985,0.6661615371704102
198,7.2523775,0.6731701485344823,11.37099,0.6883485,0.68931705,1.0729273557662964,0.1674547642469406,1.6479896306991577,0.681128740310669,0.6620196104049683
199,7.2274294,0.6741901191297262,11.361153,0.6882873,0.6901623,1.0900548696517944,0.5661024451255798,1.6800596714019775,0.6726329922676086,0.6685717701911926
