2020-05-01 21:08:29.794330: I tensorflow/core/platform/cpu_feature_guard.cc:141] Your CPU supports instructions that this TensorFlow binary was not compiled to use: AVX2 FMA
2020-05-01 21:08:29.892407: I tensorflow/stream_executor/cuda/cuda_gpu_executor.cc:998] successful NUMA node read from SysFS had negative value (-1), but there must be at least one NUMA node, so returning NUMA node zero
2020-05-01 21:08:29.892856: I tensorflow/compiler/xla/service/service.cc:150] XLA service 0x1542840 executing computations on platform CUDA. Devices:
2020-05-01 21:08:29.892875: I tensorflow/compiler/xla/service/service.cc:158]   StreamExecutor device (0): GeForce GTX 1070, Compute Capability 6.1
2020-05-01 21:08:29.911490: I tensorflow/core/platform/profile_utils/cpu_utils.cc:94] CPU Frequency: 3600165000 Hz
2020-05-01 21:08:29.911873: I tensorflow/compiler/xla/service/service.cc:150] XLA service 0x1c06940 executing computations on platform Host. Devices:
2020-05-01 21:08:29.911902: I tensorflow/compiler/xla/service/service.cc:158]   StreamExecutor device (0): <undefined>, <undefined>
2020-05-01 21:08:29.912032: I tensorflow/core/common_runtime/gpu/gpu_device.cc:1433] Found device 0 with properties: 
name: GeForce GTX 1070 major: 6 minor: 1 memoryClockRate(GHz): 1.7465
pciBusID: 0000:01:00.0
totalMemory: 7.93GiB freeMemory: 7.54GiB
2020-05-01 21:08:29.912055: I tensorflow/core/common_runtime/gpu/gpu_device.cc:1512] Adding visible gpu devices: 0
2020-05-01 21:08:29.914755: I tensorflow/core/common_runtime/gpu/gpu_device.cc:984] Device interconnect StreamExecutor with strength 1 edge matrix:
2020-05-01 21:08:29.914778: I tensorflow/core/common_runtime/gpu/gpu_device.cc:990]      0 
2020-05-01 21:08:29.914788: I tensorflow/core/common_runtime/gpu/gpu_device.cc:1003] 0:   N 
2020-05-01 21:08:29.914857: I tensorflow/core/common_runtime/gpu/gpu_device.cc:1115] Created TensorFlow device (/job:localhost/replica:0/task:0/device:GPU:0 with 7337 MB memory) -> physical GPU (device: 0, name: GeForce GTX 1070, pci bus id: 0000:01:00.0, compute capability: 6.1)
Using TensorFlow backend.
/home/polina/.local/lib/python3.6/site-packages/tensorflow/python/framework/dtypes.py:526: FutureWarning: Passing (type, 1) or '1type' as a synonym of type is deprecated; in a future version of numpy, it will be understood as (type, (1,)) / '(1,)type'.
  _np_qint8 = np.dtype([("qint8", np.int8, 1)])
/home/polina/.local/lib/python3.6/site-packages/tensorflow/python/framework/dtypes.py:527: FutureWarning: Passing (type, 1) or '1type' as a synonym of type is deprecated; in a future version of numpy, it will be understood as (type, (1,)) / '(1,)type'.
  _np_quint8 = np.dtype([("quint8", np.uint8, 1)])
/home/polina/.local/lib/python3.6/site-packages/tensorflow/python/framework/dtypes.py:528: FutureWarning: Passing (type, 1) or '1type' as a synonym of type is deprecated; in a future version of numpy, it will be understood as (type, (1,)) / '(1,)type'.
  _np_qint16 = np.dtype([("qint16", np.int16, 1)])
/home/polina/.local/lib/python3.6/site-packages/tensorflow/python/framework/dtypes.py:529: FutureWarning: Passing (type, 1) or '1type' as a synonym of type is deprecated; in a future version of numpy, it will be understood as (type, (1,)) / '(1,)type'.
  _np_quint16 = np.dtype([("quint16", np.uint16, 1)])
/home/polina/.local/lib/python3.6/site-packages/tensorflow/python/framework/dtypes.py:530: FutureWarning: Passing (type, 1) or '1type' as a synonym of type is deprecated; in a future version of numpy, it will be understood as (type, (1,)) / '(1,)type'.
  _np_qint32 = np.dtype([("qint32", np.int32, 1)])
/home/polina/.local/lib/python3.6/site-packages/tensorflow/python/framework/dtypes.py:535: FutureWarning: Passing (type, 1) or '1type' as a synonym of type is deprecated; in a future version of numpy, it will be understood as (type, (1,)) / '(1,)type'.
  np_resource = np.dtype([("resource", np.ubyte, 1)])
WARNING:tensorflow:From /home/polina/.local/lib/python3.6/site-packages/tensorflow/python/ops/resource_variable_ops.py:435: colocate_with (from tensorflow.python.framework.ops) is deprecated and will be removed in a future version.
Instructions for updating:
Colocations handled automatically by placer.
WARNING:tensorflow:From /home/polina/.local/lib/python3.6/site-packages/tensorflow/python/ops/math_ops.py:3066: to_int32 (from tensorflow.python.ops.math_ops) is deprecated and will be removed in a future version.
Instructions for updating:
Use tf.cast instead.
Epoch 1/500
 - 214s - loss: 0.5083 - f_mera: 2.3578e-04 - val_loss: 0.5084 - val_f_mera: 2.2919e-05
Epoch 2/500
 - 203s - loss: 0.3853 - f_mera: 0.2381 - val_loss: 0.1952 - val_f_mera: 0.6841
Epoch 3/500
 - 203s - loss: 0.1459 - f_mera: 0.6970 - val_loss: 0.1862 - val_f_mera: 0.6884
Epoch 4/500
 - 203s - loss: 0.1442 - f_mera: 0.6993 - val_loss: 0.0796 - val_f_mera: 0.6933
Epoch 5/500
 - 203s - loss: 0.1430 - f_mera: 0.7009 - val_loss: 0.1420 - val_f_mera: 0.6943
Epoch 6/500
 - 203s - loss: 0.1424 - f_mera: 0.7025 - val_loss: 0.1538 - val_f_mera: 0.6950
Epoch 7/500
 - 204s - loss: 0.1417 - f_mera: 0.7035 - val_loss: 0.1769 - val_f_mera: 0.6929
Epoch 8/500
 - 203s - loss: 0.1414 - f_mera: 0.7035 - val_loss: 0.2345 - val_f_mera: 0.6931
Epoch 9/500
 - 203s - loss: 0.1411 - f_mera: 0.7043 - val_loss: 0.1212 - val_f_mera: 0.6966
Epoch 10/500
 - 203s - loss: 0.1406 - f_mera: 0.7052 - val_loss: 0.1235 - val_f_mera: 0.6943
Epoch 11/500
 - 201s - loss: 0.1405 - f_mera: 0.7054 - val_loss: 0.2344 - val_f_mera: 0.6987
Epoch 12/500
 - 210s - loss: 0.1401 - f_mera: 0.7063 - val_loss: 0.1414 - val_f_mera: 0.6958
Epoch 13/500
 - 210s - loss: 0.1399 - f_mera: 0.7061 - val_loss: 0.1193 - val_f_mera: 0.6944
Epoch 14/500
 - 210s - loss: 0.1399 - f_mera: 0.7062 - val_loss: 0.1313 - val_f_mera: 0.6942
Epoch 15/500
 - 210s - loss: 0.1396 - f_mera: 0.7067 - val_loss: 0.2057 - val_f_mera: 0.6984
Epoch 16/500
 - 210s - loss: 0.1395 - f_mera: 0.7067 - val_loss: 0.1675 - val_f_mera: 0.6971
Epoch 17/500
 - 210s - loss: 0.1393 - f_mera: 0.7071 - val_loss: 0.1221 - val_f_mera: 0.6927
Epoch 18/500
 - 210s - loss: 0.1393 - f_mera: 0.7069 - val_loss: 0.1615 - val_f_mera: 0.6977
Epoch 19/500
 - 210s - loss: 0.1391 - f_mera: 0.7074 - val_loss: 0.1161 - val_f_mera: 0.6974
Epoch 20/500
 - 210s - loss: 0.1391 - f_mera: 0.7072 - val_loss: 0.1391 - val_f_mera: 0.6954
Epoch 21/500
 - 210s - loss: 0.1391 - f_mera: 0.7076 - val_loss: 0.1113 - val_f_mera: 0.7005
Epoch 22/500
 - 210s - loss: 0.1389 - f_mera: 0.7080 - val_loss: 0.1446 - val_f_mera: 0.6961
Epoch 23/500
 - 210s - loss: 0.1388 - f_mera: 0.7075 - val_loss: 0.2602 - val_f_mera: 0.6971
Epoch 24/500
 - 210s - loss: 0.1388 - f_mera: 0.7075 - val_loss: 0.1716 - val_f_mera: 0.7000
Epoch 25/500
 - 210s - loss: 0.1384 - f_mera: 0.7083 - val_loss: 0.1111 - val_f_mera: 0.6967
Epoch 26/500
 - 210s - loss: 0.1383 - f_mera: 0.7083 - val_loss: 0.1345 - val_f_mera: 0.6994
Epoch 27/500
 - 210s - loss: 0.1382 - f_mera: 0.7088 - val_loss: 0.1772 - val_f_mera: 0.7004
Epoch 28/500
 - 210s - loss: 0.1382 - f_mera: 0.7085 - val_loss: 0.1164 - val_f_mera: 0.6949
Epoch 29/500
 - 210s - loss: 0.1381 - f_mera: 0.7084 - val_loss: 0.0730 - val_f_mera: 0.6988
Epoch 30/500
 - 210s - loss: 0.1378 - f_mera: 0.7090 - val_loss: 0.1487 - val_f_mera: 0.6971
Epoch 31/500
 - 210s - loss: 0.1382 - f_mera: 0.7076 - val_loss: 0.1253 - val_f_mera: 0.6986
Epoch 32/500
 - 210s - loss: 0.1379 - f_mera: 0.7088 - val_loss: 0.1560 - val_f_mera: 0.6981
Epoch 33/500
 - 210s - loss: 0.1380 - f_mera: 0.7081 - val_loss: 0.1234 - val_f_mera: 0.6988
Epoch 34/500
 - 211s - loss: 0.1377 - f_mera: 0.7091 - val_loss: 0.1931 - val_f_mera: 0.6989
Epoch 35/500
 - 210s - loss: 0.1378 - f_mera: 0.7092 - val_loss: 0.1193 - val_f_mera: 0.6919
Epoch 36/500
 - 210s - loss: 0.1377 - f_mera: 0.7093 - val_loss: 0.1158 - val_f_mera: 0.6982
Epoch 37/500
 - 210s - loss: 0.1378 - f_mera: 0.7083 - val_loss: 0.1611 - val_f_mera: 0.6989
Epoch 38/500
 - 210s - loss: 0.1374 - f_mera: 0.7096 - val_loss: 0.1044 - val_f_mera: 0.7013
Epoch 39/500
 - 210s - loss: 0.1376 - f_mera: 0.7089 - val_loss: 0.0937 - val_f_mera: 0.6917
Epoch 40/500
 - 210s - loss: 0.1374 - f_mera: 0.7092 - val_loss: 0.3251 - val_f_mera: 0.7007
Epoch 41/500
 - 210s - loss: 0.1374 - f_mera: 0.7098 - val_loss: 0.0802 - val_f_mera: 0.6972
Epoch 42/500
 - 210s - loss: 0.1376 - f_mera: 0.7091 - val_loss: 0.1185 - val_f_mera: 0.6998
Epoch 43/500
 - 210s - loss: 0.1372 - f_mera: 0.7098 - val_loss: 0.1391 - val_f_mera: 0.6954
Epoch 44/500
 - 210s - loss: 0.1374 - f_mera: 0.7093 - val_loss: 0.1218 - val_f_mera: 0.6978
Epoch 45/500
 - 210s - loss: 0.1371 - f_mera: 0.7102 - val_loss: 0.1239 - val_f_mera: 0.7004
Epoch 46/500
 - 210s - loss: 0.1372 - f_mera: 0.7101 - val_loss: 0.2020 - val_f_mera: 0.6954
Epoch 47/500
 - 210s - loss: 0.1374 - f_mera: 0.7094 - val_loss: 0.0868 - val_f_mera: 0.6999
Epoch 48/500
 - 210s - loss: 0.1372 - f_mera: 0.7099 - val_loss: 0.1835 - val_f_mera: 0.6999
Epoch 49/500
 - 210s - loss: 0.1372 - f_mera: 0.7096 - val_loss: 0.2921 - val_f_mera: 0.6944
Epoch 50/500
 - 210s - loss: 0.1370 - f_mera: 0.7100 - val_loss: 0.1646 - val_f_mera: 0.7006
Epoch 51/500
 - 210s - loss: 0.1369 - f_mera: 0.7103 - val_loss: 0.1162 - val_f_mera: 0.7009
Epoch 52/500
 - 210s - loss: 0.1369 - f_mera: 0.7098 - val_loss: 0.1435 - val_f_mera: 0.6997
Epoch 53/500
 - 210s - loss: 0.1371 - f_mera: 0.7102 - val_loss: 0.0613 - val_f_mera: 0.7012
Epoch 54/500
 - 210s - loss: 0.1369 - f_mera: 0.7103 - val_loss: 0.1874 - val_f_mera: 0.6988
Epoch 55/500
 - 210s - loss: 0.1368 - f_mera: 0.7100 - val_loss: 0.1594 - val_f_mera: 0.7013
Epoch 56/500
 - 210s - loss: 0.1370 - f_mera: 0.7103 - val_loss: 0.1312 - val_f_mera: 0.6994
Epoch 57/500
 - 210s - loss: 0.1369 - f_mera: 0.7099 - val_loss: 0.1166 - val_f_mera: 0.6967
Epoch 58/500
 - 210s - loss: 0.1371 - f_mera: 0.7096 - val_loss: 0.1986 - val_f_mera: 0.6999
Epoch 59/500
 - 210s - loss: 0.1368 - f_mera: 0.7104 - val_loss: 0.1203 - val_f_mera: 0.7007
Epoch 60/500
 - 210s - loss: 0.1367 - f_mera: 0.7102 - val_loss: 0.2714 - val_f_mera: 0.6995
Epoch 61/500
 - 210s - loss: 0.1367 - f_mera: 0.7102 - val_loss: 0.2415 - val_f_mera: 0.6957
Epoch 62/500
 - 210s - loss: 0.1370 - f_mera: 0.7097 - val_loss: 0.0996 - val_f_mera: 0.6995
Epoch 63/500
 - 210s - loss: 0.1369 - f_mera: 0.7101 - val_loss: 0.0729 - val_f_mera: 0.6988
Epoch 64/500
 - 210s - loss: 0.1366 - f_mera: 0.7102 - val_loss: 0.1166 - val_f_mera: 0.7002
Epoch 65/500
 - 210s - loss: 0.1365 - f_mera: 0.7109 - val_loss: 0.1751 - val_f_mera: 0.6991
Epoch 66/500
 - 210s - loss: 0.1367 - f_mera: 0.7102 - val_loss: 0.1550 - val_f_mera: 0.6954
Epoch 67/500
 - 210s - loss: 0.1366 - f_mera: 0.7098 - val_loss: 0.1222 - val_f_mera: 0.6988
Epoch 68/500
 - 210s - loss: 0.1362 - f_mera: 0.7110 - val_loss: 0.1672 - val_f_mera: 0.7011
Epoch 69/500
 - 210s - loss: 0.1368 - f_mera: 0.7087 - val_loss: 0.1589 - val_f_mera: 0.6929
Epoch 70/500
 - 210s - loss: 0.1367 - f_mera: 0.7091 - val_loss: 0.1128 - val_f_mera: 0.6987
Epoch 71/500
 - 210s - loss: 0.1362 - f_mera: 0.7106 - val_loss: 0.0746 - val_f_mera: 0.6965
Epoch 72/500
 - 210s - loss: 0.1362 - f_mera: 0.7111 - val_loss: 0.1557 - val_f_mera: 0.6961
Epoch 73/500
 - 210s - loss: 0.1365 - f_mera: 0.7101 - val_loss: 0.0798 - val_f_mera: 0.7010
Epoch 74/500
 - 210s - loss: 0.1359 - f_mera: 0.7113 - val_loss: 0.1055 - val_f_mera: 0.6994
Epoch 75/500
 - 210s - loss: 0.1365 - f_mera: 0.7105 - val_loss: 0.1182 - val_f_mera: 0.6980
Epoch 76/500
 - 210s - loss: 0.1362 - f_mera: 0.7110 - val_loss: 0.0832 - val_f_mera: 0.6989
Epoch 77/500
 - 210s - loss: 0.1359 - f_mera: 0.7112 - val_loss: 0.1221 - val_f_mera: 0.6959
Epoch 78/500
 - 210s - loss: 0.1361 - f_mera: 0.7106 - val_loss: 0.1376 - val_f_mera: 0.6987
Epoch 79/500
 - 210s - loss: 0.1362 - f_mera: 0.7106 - val_loss: 0.1671 - val_f_mera: 0.6937
Epoch 80/500
 - 210s - loss: 0.1362 - f_mera: 0.7102 - val_loss: 0.0677 - val_f_mera: 0.7019
Epoch 81/500
 - 210s - loss: 0.1360 - f_mera: 0.7109 - val_loss: 0.1645 - val_f_mera: 0.7000
Epoch 82/500
 - 210s - loss: 0.1358 - f_mera: 0.7114 - val_loss: 0.2153 - val_f_mera: 0.6980
Epoch 83/500
 - 210s - loss: 0.1357 - f_mera: 0.7115 - val_loss: 0.1547 - val_f_mera: 0.7020
Epoch 84/500
 - 210s - loss: 0.1360 - f_mera: 0.7107 - val_loss: 0.1011 - val_f_mera: 0.6992
Epoch 85/500
 - 210s - loss: 0.1361 - f_mera: 0.7102 - val_loss: 0.1763 - val_f_mera: 0.6951
Epoch 86/500
 - 210s - loss: 0.1357 - f_mera: 0.7113 - val_loss: 0.0684 - val_f_mera: 0.7003
Epoch 87/500
 - 210s - loss: 0.1359 - f_mera: 0.7107 - val_loss: 0.1292 - val_f_mera: 0.7015
Epoch 88/500
 - 210s - loss: 0.1358 - f_mera: 0.7114 - val_loss: 0.1633 - val_f_mera: 0.6989
Epoch 89/500
 - 210s - loss: 0.1361 - f_mera: 0.7102 - val_loss: 0.1259 - val_f_mera: 0.6985
Epoch 90/500
 - 210s - loss: 0.1359 - f_mera: 0.7107 - val_loss: 0.1116 - val_f_mera: 0.6946
Epoch 91/500
 - 210s - loss: 0.1356 - f_mera: 0.7114 - val_loss: 0.1254 - val_f_mera: 0.7013
Epoch 92/500
 - 210s - loss: 0.1356 - f_mera: 0.7114 - val_loss: 0.1114 - val_f_mera: 0.6979
Epoch 93/500
 - 210s - loss: 0.1359 - f_mera: 0.7103 - val_loss: 0.0931 - val_f_mera: 0.6962
Epoch 94/500
 - 210s - loss: 0.1355 - f_mera: 0.7114 - val_loss: 0.1113 - val_f_mera: 0.6894
Epoch 95/500
 - 210s - loss: 0.1357 - f_mera: 0.7110 - val_loss: 0.1628 - val_f_mera: 0.7001
Epoch 96/500
 - 210s - loss: 0.1355 - f_mera: 0.7114 - val_loss: 0.1933 - val_f_mera: 0.6988
Epoch 97/500
 - 210s - loss: 0.1354 - f_mera: 0.7115 - val_loss: 0.1737 - val_f_mera: 0.6999
Epoch 98/500
 - 210s - loss: 0.1361 - f_mera: 0.7106 - val_loss: 0.1531 - val_f_mera: 0.7005
Epoch 99/500
 - 210s - loss: 0.1357 - f_mera: 0.7108 - val_loss: 0.1148 - val_f_mera: 0.6975
Epoch 100/500
 - 210s - loss: 0.1355 - f_mera: 0.7112 - val_loss: 0.1290 - val_f_mera: 0.6997
Epoch 101/500
 - 210s - loss: 0.1358 - f_mera: 0.7105 - val_loss: 0.1325 - val_f_mera: 0.7008
Epoch 102/500
 - 210s - loss: 0.1354 - f_mera: 0.7112 - val_loss: 0.1368 - val_f_mera: 0.6982
Epoch 103/500
 - 210s - loss: 0.1354 - f_mera: 0.7111 - val_loss: 0.1250 - val_f_mera: 0.7036
Epoch 104/500
 - 210s - loss: 0.1353 - f_mera: 0.7117 - val_loss: 0.1699 - val_f_mera: 0.6988
Epoch 105/500
 - 210s - loss: 0.1358 - f_mera: 0.7106 - val_loss: 0.2105 - val_f_mera: 0.6993
Epoch 106/500
 - 210s - loss: 0.1355 - f_mera: 0.7109 - val_loss: 0.0879 - val_f_mera: 0.6958
Epoch 107/500
 - 210s - loss: 0.1353 - f_mera: 0.7115 - val_loss: 0.1353 - val_f_mera: 0.6998
Epoch 108/500
 - 210s - loss: 0.1355 - f_mera: 0.7109 - val_loss: 0.1594 - val_f_mera: 0.7030
Epoch 109/500
 - 210s - loss: 0.1352 - f_mera: 0.7116 - val_loss: 0.2670 - val_f_mera: 0.6976
Epoch 110/500
 - 210s - loss: 0.1354 - f_mera: 0.7107 - val_loss: 0.1180 - val_f_mera: 0.6975
Epoch 111/500
 - 210s - loss: 0.1356 - f_mera: 0.7105 - val_loss: 0.1774 - val_f_mera: 0.6969
Epoch 112/500
 - 210s - loss: 0.1356 - f_mera: 0.7107 - val_loss: 0.1327 - val_f_mera: 0.6971
Epoch 113/500
 - 210s - loss: 0.1351 - f_mera: 0.7113 - val_loss: 0.1636 - val_f_mera: 0.6984
Epoch 114/500
 - 210s - loss: 0.1353 - f_mera: 0.7110 - val_loss: 0.1023 - val_f_mera: 0.6976
Epoch 115/500
 - 210s - loss: 0.1352 - f_mera: 0.7113 - val_loss: 0.1056 - val_f_mera: 0.7014
Epoch 116/500
 - 210s - loss: 0.1354 - f_mera: 0.7113 - val_loss: 0.1709 - val_f_mera: 0.6982
Epoch 117/500
 - 210s - loss: 0.1359 - f_mera: 0.7101 - val_loss: 0.1158 - val_f_mera: 0.6982
Epoch 118/500
 - 210s - loss: 0.1358 - f_mera: 0.7102 - val_loss: 0.2573 - val_f_mera: 0.7012
Epoch 119/500
 - 210s - loss: 0.1352 - f_mera: 0.7113 - val_loss: 0.1647 - val_f_mera: 0.6985
Epoch 120/500
 - 210s - loss: 0.1356 - f_mera: 0.7103 - val_loss: 0.1776 - val_f_mera: 0.6971
Epoch 121/500
 - 210s - loss: 0.1351 - f_mera: 0.7116 - val_loss: 0.1948 - val_f_mera: 0.6981
Epoch 122/500
 - 210s - loss: 0.1354 - f_mera: 0.7109 - val_loss: 0.2251 - val_f_mera: 0.6981
Epoch 123/500
 - 210s - loss: 0.1350 - f_mera: 0.7119 - val_loss: 0.1298 - val_f_mera: 0.7031
Epoch 124/500
 - 210s - loss: 0.1354 - f_mera: 0.7110 - val_loss: 0.1540 - val_f_mera: 0.6968
Epoch 125/500
 - 210s - loss: 0.1352 - f_mera: 0.7110 - val_loss: 0.1242 - val_f_mera: 0.6990
Epoch 126/500
 - 210s - loss: 0.1353 - f_mera: 0.7110 - val_loss: 0.1479 - val_f_mera: 0.6958
Epoch 127/500
 - 210s - loss: 0.1354 - f_mera: 0.7111 - val_loss: 0.1318 - val_f_mera: 0.6984
Epoch 128/500
 - 210s - loss: 0.1351 - f_mera: 0.7112 - val_loss: 0.1690 - val_f_mera: 0.7010
Epoch 129/500
 - 210s - loss: 0.1354 - f_mera: 0.7107 - val_loss: 0.1618 - val_f_mera: 0.6982
Epoch 130/500
 - 210s - loss: 0.1352 - f_mera: 0.7106 - val_loss: 0.1832 - val_f_mera: 0.6995
Epoch 131/500
 - 210s - loss: 0.1352 - f_mera: 0.7113 - val_loss: 0.0798 - val_f_mera: 0.6966
Epoch 132/500
 - 210s - loss: 0.1351 - f_mera: 0.7116 - val_loss: 0.1190 - val_f_mera: 0.6986
Epoch 133/500
 - 210s - loss: 0.1349 - f_mera: 0.7119 - val_loss: 0.1265 - val_f_mera: 0.7002
Epoch 134/500
 - 210s - loss: 0.1348 - f_mera: 0.7116 - val_loss: 0.0644 - val_f_mera: 0.6984
Epoch 135/500
 - 210s - loss: 0.1352 - f_mera: 0.7111 - val_loss: 0.1404 - val_f_mera: 0.7006
Epoch 136/500
 - 210s - loss: 0.1352 - f_mera: 0.7109 - val_loss: 0.1720 - val_f_mera: 0.6983
Epoch 137/500
 - 210s - loss: 0.1349 - f_mera: 0.7115 - val_loss: 0.1216 - val_f_mera: 0.6992
Epoch 138/500
 - 210s - loss: 0.1351 - f_mera: 0.7110 - val_loss: 0.2362 - val_f_mera: 0.6981
Epoch 139/500
 - 210s - loss: 0.1347 - f_mera: 0.7115 - val_loss: 0.1534 - val_f_mera: 0.7000
Epoch 140/500
 - 210s - loss: 0.1347 - f_mera: 0.7114 - val_loss: 0.1616 - val_f_mera: 0.7020
Epoch 141/500
 - 210s - loss: 0.1351 - f_mera: 0.7114 - val_loss: 0.1396 - val_f_mera: 0.7002
Epoch 142/500
 - 210s - loss: 0.1348 - f_mera: 0.7116 - val_loss: 0.1205 - val_f_mera: 0.7009
Epoch 143/500
 - 210s - loss: 0.1346 - f_mera: 0.7119 - val_loss: 0.0964 - val_f_mera: 0.6972
Epoch 144/500
 - 210s - loss: 0.1348 - f_mera: 0.7115 - val_loss: 0.1081 - val_f_mera: 0.6976
Epoch 145/500
 - 210s - loss: 0.1348 - f_mera: 0.7115 - val_loss: 0.2304 - val_f_mera: 0.6979
Epoch 146/500
 - 210s - loss: 0.1349 - f_mera: 0.7112 - val_loss: 0.1509 - val_f_mera: 0.6985
Epoch 147/500
 - 210s - loss: 0.1345 - f_mera: 0.7118 - val_loss: 0.1784 - val_f_mera: 0.6978
Epoch 148/500
 - 210s - loss: 0.1348 - f_mera: 0.7112 - val_loss: 0.1616 - val_f_mera: 0.7016
Epoch 149/500
 - 210s - loss: 0.1348 - f_mera: 0.7111 - val_loss: 0.1371 - val_f_mera: 0.6986
Epoch 150/500
 - 210s - loss: 0.1349 - f_mera: 0.7110 - val_loss: 0.0755 - val_f_mera: 0.6949
Epoch 151/500
 - 210s - loss: 0.1352 - f_mera: 0.7101 - val_loss: 0.2502 - val_f_mera: 0.6988
Epoch 152/500
 - 210s - loss: 0.1346 - f_mera: 0.7112 - val_loss: 0.1809 - val_f_mera: 0.6996
Epoch 153/500
 - 210s - loss: 0.1348 - f_mera: 0.7108 - val_loss: 0.0932 - val_f_mera: 0.7019
Epoch 154/500
 - 210s - loss: 0.1347 - f_mera: 0.7113 - val_loss: 0.1522 - val_f_mera: 0.6969
Epoch 155/500
 - 210s - loss: 0.1346 - f_mera: 0.7113 - val_loss: 0.1426 - val_f_mera: 0.6968
Epoch 156/500
 - 210s - loss: 0.1346 - f_mera: 0.7111 - val_loss: 0.1045 - val_f_mera: 0.7011
Epoch 157/500
 - 210s - loss: 0.1344 - f_mera: 0.7116 - val_loss: 0.1319 - val_f_mera: 0.6986
Epoch 158/500
 - 210s - loss: 0.1348 - f_mera: 0.7109 - val_loss: 0.0827 - val_f_mera: 0.6969
Epoch 159/500
 - 210s - loss: 0.1347 - f_mera: 0.7110 - val_loss: 0.0970 - val_f_mera: 0.6985
Epoch 160/500
 - 210s - loss: 0.1345 - f_mera: 0.7111 - val_loss: 0.0790 - val_f_mera: 0.6953
Epoch 161/500
 - 210s - loss: 0.1345 - f_mera: 0.7114 - val_loss: 0.2260 - val_f_mera: 0.7023
Epoch 162/500
 - 210s - loss: 0.1344 - f_mera: 0.7115 - val_loss: 0.1948 - val_f_mera: 0.6956
Epoch 163/500
 - 210s - loss: 0.1346 - f_mera: 0.7110 - val_loss: 0.1705 - val_f_mera: 0.6995
Epoch 164/500
 - 210s - loss: 0.1346 - f_mera: 0.7111 - val_loss: 0.2276 - val_f_mera: 0.6960
Epoch 165/500
 - 210s - loss: 0.1344 - f_mera: 0.7115 - val_loss: 0.1757 - val_f_mera: 0.7010
Epoch 166/500
 - 210s - loss: 0.1346 - f_mera: 0.7111 - val_loss: 0.1366 - val_f_mera: 0.6971
Epoch 167/500
 - 210s - loss: 0.1350 - f_mera: 0.7103 - val_loss: 0.1416 - val_f_mera: 0.6993
Epoch 168/500
 - 210s - loss: 0.1343 - f_mera: 0.7118 - val_loss: 0.0746 - val_f_mera: 0.7016
Epoch 169/500
 - 210s - loss: 0.1346 - f_mera: 0.7110 - val_loss: 0.2470 - val_f_mera: 0.7008
Epoch 170/500
 - 210s - loss: 0.1345 - f_mera: 0.7114 - val_loss: 0.1470 - val_f_mera: 0.6970
Epoch 171/500
 - 210s - loss: 0.1341 - f_mera: 0.7121 - val_loss: 0.2151 - val_f_mera: 0.6995
Epoch 172/500
 - 210s - loss: 0.1345 - f_mera: 0.7112 - val_loss: 0.1285 - val_f_mera: 0.6960
Epoch 173/500
 - 210s - loss: 0.1339 - f_mera: 0.7122 - val_loss: 0.1316 - val_f_mera: 0.7019
Epoch 174/500
 - 210s - loss: 0.1344 - f_mera: 0.7117 - val_loss: 0.0736 - val_f_mera: 0.6979
Epoch 175/500
 - 210s - loss: 0.1345 - f_mera: 0.7115 - val_loss: 0.1400 - val_f_mera: 0.6957
Epoch 176/500
 - 210s - loss: 0.1344 - f_mera: 0.7117 - val_loss: 0.1792 - val_f_mera: 0.6977
Epoch 177/500
 - 210s - loss: 0.1344 - f_mera: 0.7117 - val_loss: 0.1309 - val_f_mera: 0.6973
Epoch 178/500
 - 210s - loss: 0.1342 - f_mera: 0.7117 - val_loss: 0.1831 - val_f_mera: 0.7035
Epoch 179/500
 - 210s - loss: 0.1343 - f_mera: 0.7115 - val_loss: 0.0876 - val_f_mera: 0.6949
Epoch 180/500
 - 210s - loss: 0.1345 - f_mera: 0.7112 - val_loss: 0.2370 - val_f_mera: 0.6950
Epoch 181/500
 - 210s - loss: 0.1350 - f_mera: 0.7105 - val_loss: 0.1098 - val_f_mera: 0.6954
Epoch 182/500
 - 210s - loss: 0.1347 - f_mera: 0.7108 - val_loss: 0.1682 - val_f_mera: 0.6992
Epoch 183/500
 - 210s - loss: 0.1345 - f_mera: 0.7113 - val_loss: 0.1369 - val_f_mera: 0.6988
Epoch 184/500
 - 210s - loss: 0.1344 - f_mera: 0.7115 - val_loss: 0.1810 - val_f_mera: 0.7034
Epoch 185/500
 - 210s - loss: 0.1342 - f_mera: 0.7119 - val_loss: 0.0328 - val_f_mera: 0.6980
Epoch 186/500
 - 210s - loss: 0.1337 - f_mera: 0.7128 - val_loss: 0.1089 - val_f_mera: 0.6967
Epoch 187/500
 - 210s - loss: 0.1342 - f_mera: 0.7119 - val_loss: 0.1602 - val_f_mera: 0.7034
Epoch 188/500
 - 210s - loss: 0.1348 - f_mera: 0.7102 - val_loss: 0.1806 - val_f_mera: 0.6936
Epoch 189/500
 - 210s - loss: 0.1366 - f_mera: 0.7066 - val_loss: 0.2519 - val_f_mera: 0.7013
Epoch 190/500
 - 210s - loss: 0.1347 - f_mera: 0.7110 - val_loss: 0.0558 - val_f_mera: 0.7001
Epoch 191/500
 - 210s - loss: 0.1343 - f_mera: 0.7120 - val_loss: 0.1309 - val_f_mera: 0.6934
Epoch 192/500
 - 210s - loss: 0.1340 - f_mera: 0.7123 - val_loss: 0.1172 - val_f_mera: 0.7018
Epoch 193/500
 - 210s - loss: 0.1346 - f_mera: 0.7112 - val_loss: 0.1731 - val_f_mera: 0.6961
Epoch 194/500
 - 210s - loss: 0.1345 - f_mera: 0.7116 - val_loss: 0.2086 - val_f_mera: 0.7032
Epoch 195/500
 - 210s - loss: 0.1344 - f_mera: 0.7117 - val_loss: 0.1679 - val_f_mera: 0.6986
Epoch 196/500
 - 210s - loss: 0.1341 - f_mera: 0.7122 - val_loss: 0.1392 - val_f_mera: 0.6986
Epoch 197/500
 - 210s - loss: 0.1344 - f_mera: 0.7119 - val_loss: 0.0824 - val_f_mera: 0.7001
Epoch 198/500
 - 210s - loss: 0.1344 - f_mera: 0.7116 - val_loss: 0.1511 - val_f_mera: 0.7034
Epoch 199/500
 - 210s - loss: 0.1344 - f_mera: 0.7114 - val_loss: 0.1092 - val_f_mera: 0.6978
Epoch 200/500
 - 210s - loss: 0.1340 - f_mera: 0.7123 - val_loss: 0.0786 - val_f_mera: 0.6997
Epoch 201/500
 - 210s - loss: 0.1342 - f_mera: 0.7121 - val_loss: 0.0510 - val_f_mera: 0.7003
Epoch 202/500
 - 210s - loss: 0.1340 - f_mera: 0.7122 - val_loss: 0.1599 - val_f_mera: 0.6996
Epoch 203/500
 - 210s - loss: 0.1346 - f_mera: 0.7110 - val_loss: 0.2173 - val_f_mera: 0.6979
Epoch 204/500
 - 210s - loss: 0.1338 - f_mera: 0.7127 - val_loss: 0.0910 - val_f_mera: 0.7008
Epoch 205/500
 - 210s - loss: 0.1345 - f_mera: 0.7110 - val_loss: 0.0848 - val_f_mera: 0.6965
Epoch 206/500
 - 210s - loss: 0.1342 - f_mera: 0.7119 - val_loss: 0.0885 - val_f_mera: 0.6995
Epoch 207/500
 - 210s - loss: 0.1341 - f_mera: 0.7118 - val_loss: 0.1549 - val_f_mera: 0.6983
Epoch 208/500
 - 210s - loss: 0.1343 - f_mera: 0.7116 - val_loss: 0.2014 - val_f_mera: 0.6991
Epoch 209/500
 - 210s - loss: 0.1341 - f_mera: 0.7120 - val_loss: 0.1195 - val_f_mera: 0.6989
Epoch 210/500
 - 210s - loss: 0.1345 - f_mera: 0.7114 - val_loss: 0.0964 - val_f_mera: 0.6965
Epoch 211/500
 - 210s - loss: 0.1338 - f_mera: 0.7123 - val_loss: 0.1551 - val_f_mera: 0.6983
Epoch 212/500
 - 210s - loss: 0.1340 - f_mera: 0.7121 - val_loss: 0.1043 - val_f_mera: 0.7043
Epoch 213/500
 - 210s - loss: 0.1342 - f_mera: 0.7119 - val_loss: 0.1413 - val_f_mera: 0.7008
Epoch 214/500
 - 210s - loss: 0.1339 - f_mera: 0.7120 - val_loss: 0.0986 - val_f_mera: 0.6984
Epoch 215/500
 - 210s - loss: 0.1337 - f_mera: 0.7127 - val_loss: 0.1506 - val_f_mera: 0.6997
Epoch 216/500
 - 210s - loss: 0.1337 - f_mera: 0.7126 - val_loss: 0.0840 - val_f_mera: 0.7002
Epoch 217/500
 - 210s - loss: 0.1338 - f_mera: 0.7125 - val_loss: 0.1427 - val_f_mera: 0.7006
Epoch 218/500
 - 210s - loss: 0.1341 - f_mera: 0.7119 - val_loss: 0.1771 - val_f_mera: 0.6946
Epoch 219/500
 - 210s - loss: 0.1339 - f_mera: 0.7121 - val_loss: 0.1251 - val_f_mera: 0.6980
Epoch 220/500
 - 210s - loss: 0.1340 - f_mera: 0.7121 - val_loss: 0.1561 - val_f_mera: 0.7010
Epoch 221/500
 - 210s - loss: 0.1338 - f_mera: 0.7123 - val_loss: 0.1126 - val_f_mera: 0.7005
Epoch 222/500
 - 210s - loss: 0.1344 - f_mera: 0.7110 - val_loss: 0.1577 - val_f_mera: 0.6999
Epoch 223/500
 - 210s - loss: 0.1337 - f_mera: 0.7126 - val_loss: 0.1159 - val_f_mera: 0.7012
Epoch 224/500
 - 210s - loss: 0.1340 - f_mera: 0.7117 - val_loss: 0.1349 - val_f_mera: 0.7009
Epoch 225/500
 - 210s - loss: 0.1335 - f_mera: 0.7130 - val_loss: 0.1801 - val_f_mera: 0.7009
Epoch 226/500
 - 210s - loss: 0.1342 - f_mera: 0.7118 - val_loss: 0.0927 - val_f_mera: 0.6969
Epoch 227/500
 - 210s - loss: 0.1337 - f_mera: 0.7126 - val_loss: 0.1193 - val_f_mera: 0.6995
Epoch 228/500
 - 210s - loss: 0.1338 - f_mera: 0.7124 - val_loss: 0.1475 - val_f_mera: 0.7009
Epoch 229/500
 - 210s - loss: 0.1337 - f_mera: 0.7125 - val_loss: 0.0459 - val_f_mera: 0.7004
Epoch 230/500
 - 210s - loss: 0.1337 - f_mera: 0.7125 - val_loss: 0.1413 - val_f_mera: 0.6988
Epoch 231/500
 - 210s - loss: 0.1338 - f_mera: 0.7122 - val_loss: 0.1550 - val_f_mera: 0.6998
Epoch 232/500
 - 210s - loss: 0.1339 - f_mera: 0.7121 - val_loss: 0.1812 - val_f_mera: 0.7048
Epoch 233/500
 - 210s - loss: 0.1340 - f_mera: 0.7117 - val_loss: 0.0993 - val_f_mera: 0.7017
Epoch 234/500
 - 211s - loss: 0.1334 - f_mera: 0.7132 - val_loss: 0.1850 - val_f_mera: 0.6951
Epoch 235/500
 - 210s - loss: 0.1343 - f_mera: 0.7117 - val_loss: 0.1729 - val_f_mera: 0.7004
Epoch 236/500
 - 210s - loss: 0.1341 - f_mera: 0.7116 - val_loss: 0.1874 - val_f_mera: 0.7001
Epoch 237/500
 - 209s - loss: 0.1337 - f_mera: 0.7127 - val_loss: 0.0816 - val_f_mera: 0.6995
Epoch 238/500
 - 210s - loss: 0.1339 - f_mera: 0.7123 - val_loss: 0.0800 - val_f_mera: 0.6989
Epoch 239/500
 - 210s - loss: 0.1339 - f_mera: 0.7119 - val_loss: 0.1288 - val_f_mera: 0.7016
Epoch 240/500
 - 210s - loss: 0.1342 - f_mera: 0.7114 - val_loss: 0.1894 - val_f_mera: 0.7012
Epoch 241/500
 - 210s - loss: 0.1339 - f_mera: 0.7122 - val_loss: 0.1520 - val_f_mera: 0.6968
Epoch 242/500
 - 210s - loss: 0.1335 - f_mera: 0.7131 - val_loss: 0.1164 - val_f_mera: 0.7000
Epoch 243/500
 - 211s - loss: 0.1337 - f_mera: 0.7121 - val_loss: 0.1488 - val_f_mera: 0.6966
Epoch 244/500
 - 210s - loss: 0.1335 - f_mera: 0.7126 - val_loss: 0.0754 - val_f_mera: 0.7013
Epoch 245/500
 - 209s - loss: 0.1339 - f_mera: 0.7122 - val_loss: 0.0975 - val_f_mera: 0.7041
Epoch 246/500
 - 210s - loss: 0.1333 - f_mera: 0.7133 - val_loss: 0.1489 - val_f_mera: 0.6956
Epoch 247/500
 - 211s - loss: 0.1339 - f_mera: 0.7119 - val_loss: 0.1541 - val_f_mera: 0.6977
Epoch 248/500
 - 210s - loss: 0.1334 - f_mera: 0.7129 - val_loss: 0.1169 - val_f_mera: 0.6988
Epoch 249/500
 - 209s - loss: 0.1340 - f_mera: 0.7118 - val_loss: 0.0666 - val_f_mera: 0.7029
Epoch 250/500
 - 210s - loss: 0.1337 - f_mera: 0.7123 - val_loss: 0.1299 - val_f_mera: 0.7005
Epoch 251/500
 - 211s - loss: 0.1330 - f_mera: 0.7139 - val_loss: 0.2147 - val_f_mera: 0.6980
Epoch 252/500
 - 209s - loss: 0.1336 - f_mera: 0.7126 - val_loss: 0.1234 - val_f_mera: 0.7035
Epoch 253/500
 - 211s - loss: 0.1340 - f_mera: 0.7117 - val_loss: 0.1446 - val_f_mera: 0.6976
Epoch 254/500
 - 209s - loss: 0.1336 - f_mera: 0.7125 - val_loss: 0.1630 - val_f_mera: 0.7038
Epoch 255/500
 - 210s - loss: 0.1340 - f_mera: 0.7119 - val_loss: 0.1047 - val_f_mera: 0.6967
Epoch 256/500
 - 209s - loss: 0.1336 - f_mera: 0.7125 - val_loss: 0.2194 - val_f_mera: 0.7008
Epoch 257/500
 - 210s - loss: 0.1334 - f_mera: 0.7131 - val_loss: 0.0630 - val_f_mera: 0.6992
Epoch 258/500
 - 211s - loss: 0.1335 - f_mera: 0.7129 - val_loss: 0.1122 - val_f_mera: 0.6953
Epoch 259/500
 - 210s - loss: 0.1340 - f_mera: 0.7122 - val_loss: 0.1760 - val_f_mera: 0.7000
Epoch 260/500
 - 210s - loss: 0.1335 - f_mera: 0.7130 - val_loss: 0.0901 - val_f_mera: 0.6999
Epoch 261/500
 - 210s - loss: 0.1336 - f_mera: 0.7127 - val_loss: 0.1504 - val_f_mera: 0.7003
Epoch 262/500
 - 210s - loss: 0.1333 - f_mera: 0.7133 - val_loss: 0.0954 - val_f_mera: 0.7017
Epoch 263/500
 - 209s - loss: 0.1334 - f_mera: 0.7131 - val_loss: 0.2030 - val_f_mera: 0.7011
Epoch 264/500
 - 211s - loss: 0.1333 - f_mera: 0.7130 - val_loss: 0.1261 - val_f_mera: 0.6986
Epoch 265/500
 - 209s - loss: 0.1336 - f_mera: 0.7126 - val_loss: 0.0723 - val_f_mera: 0.7040
Epoch 266/500
 - 210s - loss: 0.1333 - f_mera: 0.7131 - val_loss: 0.1000 - val_f_mera: 0.6988
Epoch 267/500
 - 210s - loss: 0.1333 - f_mera: 0.7133 - val_loss: 0.0744 - val_f_mera: 0.6969
Epoch 268/500
 - 211s - loss: 0.1334 - f_mera: 0.7133 - val_loss: 0.1188 - val_f_mera: 0.6988
Epoch 269/500
 - 209s - loss: 0.1335 - f_mera: 0.7130 - val_loss: 0.2381 - val_f_mera: 0.7001
Epoch 270/500
 - 210s - loss: 0.1330 - f_mera: 0.7140 - val_loss: 0.1667 - val_f_mera: 0.6986
Epoch 271/500
 - 210s - loss: 0.1334 - f_mera: 0.7131 - val_loss: 0.1221 - val_f_mera: 0.7022
Epoch 272/500
 - 210s - loss: 0.1337 - f_mera: 0.7123 - val_loss: 0.0867 - val_f_mera: 0.7020
Epoch 273/500
 - 209s - loss: 0.1334 - f_mera: 0.7132 - val_loss: 0.2663 - val_f_mera: 0.6995
Epoch 274/500
 - 210s - loss: 0.1332 - f_mera: 0.7133 - val_loss: 0.1245 - val_f_mera: 0.7010
Epoch 275/500
 - 210s - loss: 0.1331 - f_mera: 0.7136 - val_loss: 0.1335 - val_f_mera: 0.7017
Epoch 276/500
 - 209s - loss: 0.1342 - f_mera: 0.7115 - val_loss: 0.1444 - val_f_mera: 0.6997
Epoch 277/500
 - 210s - loss: 0.1338 - f_mera: 0.7122 - val_loss: 0.2244 - val_f_mera: 0.6995
Epoch 278/500
 - 210s - loss: 0.1335 - f_mera: 0.7129 - val_loss: 0.1284 - val_f_mera: 0.7031
Epoch 279/500
 - 211s - loss: 0.1338 - f_mera: 0.7123 - val_loss: 0.1423 - val_f_mera: 0.7008
Epoch 280/500
 - 209s - loss: 0.1333 - f_mera: 0.7131 - val_loss: 0.1717 - val_f_mera: 0.7054
Epoch 281/500
 - 210s - loss: 0.1339 - f_mera: 0.7122 - val_loss: 0.2244 - val_f_mera: 0.6963
Epoch 282/500
 - 210s - loss: 0.1334 - f_mera: 0.7129 - val_loss: 0.0707 - val_f_mera: 0.7044
Epoch 283/500
 - 210s - loss: 0.1329 - f_mera: 0.7140 - val_loss: 0.1335 - val_f_mera: 0.6990
Epoch 284/500
 - 211s - loss: 0.1333 - f_mera: 0.7129 - val_loss: 0.1581 - val_f_mera: 0.6966
Epoch 285/500
 - 210s - loss: 0.1338 - f_mera: 0.7121 - val_loss: 0.1224 - val_f_mera: 0.6998
Epoch 286/500
 - 210s - loss: 0.1334 - f_mera: 0.7131 - val_loss: 0.1932 - val_f_mera: 0.7031
Epoch 287/500
 - 210s - loss: 0.1332 - f_mera: 0.7135 - val_loss: 0.1142 - val_f_mera: 0.6965
Epoch 288/500
 - 210s - loss: 0.1339 - f_mera: 0.7120 - val_loss: 0.1447 - val_f_mera: 0.6987
Epoch 289/500
 - 211s - loss: 0.1332 - f_mera: 0.7134 - val_loss: 0.1776 - val_f_mera: 0.7037
Epoch 290/500
 - 209s - loss: 0.1335 - f_mera: 0.7127 - val_loss: 0.1784 - val_f_mera: 0.6999
Epoch 291/500
 - 209s - loss: 0.1334 - f_mera: 0.7129 - val_loss: 0.1380 - val_f_mera: 0.7013
Epoch 292/500
 - 209s - loss: 0.1331 - f_mera: 0.7136 - val_loss: 0.1299 - val_f_mera: 0.6998
Epoch 293/500
 - 209s - loss: 0.1331 - f_mera: 0.7135 - val_loss: 0.1110 - val_f_mera: 0.7049
Epoch 294/500
 - 210s - loss: 0.1332 - f_mera: 0.7134 - val_loss: 0.1739 - val_f_mera: 0.6946
Epoch 295/500
 - 210s - loss: 0.1332 - f_mera: 0.7133 - val_loss: 0.2171 - val_f_mera: 0.7014
Epoch 296/500
 - 209s - loss: 0.1334 - f_mera: 0.7129 - val_loss: 0.1273 - val_f_mera: 0.6994
Epoch 297/500
 - 210s - loss: 0.1336 - f_mera: 0.7123 - val_loss: 0.1383 - val_f_mera: 0.6984
Epoch 298/500
 - 210s - loss: 0.1341 - f_mera: 0.7116 - val_loss: 0.0609 - val_f_mera: 0.6989
Epoch 299/500
 - 210s - loss: 0.1333 - f_mera: 0.7131 - val_loss: 0.1745 - val_f_mera: 0.7051
Epoch 300/500
 - 210s - loss: 0.1332 - f_mera: 0.7129 - val_loss: 0.2069 - val_f_mera: 0.7013
Epoch 301/500
 - 210s - loss: 0.1335 - f_mera: 0.7124 - val_loss: 0.1895 - val_f_mera: 0.7000
Epoch 302/500
 - 210s - loss: 0.1336 - f_mera: 0.7123 - val_loss: 0.0708 - val_f_mera: 0.6966
Epoch 303/500
 - 210s - loss: 0.1335 - f_mera: 0.7128 - val_loss: 0.0861 - val_f_mera: 0.7008
Epoch 304/500
 - 210s - loss: 0.1333 - f_mera: 0.7131 - val_loss: 0.1468 - val_f_mera: 0.6981
Epoch 305/500
 - 210s - loss: 0.1342 - f_mera: 0.7113 - val_loss: 0.1453 - val_f_mera: 0.6986
Epoch 306/500
 - 210s - loss: 0.1327 - f_mera: 0.7142 - val_loss: 0.0966 - val_f_mera: 0.7026
Epoch 307/500
 - 210s - loss: 0.1337 - f_mera: 0.7120 - val_loss: 0.1337 - val_f_mera: 0.7040
Epoch 308/500
 - 210s - loss: 0.1332 - f_mera: 0.7135 - val_loss: 0.1051 - val_f_mera: 0.6968
Epoch 309/500
 - 210s - loss: 0.1337 - f_mera: 0.7122 - val_loss: 0.1478 - val_f_mera: 0.7026
Epoch 310/500
 - 210s - loss: 0.1330 - f_mera: 0.7136 - val_loss: 0.1674 - val_f_mera: 0.6993
Epoch 311/500
 - 210s - loss: 0.1334 - f_mera: 0.7128 - val_loss: 0.1387 - val_f_mera: 0.7011
Epoch 312/500
 - 210s - loss: 0.1326 - f_mera: 0.7144 - val_loss: 0.1936 - val_f_mera: 0.6999
Epoch 313/500
 - 210s - loss: 0.1332 - f_mera: 0.7131 - val_loss: 0.1553 - val_f_mera: 0.6995
Epoch 314/500
 - 210s - loss: 0.1333 - f_mera: 0.7127 - val_loss: 0.0607 - val_f_mera: 0.7034
Epoch 315/500
 - 210s - loss: 0.1332 - f_mera: 0.7130 - val_loss: 0.1117 - val_f_mera: 0.6977
Epoch 316/500
 - 210s - loss: 0.1337 - f_mera: 0.7122 - val_loss: 0.1483 - val_f_mera: 0.7003
Epoch 317/500
 - 210s - loss: 0.1329 - f_mera: 0.7137 - val_loss: 0.2116 - val_f_mera: 0.7026
Epoch 318/500
 - 210s - loss: 0.1334 - f_mera: 0.7129 - val_loss: 0.1455 - val_f_mera: 0.6980
Epoch 319/500
 - 210s - loss: 0.1331 - f_mera: 0.7132 - val_loss: 0.1843 - val_f_mera: 0.7054
Epoch 320/500
 - 210s - loss: 0.1335 - f_mera: 0.7125 - val_loss: 0.1195 - val_f_mera: 0.6993
Epoch 321/500
 - 210s - loss: 0.1330 - f_mera: 0.7133 - val_loss: 0.1056 - val_f_mera: 0.6994
Epoch 322/500
 - 210s - loss: 0.1333 - f_mera: 0.7129 - val_loss: 0.1682 - val_f_mera: 0.6998
Epoch 323/500
 - 210s - loss: 0.1334 - f_mera: 0.7129 - val_loss: 0.1419 - val_f_mera: 0.7034
Epoch 324/500
 - 210s - loss: 0.1332 - f_mera: 0.7133 - val_loss: 0.0812 - val_f_mera: 0.7001
Epoch 325/500
 - 210s - loss: 0.1335 - f_mera: 0.7132 - val_loss: 0.1998 - val_f_mera: 0.6966
Epoch 326/500
 - 210s - loss: 0.1337 - f_mera: 0.7122 - val_loss: 0.1508 - val_f_mera: 0.6999
Epoch 327/500
 - 210s - loss: 0.1326 - f_mera: 0.7142 - val_loss: 0.0954 - val_f_mera: 0.7010
Epoch 328/500
 - 210s - loss: 0.1337 - f_mera: 0.7122 - val_loss: 0.1961 - val_f_mera: 0.6965
Epoch 329/500
 - 210s - loss: 0.1331 - f_mera: 0.7129 - val_loss: 0.1528 - val_f_mera: 0.7026
Epoch 330/500
 - 210s - loss: 0.1326 - f_mera: 0.7142 - val_loss: 0.1763 - val_f_mera: 0.6971
Epoch 331/500
 - 210s - loss: 0.1335 - f_mera: 0.7123 - val_loss: 0.2024 - val_f_mera: 0.7011
Epoch 332/500
 - 210s - loss: 0.1327 - f_mera: 0.7142 - val_loss: 0.1688 - val_f_mera: 0.6990
Epoch 333/500
 - 210s - loss: 0.1329 - f_mera: 0.7138 - val_loss: 0.2268 - val_f_mera: 0.7048
Epoch 334/500
 - 210s - loss: 0.1338 - f_mera: 0.7118 - val_loss: 0.1263 - val_f_mera: 0.6972
Epoch 335/500
 - 210s - loss: 0.1331 - f_mera: 0.7133 - val_loss: 0.1472 - val_f_mera: 0.6999
Epoch 336/500
 - 210s - loss: 0.1325 - f_mera: 0.7148 - val_loss: 0.1195 - val_f_mera: 0.6983
Epoch 337/500
 - 210s - loss: 0.1333 - f_mera: 0.7129 - val_loss: 0.0815 - val_f_mera: 0.7000
Epoch 338/500
 - 210s - loss: 0.1332 - f_mera: 0.7131 - val_loss: 0.1772 - val_f_mera: 0.7033
Epoch 339/500
 - 210s - loss: 0.1337 - f_mera: 0.7114 - val_loss: 0.0890 - val_f_mera: 0.7023
Epoch 340/500
 - 210s - loss: 0.1339 - f_mera: 0.7112 - val_loss: 0.2329 - val_f_mera: 0.6984
Epoch 341/500
 - 210s - loss: 0.1337 - f_mera: 0.7118 - val_loss: 0.1851 - val_f_mera: 0.6973
Epoch 342/500
 - 210s - loss: 0.1333 - f_mera: 0.7126 - val_loss: 0.1438 - val_f_mera: 0.7047
Epoch 343/500
 - 210s - loss: 0.1330 - f_mera: 0.7134 - val_loss: 0.1245 - val_f_mera: 0.6973
Epoch 344/500
 - 210s - loss: 0.1334 - f_mera: 0.7125 - val_loss: 0.0866 - val_f_mera: 0.7015
Epoch 345/500
 - 210s - loss: 0.1333 - f_mera: 0.7129 - val_loss: 0.1497 - val_f_mera: 0.7014
Epoch 346/500
 - 210s - loss: 0.1329 - f_mera: 0.7137 - val_loss: 0.0704 - val_f_mera: 0.7023
Epoch 347/500
 - 210s - loss: 0.1325 - f_mera: 0.7145 - val_loss: 0.0630 - val_f_mera: 0.6999
Epoch 348/500
 - 210s - loss: 0.1331 - f_mera: 0.7133 - val_loss: 0.1788 - val_f_mera: 0.6972
Epoch 349/500
 - 210s - loss: 0.1330 - f_mera: 0.7134 - val_loss: 0.1825 - val_f_mera: 0.7035
Epoch 350/500
 - 210s - loss: 0.1335 - f_mera: 0.7122 - val_loss: 0.0997 - val_f_mera: 0.6964
Epoch 351/500
 - 210s - loss: 0.1331 - f_mera: 0.7133 - val_loss: 0.1309 - val_f_mera: 0.7023
Epoch 352/500
 - 210s - loss: 0.1333 - f_mera: 0.7129 - val_loss: 0.1257 - val_f_mera: 0.7014
Epoch 353/500
 - 210s - loss: 0.1326 - f_mera: 0.7143 - val_loss: 0.2507 - val_f_mera: 0.7008
Epoch 354/500
 - 210s - loss: 0.1331 - f_mera: 0.7138 - val_loss: 0.2336 - val_f_mera: 0.7013
Epoch 355/500
 - 211s - loss: 0.1334 - f_mera: 0.7129 - val_loss: 0.1245 - val_f_mera: 0.7022
Epoch 356/500
 - 210s - loss: 0.1331 - f_mera: 0.7133 - val_loss: 0.2195 - val_f_mera: 0.6994
Epoch 357/500
 - 210s - loss: 0.1328 - f_mera: 0.7137 - val_loss: 0.1710 - val_f_mera: 0.6995
Epoch 358/500
 - 210s - loss: 0.1328 - f_mera: 0.7138 - val_loss: 0.1846 - val_f_mera: 0.7060
Epoch 359/500
 - 210s - loss: 0.1332 - f_mera: 0.7130 - val_loss: 0.1558 - val_f_mera: 0.7017
Epoch 360/500
 - 210s - loss: 0.1333 - f_mera: 0.7128 - val_loss: 0.1202 - val_f_mera: 0.6977
Epoch 361/500
 - 210s - loss: 0.1333 - f_mera: 0.7127 - val_loss: 0.0822 - val_f_mera: 0.7039
Epoch 362/500
 - 210s - loss: 0.1330 - f_mera: 0.7136 - val_loss: 0.1363 - val_f_mera: 0.6954
Epoch 363/500
 - 210s - loss: 0.1325 - f_mera: 0.7139 - val_loss: 0.1298 - val_f_mera: 0.7005
Epoch 364/500
 - 210s - loss: 0.1336 - f_mera: 0.7121 - val_loss: 0.1513 - val_f_mera: 0.7032
Epoch 365/500
 - 210s - loss: 0.1328 - f_mera: 0.7138 - val_loss: 0.2177 - val_f_mera: 0.7023
Epoch 366/500
 - 210s - loss: 0.1334 - f_mera: 0.7124 - val_loss: 0.1939 - val_f_mera: 0.6987
Epoch 367/500
 - 210s - loss: 0.1332 - f_mera: 0.7132 - val_loss: 0.0798 - val_f_mera: 0.7009
Epoch 368/500
 - 210s - loss: 0.1335 - f_mera: 0.7126 - val_loss: 0.1682 - val_f_mera: 0.6988
Epoch 369/500
 - 210s - loss: 0.1324 - f_mera: 0.7144 - val_loss: 0.1756 - val_f_mera: 0.7002
Epoch 370/500
 - 210s - loss: 0.1331 - f_mera: 0.7128 - val_loss: 0.0561 - val_f_mera: 0.7025
Epoch 371/500
 - 210s - loss: 0.1328 - f_mera: 0.7136 - val_loss: 0.2390 - val_f_mera: 0.7040
Epoch 372/500
 - 210s - loss: 0.1329 - f_mera: 0.7135 - val_loss: 0.1643 - val_f_mera: 0.6971
Epoch 373/500
 - 210s - loss: 0.1327 - f_mera: 0.7136 - val_loss: 0.1362 - val_f_mera: 0.7005
Epoch 374/500
 - 210s - loss: 0.1334 - f_mera: 0.7124 - val_loss: 0.2481 - val_f_mera: 0.6994
Epoch 375/500
 - 210s - loss: 0.1326 - f_mera: 0.7139 - val_loss: 0.1606 - val_f_mera: 0.7060
Epoch 376/500
 - 210s - loss: 0.1324 - f_mera: 0.7143 - val_loss: 0.1460 - val_f_mera: 0.6997
Epoch 377/500
 - 210s - loss: 0.1335 - f_mera: 0.7123 - val_loss: 0.1721 - val_f_mera: 0.7043
Epoch 378/500
 - 210s - loss: 0.1326 - f_mera: 0.7140 - val_loss: 0.2352 - val_f_mera: 0.6971
Epoch 379/500
 - 210s - loss: 0.1325 - f_mera: 0.7144 - val_loss: 0.1610 - val_f_mera: 0.7008
Epoch 380/500
 - 210s - loss: 0.1331 - f_mera: 0.7134 - val_loss: 0.0887 - val_f_mera: 0.7016
Epoch 381/500
 - 210s - loss: 0.1324 - f_mera: 0.7145 - val_loss: 0.0726 - val_f_mera: 0.6988
Epoch 382/500
 - 210s - loss: 0.1329 - f_mera: 0.7138 - val_loss: 0.0999 - val_f_mera: 0.6990
Epoch 383/500
 - 210s - loss: 0.1332 - f_mera: 0.7129 - val_loss: 0.1506 - val_f_mera: 0.7022
Epoch 384/500
 - 210s - loss: 0.1322 - f_mera: 0.7149 - val_loss: 0.0881 - val_f_mera: 0.7042
Epoch 385/500
 - 210s - loss: 0.1329 - f_mera: 0.7135 - val_loss: 0.1855 - val_f_mera: 0.6966
Epoch 386/500
 - 210s - loss: 0.1325 - f_mera: 0.7140 - val_loss: 0.0838 - val_f_mera: 0.7002
Epoch 387/500
 - 211s - loss: 0.1333 - f_mera: 0.7125 - val_loss: 0.0931 - val_f_mera: 0.7027
Epoch 388/500
 - 210s - loss: 0.1326 - f_mera: 0.7140 - val_loss: 0.1773 - val_f_mera: 0.7007
Epoch 389/500
 - 210s - loss: 0.1328 - f_mera: 0.7135 - val_loss: 0.1855 - val_f_mera: 0.7001
Epoch 390/500
 - 210s - loss: 0.1329 - f_mera: 0.7135 - val_loss: 0.1420 - val_f_mera: 0.7026
Epoch 391/500
 - 210s - loss: 0.1335 - f_mera: 0.7120 - val_loss: 0.0820 - val_f_mera: 0.6968
Epoch 392/500
 - 210s - loss: 0.1330 - f_mera: 0.7132 - val_loss: 0.1585 - val_f_mera: 0.7003
Epoch 393/500
 - 210s - loss: 0.1329 - f_mera: 0.7133 - val_loss: 0.1659 - val_f_mera: 0.7014
Epoch 394/500
 - 210s - loss: 0.1323 - f_mera: 0.7146 - val_loss: 0.0817 - val_f_mera: 0.7047
Epoch 395/500
 - 210s - loss: 0.1333 - f_mera: 0.7123 - val_loss: 0.1701 - val_f_mera: 0.6983
Epoch 396/500
 - 210s - loss: 0.1324 - f_mera: 0.7145 - val_loss: 0.0831 - val_f_mera: 0.6985
Epoch 397/500
 - 211s - loss: 0.1330 - f_mera: 0.7131 - val_loss: 0.1110 - val_f_mera: 0.7005
Epoch 398/500
 - 210s - loss: 0.1327 - f_mera: 0.7136 - val_loss: 0.0982 - val_f_mera: 0.7022
Epoch 399/500
 - 210s - loss: 0.1324 - f_mera: 0.7147 - val_loss: 0.0735 - val_f_mera: 0.6979
Epoch 400/500
 - 210s - loss: 0.1338 - f_mera: 0.7117 - val_loss: 0.1061 - val_f_mera: 0.7034
Epoch 401/500
 - 210s - loss: 0.1326 - f_mera: 0.7137 - val_loss: 0.1681 - val_f_mera: 0.7016
Epoch 402/500
 - 210s - loss: 0.1323 - f_mera: 0.7146 - val_loss: 0.2302 - val_f_mera: 0.7029
Epoch 403/500
 - 210s - loss: 0.1327 - f_mera: 0.7138 - val_loss: 0.1790 - val_f_mera: 0.7006
Epoch 404/500
 - 210s - loss: 0.1326 - f_mera: 0.7139 - val_loss: 0.0624 - val_f_mera: 0.6971
Epoch 405/500
 - 210s - loss: 0.1326 - f_mera: 0.7138 - val_loss: 0.0975 - val_f_mera: 0.7002
Epoch 406/500
 - 210s - loss: 0.1325 - f_mera: 0.7142 - val_loss: 0.1897 - val_f_mera: 0.7009
Epoch 407/500
 - 210s - loss: 0.1330 - f_mera: 0.7130 - val_loss: 0.2039 - val_f_mera: 0.6958
Epoch 408/500
 - 210s - loss: 0.1333 - f_mera: 0.7127 - val_loss: 0.1331 - val_f_mera: 0.7048
Epoch 409/500
 - 210s - loss: 0.1329 - f_mera: 0.7132 - val_loss: 0.1190 - val_f_mera: 0.7008
Epoch 410/500
 - 211s - loss: 0.1326 - f_mera: 0.7139 - val_loss: 0.2063 - val_f_mera: 0.7016
Epoch 411/500
 - 210s - loss: 0.1328 - f_mera: 0.7136 - val_loss: 0.0831 - val_f_mera: 0.7026
Epoch 412/500
 - 210s - loss: 0.1322 - f_mera: 0.7150 - val_loss: 0.1824 - val_f_mera: 0.7009
Epoch 413/500
 - 210s - loss: 0.1335 - f_mera: 0.7125 - val_loss: 0.0733 - val_f_mera: 0.7010
Epoch 414/500
 - 210s - loss: 0.1329 - f_mera: 0.7135 - val_loss: 0.1809 - val_f_mera: 0.7012
Epoch 415/500
 - 210s - loss: 0.1326 - f_mera: 0.7141 - val_loss: 0.1840 - val_f_mera: 0.7010
Epoch 416/500
 - 210s - loss: 0.1330 - f_mera: 0.7132 - val_loss: 0.0907 - val_f_mera: 0.7026
Epoch 417/500
 - 210s - loss: 0.1327 - f_mera: 0.7136 - val_loss: 0.1803 - val_f_mera: 0.7017
Epoch 418/500
 - 210s - loss: 0.1323 - f_mera: 0.7144 - val_loss: 0.2447 - val_f_mera: 0.7023
Epoch 419/500
 - 209s - loss: 0.1323 - f_mera: 0.7145 - val_loss: 0.0809 - val_f_mera: 0.6962
Epoch 420/500
 - 211s - loss: 0.1333 - f_mera: 0.7125 - val_loss: 0.1367 - val_f_mera: 0.7050
Epoch 421/500
 - 210s - loss: 0.1329 - f_mera: 0.7131 - val_loss: 0.1726 - val_f_mera: 0.7025
Epoch 422/500
 - 210s - loss: 0.1323 - f_mera: 0.7146 - val_loss: 0.0876 - val_f_mera: 0.6977
Epoch 423/500
 - 210s - loss: 0.1328 - f_mera: 0.7136 - val_loss: 0.1453 - val_f_mera: 0.7018
Epoch 424/500
 - 210s - loss: 0.1339 - f_mera: 0.7117 - val_loss: 0.1316 - val_f_mera: 0.6980
Epoch 425/500
 - 210s - loss: 0.1323 - f_mera: 0.7148 - val_loss: 0.1869 - val_f_mera: 0.7026
Epoch 426/500
 - 210s - loss: 0.1328 - f_mera: 0.7136 - val_loss: 0.0959 - val_f_mera: 0.7023
Epoch 427/500
 - 210s - loss: 0.1331 - f_mera: 0.7128 - val_loss: 0.1833 - val_f_mera: 0.7001
Epoch 428/500
 - 210s - loss: 0.1328 - f_mera: 0.7133 - val_loss: 0.0957 - val_f_mera: 0.6995
Epoch 429/500
 - 210s - loss: 0.1317 - f_mera: 0.7156 - val_loss: 0.2200 - val_f_mera: 0.6972
Epoch 430/500
 - 210s - loss: 0.1333 - f_mera: 0.7124 - val_loss: 0.1413 - val_f_mera: 0.7054
Epoch 431/500
 - 210s - loss: 0.1325 - f_mera: 0.7136 - val_loss: 0.2394 - val_f_mera: 0.7035
Epoch 432/500
 - 211s - loss: 0.1331 - f_mera: 0.7127 - val_loss: 0.1839 - val_f_mera: 0.6963
Epoch 433/500
 - 210s - loss: 0.1327 - f_mera: 0.7134 - val_loss: 0.1430 - val_f_mera: 0.7039
Epoch 434/500
 - 210s - loss: 0.1326 - f_mera: 0.7139 - val_loss: 0.1520 - val_f_mera: 0.7031
Epoch 435/500
 - 210s - loss: 0.1319 - f_mera: 0.7151 - val_loss: 0.1596 - val_f_mera: 0.6962
Epoch 436/500
 - 210s - loss: 0.1325 - f_mera: 0.7139 - val_loss: 0.1451 - val_f_mera: 0.7033
Epoch 437/500
 - 210s - loss: 0.1328 - f_mera: 0.7134 - val_loss: 0.1004 - val_f_mera: 0.6999
Epoch 438/500
 - 210s - loss: 0.1327 - f_mera: 0.7137 - val_loss: 0.0705 - val_f_mera: 0.6999
Epoch 439/500
 - 210s - loss: 0.1319 - f_mera: 0.7153 - val_loss: 0.1949 - val_f_mera: 0.7037
Epoch 440/500
 - 210s - loss: 0.1326 - f_mera: 0.7137 - val_loss: 0.1937 - val_f_mera: 0.7042
Epoch 441/500
 - 210s - loss: 0.1330 - f_mera: 0.7130 - val_loss: 0.0991 - val_f_mera: 0.6972
Epoch 442/500
 - 210s - loss: 0.1322 - f_mera: 0.7147 - val_loss: 0.1254 - val_f_mera: 0.7015
Epoch 443/500
 - 210s - loss: 0.1331 - f_mera: 0.7127 - val_loss: 0.1022 - val_f_mera: 0.7042
Epoch 444/500
 - 210s - loss: 0.1323 - f_mera: 0.7142 - val_loss: 0.1397 - val_f_mera: 0.7007
Epoch 445/500
 - 210s - loss: 0.1322 - f_mera: 0.7144 - val_loss: 0.1282 - val_f_mera: 0.6981
Epoch 446/500
 - 211s - loss: 0.1327 - f_mera: 0.7136 - val_loss: 0.2023 - val_f_mera: 0.6986
Epoch 447/500
 - 210s - loss: 0.1325 - f_mera: 0.7140 - val_loss: 0.1464 - val_f_mera: 0.6999
Epoch 448/500
 - 210s - loss: 0.1326 - f_mera: 0.7136 - val_loss: 0.1377 - val_f_mera: 0.6997
Epoch 449/500
 - 210s - loss: 0.1325 - f_mera: 0.7137 - val_loss: 0.1474 - val_f_mera: 0.6988
Epoch 450/500
 - 210s - loss: 0.1332 - f_mera: 0.7127 - val_loss: 0.1164 - val_f_mera: 0.6971
Epoch 451/500
 - 210s - loss: 0.1322 - f_mera: 0.7144 - val_loss: 0.1684 - val_f_mera: 0.7050
Epoch 452/500
 - 210s - loss: 0.1328 - f_mera: 0.7133 - val_loss: 0.1380 - val_f_mera: 0.6978
Epoch 453/500
 - 210s - loss: 0.1325 - f_mera: 0.7137 - val_loss: 0.1551 - val_f_mera: 0.7062
Epoch 454/500
 - 211s - loss: 0.1323 - f_mera: 0.7142 - val_loss: 0.1585 - val_f_mera: 0.6987
Epoch 455/500
 - 209s - loss: 0.1324 - f_mera: 0.7139 - val_loss: 0.1329 - val_f_mera: 0.7011
Epoch 456/500
 - 210s - loss: 0.1321 - f_mera: 0.7147 - val_loss: 0.0689 - val_f_mera: 0.7008
Epoch 457/500
 - 210s - loss: 0.1324 - f_mera: 0.7141 - val_loss: 0.1502 - val_f_mera: 0.7016
Epoch 458/500
 - 210s - loss: 0.1333 - f_mera: 0.7121 - val_loss: 0.0731 - val_f_mera: 0.6999
Epoch 459/500
 - 210s - loss: 0.1315 - f_mera: 0.7158 - val_loss: 0.1226 - val_f_mera: 0.6995
Epoch 460/500
 - 210s - loss: 0.1326 - f_mera: 0.7134 - val_loss: 0.1007 - val_f_mera: 0.7020
Epoch 461/500
 - 210s - loss: 0.1321 - f_mera: 0.7148 - val_loss: 0.1183 - val_f_mera: 0.7025
Epoch 462/500
 - 210s - loss: 0.1326 - f_mera: 0.7138 - val_loss: 0.1462 - val_f_mera: 0.7042
Epoch 463/500
 - 210s - loss: 0.1329 - f_mera: 0.7134 - val_loss: 0.1424 - val_f_mera: 0.6978
Epoch 464/500
 - 210s - loss: 0.1323 - f_mera: 0.7144 - val_loss: 0.1519 - val_f_mera: 0.7022
Epoch 465/500
 - 211s - loss: 0.1318 - f_mera: 0.7154 - val_loss: 0.0888 - val_f_mera: 0.7025
Epoch 466/500
 - 210s - loss: 0.1330 - f_mera: 0.7126 - val_loss: 0.1222 - val_f_mera: 0.6992
Epoch 467/500
 - 210s - loss: 0.1323 - f_mera: 0.7147 - val_loss: 0.1104 - val_f_mera: 0.7016
Epoch 468/500
 - 210s - loss: 0.1317 - f_mera: 0.7154 - val_loss: 0.2252 - val_f_mera: 0.6975
Epoch 469/500
 - 210s - loss: 0.1323 - f_mera: 0.7144 - val_loss: 0.1168 - val_f_mera: 0.7016
Epoch 470/500
 - 211s - loss: 0.1327 - f_mera: 0.7133 - val_loss: 0.1426 - val_f_mera: 0.7029
Epoch 471/500
 - 210s - loss: 0.1320 - f_mera: 0.7149 - val_loss: 0.1938 - val_f_mera: 0.7004
Epoch 472/500
 - 210s - loss: 0.1328 - f_mera: 0.7133 - val_loss: 0.1442 - val_f_mera: 0.7020
Epoch 473/500
 - 210s - loss: 0.1320 - f_mera: 0.7149 - val_loss: 0.1270 - val_f_mera: 0.6990
Epoch 474/500
 - 210s - loss: 0.1327 - f_mera: 0.7133 - val_loss: 0.1620 - val_f_mera: 0.7024
Epoch 475/500
 - 210s - loss: 0.1325 - f_mera: 0.7138 - val_loss: 0.1619 - val_f_mera: 0.7001
Epoch 476/500
 - 210s - loss: 0.1322 - f_mera: 0.7145 - val_loss: 0.1120 - val_f_mera: 0.7004
Epoch 477/500
 - 211s - loss: 0.1325 - f_mera: 0.7135 - val_loss: 0.1370 - val_f_mera: 0.7011
Epoch 478/500
 - 210s - loss: 0.1319 - f_mera: 0.7147 - val_loss: 0.1451 - val_f_mera: 0.6971
Epoch 479/500
 - 210s - loss: 0.1320 - f_mera: 0.7148 - val_loss: 0.1192 - val_f_mera: 0.7037
Epoch 480/500
 - 210s - loss: 0.1332 - f_mera: 0.7125 - val_loss: 0.1002 - val_f_mera: 0.6962
Epoch 481/500
 - 210s - loss: 0.1323 - f_mera: 0.7142 - val_loss: 0.1129 - val_f_mera: 0.7058
Epoch 482/500
 - 209s - loss: 0.1321 - f_mera: 0.7149 - val_loss: 0.2177 - val_f_mera: 0.7001
Epoch 483/500
 - 210s - loss: 0.1323 - f_mera: 0.7143 - val_loss: 0.0886 - val_f_mera: 0.6995
Epoch 484/500
 - 210s - loss: 0.1325 - f_mera: 0.7140 - val_loss: 0.0740 - val_f_mera: 0.7006
Epoch 485/500
 - 210s - loss: 0.1326 - f_mera: 0.7136 - val_loss: 0.1825 - val_f_mera: 0.7032
Epoch 486/500
 - 210s - loss: 0.1318 - f_mera: 0.7152 - val_loss: 0.1448 - val_f_mera: 0.7013
Epoch 487/500
 - 210s - loss: 0.1329 - f_mera: 0.7128 - val_loss: 0.1112 - val_f_mera: 0.7053
Epoch 488/500
 - 210s - loss: 0.1326 - f_mera: 0.7139 - val_loss: 0.1337 - val_f_mera: 0.7012
Epoch 489/500
 - 210s - loss: 0.1325 - f_mera: 0.7137 - val_loss: 0.2311 - val_f_mera: 0.6995
Epoch 490/500
 - 210s - loss: 0.1324 - f_mera: 0.7138 - val_loss: 0.1483 - val_f_mera: 0.7015
Epoch 491/500
 - 209s - loss: 0.1317 - f_mera: 0.7156 - val_loss: 0.1010 - val_f_mera: 0.6997
Epoch 492/500
 - 209s - loss: 0.1325 - f_mera: 0.7138 - val_loss: 0.1448 - val_f_mera: 0.6992
Epoch 493/500
 - 210s - loss: 0.1332 - f_mera: 0.7122 - val_loss: 0.1163 - val_f_mera: 0.7017
Epoch 494/500
 - 210s - loss: 0.1319 - f_mera: 0.7152 - val_loss: 0.1038 - val_f_mera: 0.7006
Epoch 495/500
 - 210s - loss: 0.1323 - f_mera: 0.7141 - val_loss: 0.2690 - val_f_mera: 0.7008
Epoch 496/500
 - 209s - loss: 0.1330 - f_mera: 0.7128 - val_loss: 0.0797 - val_f_mera: 0.7001
Epoch 497/500
 - 210s - loss: 0.1317 - f_mera: 0.7151 - val_loss: 0.1793 - val_f_mera: 0.6983
Epoch 498/500
 - 209s - loss: 0.1323 - f_mera: 0.7140 - val_loss: 0.0686 - val_f_mera: 0.7038
Epoch 499/500
 - 210s - loss: 0.1328 - f_mera: 0.7133 - val_loss: 0.1431 - val_f_mera: 0.7010
Epoch 500/500
 - 210s - loss: 0.1319 - f_mera: 0.7148 - val_loss: 0.1753 - val_f_mera: 0.6979
