epoch,acc,loss,val_acc,val_loss
0,0.7952368951612904,0.542136320904378,0.8515625,0.34630575137478964
1,0.8664629536290323,0.32456211180936906,0.87890625,0.2714943928377969
2,0.9016507056451613,0.2549362642269942,0.9263392857142857,0.184336428131376
3,0.9220955141129032,0.20653687405490107,0.9408482142857143,0.15192281135490962
4,0.9382560483870968,0.17171775008882245,0.9419642857142857,0.14732491225004196
5,0.9405556955645161,0.15956603134832076,0.9640066964285714,0.10926476546696254
6,0.9512348790322581,0.13498535656159924,0.9324776785714286,0.18847924364464624
7,0.9544165826612904,0.1280683886800562,0.9673549107142857,0.09206877835094929
8,0.9590473790322581,0.11344832842869143,0.9743303571428571,0.081191730552486
9,0.9623550907258065,0.10618770909645865,0.962890625,0.11035908545766558
10,0.9651902721774194,0.0993928002914594,0.9665178571428571,0.09912339704377311
11,0.967741935483871,0.09504801644793441,0.9522879464285714,0.14844523636358126
12,0.9686239919354839,0.08740926063769767,0.9718191964285714,0.08562642415719372
13,0.97265625,0.07986400001532128,0.9709821428571429,0.0850482415407896
14,0.9739478326612904,0.07676460296516457,0.9676339285714286,0.09650265345616
15,0.9753024193548387,0.0724125686402042,0.9271763392857143,0.2387886228305953
16,0.9777595766129032,0.067741374725536,0.9684709821428571,0.09786894890878882
17,0.977570564516129,0.06833067136035571,0.98046875,0.05904353636183909
18,0.9795551915322581,0.06126808711597996,0.9670758928571429,0.10321603369499956
19,0.9775390625,0.06620893403587322,0.970703125,0.0862343856798751
20,0.9813508064516129,0.05627192843765501,0.9737723214285714,0.07467327280236143
21,0.9834614415322581,0.05288887712653847,0.9659598214285714,0.09392339496740273
22,0.9839969758064516,0.04962387404614879,0.9801897321428571,0.06774241769952434
23,0.9825793850806451,0.05424045363531237,0.9793526785714286,0.06451336879815374
24,0.9822643649193549,0.05301842384130483,0.9732142857142857,0.0973474101296493
25,0.9841544858870968,0.04965914317947482,0.9813058035714286,0.06235949868070228
26,0.9833984375,0.0513388974471919,0.9718191964285714,0.08342714900416988
27,0.9841544858870968,0.048987901157459185,0.974609375,0.0760328798953976
28,0.9844380040322581,0.0465629028509401,0.9732142857142857,0.08467101225895542
29,0.9864226310483871,0.0445897163102223,0.9757254464285714,0.0866613086046917
30,0.9868006552419355,0.0396517866644107,0.96875,0.10677300127489227
31,0.9867061491935484,0.04058088974336222,0.9723772321428571,0.09365302404122693
32,0.9856665826612904,0.04250783022988828,0.9787946428571429,0.06701978003340107
33,0.9892578125,0.034826745748549943,0.9787946428571429,0.0780964121222496
34,0.9869896673387096,0.04130753727569696,0.9771205357142857,0.07495502675218242
35,0.9884072580645161,0.03833862109440229,0.9715401785714286,0.09418804065457412
36,0.9876197076612904,0.038432958764925355,0.9681919642857143,0.11964831554463931
37,0.9871471774193549,0.04072212376030943,0.9748883928571429,0.08025510210011687
38,0.9896988407258065,0.03442544478832955,0.9765625,0.08026502520910331
39,0.9907384072580645,0.030066151554966645,0.9545200892857143,0.1525465047785214
40,0.9888797883064516,0.03349742558108823,0.978515625,0.07474765979817935
41,0.9886277721774194,0.0356917506602082,0.9787946428571429,0.07204013530697141
42,0.9879662298387096,0.03733447466361066,0.9771205357142857,0.07499508280307055
43,0.9893523185483871,0.03371196716738444,0.9732142857142857,0.0997267881674426
44,0.9908014112903226,0.030470840739942485,0.9757254464285714,0.08224060373114687
45,0.9919984879032258,0.025140916722105635,0.9760044642857143,0.07862600418073791
46,0.9907699092741935,0.03096811562746523,0.98046875,0.057229104318789074
47,0.9914944556451613,0.02701041016412238,0.9754464285714286,0.07934032633368458
48,0.9926285282258065,0.02457996586623091,0.9765625,0.0815769535090242
49,0.9914629536290323,0.02823563973652199,0.9740513392857143,0.08731364831328392
50,0.9914944556451613,0.02730108273117953,0.9681919642857143,0.11263204073267323
51,0.9914314516129032,0.027027786181743948,0.9771205357142857,0.08403618387611848
52,0.9908959173387096,0.03035232650431534,0.9771205357142857,0.07065453939139843
53,0.9916834677419355,0.02561877014851498,0.9734933035714286,0.08222090625869376
54,0.9900138608870968,0.029886443828863483,0.9807477678571429,0.05737331888771483
55,0.9920614919354839,0.025004785224389765,0.978515625,0.06402333213814668
56,0.9925025201612904,0.025514641782313947,0.9748883928571429,0.0839635900088719
57,0.992155997983871,0.02603823854212439,0.9799107142857143,0.07066613808274269
58,0.9921244959677419,0.024537835611901697,0.98046875,0.06910115985998086
59,0.9934475806451613,0.019707054449921293,0.9790736607142857,0.08046731735313577
60,0.9936680947580645,0.020861729787993093,0.9801897321428571,0.06760053456361804
61,0.9945816532258065,0.020287114589835606,0.9787946428571429,0.07169182558677026
62,0.9935105846774194,0.02009455774133394,0.9815848214285714,0.05947890664849963
63,0.9931640625,0.021174420512491656,0.9796316964285714,0.06436772684433631
64,0.9925970262096774,0.024132230035555098,0.9793526785714286,0.07776988577097654
65,0.9922505040322581,0.025059420551593985,0.9760044642857143,0.10267368437988418
66,0.9933215725806451,0.021413569988292313,0.98046875,0.06950374187103339
67,0.9934160786290323,0.02136617539367909,0.9813058035714286,0.0669576149167759
68,0.993195564516129,0.021314450419477878,0.9813058035714286,0.0637113476903843
69,0.9932270665322581,0.023084387932378318,0.978515625,0.07127638174487012
70,0.9932270665322581,0.022014059426803744,0.9782366071428571,0.07939467594094042
71,0.9939201108870968,0.020280116250843652,0.9790736607142857,0.07088650131065931
72,0.9933845766129032,0.021608231102882493,0.9765625,0.07782854698598385
73,0.9942666330645161,0.019301188352983445,0.9773995535714286,0.07816192115257893
74,0.9951171875,0.017945400653256765,0.9765625,0.07974584746573653
75,0.9933845766129032,0.02132606489448658,0.9793526785714286,0.07251969146143113
76,0.9927230342741935,0.022415654534744398,0.982421875,0.06448298290238849
77,0.9940146169354839,0.018981295639664057,0.9782366071428571,0.07266252507854785
78,0.9945501512096774,0.01901055454284013,0.978515625,0.07721930156861033
79,0.9942036290322581,0.019486632138009993,0.9765625,0.07075391859481377
80,0.9949596774193549,0.01756057969572383,0.9796316964285714,0.06878842721094511
81,0.9928175403225806,0.02306200950613035,0.9799107142857143,0.08046133929331388
82,0.9938256048387096,0.01834048954826299,0.9815848214285714,0.06728552022416677
83,0.9945501512096774,0.01802404365697575,0.9796316964285714,0.078149731404015
84,0.9940461189516129,0.017615020966097232,0.9799107142857143,0.07665742581178035
85,0.9946446572580645,0.016479770060546035,0.9821428571428571,0.062032726859407764
86,0.995148689516129,0.017658866647135226,0.98046875,0.07000894312347684
87,0.9958732358870968,0.015165033845058191,0.978515625,0.06861952492701155
88,0.9952116935483871,0.017051040362979795,0.9751674107142857,0.10208537456180368
89,0.9943296370967742,0.017340223239209022,0.9754464285714286,0.10010760556906462
90,0.9948021673387096,0.01629041587640982,0.9787946428571429,0.07998475139694554
91,0.9953061995967742,0.016260821705556386,0.9796316964285714,0.077171851215618
92,0.9942036290322581,0.017740842984846582,0.9852120535714286,0.05536629445850849
93,0.9953061995967742,0.016231228292341374,0.9787946428571429,0.07927486596495978
94,0.9948336693548387,0.01652945190454052,0.9807477678571429,0.07329271757043898
95,0.9948336693548387,0.016798401711463566,0.9857700892857143,0.05421926441236532
96,0.9954007056451613,0.015022388450996649,0.9815848214285714,0.06906285037153534
97,0.9952116935483871,0.015781293794017045,0.98046875,0.07118126730035458
98,0.9955582157258065,0.015549447235365908,0.9849330357142857,0.06261652022866267
99,0.9964087701612904,0.012056296942905793,0.9838169642857143,0.06074044906667301
