2020-04-25 04:42:14.364139: I tensorflow/core/platform/cpu_feature_guard.cc:141] Your CPU supports instructions that this TensorFlow binary was not compiled to use: AVX2 FMA
2020-04-25 04:42:14.466549: I tensorflow/stream_executor/cuda/cuda_gpu_executor.cc:998] successful NUMA node read from SysFS had negative value (-1), but there must be at least one NUMA node, so returning NUMA node zero
2020-04-25 04:42:14.467001: I tensorflow/compiler/xla/service/service.cc:150] XLA service 0x1aaa270 executing computations on platform CUDA. Devices:
2020-04-25 04:42:14.467021: I tensorflow/compiler/xla/service/service.cc:158]   StreamExecutor device (0): GeForce GTX 1070, Compute Capability 6.1
2020-04-25 04:42:14.487462: I tensorflow/core/platform/profile_utils/cpu_utils.cc:94] CPU Frequency: 3600165000 Hz
2020-04-25 04:42:14.487732: I tensorflow/compiler/xla/service/service.cc:150] XLA service 0x216e3e0 executing computations on platform Host. Devices:
2020-04-25 04:42:14.487748: I tensorflow/compiler/xla/service/service.cc:158]   StreamExecutor device (0): <undefined>, <undefined>
2020-04-25 04:42:14.487829: I tensorflow/core/common_runtime/gpu/gpu_device.cc:1433] Found device 0 with properties: 
name: GeForce GTX 1070 major: 6 minor: 1 memoryClockRate(GHz): 1.7465
pciBusID: 0000:01:00.0
totalMemory: 7.93GiB freeMemory: 7.53GiB
2020-04-25 04:42:14.487844: I tensorflow/core/common_runtime/gpu/gpu_device.cc:1512] Adding visible gpu devices: 0
2020-04-25 04:42:14.488433: I tensorflow/core/common_runtime/gpu/gpu_device.cc:984] Device interconnect StreamExecutor with strength 1 edge matrix:
2020-04-25 04:42:14.488445: I tensorflow/core/common_runtime/gpu/gpu_device.cc:990]      0 
2020-04-25 04:42:14.488451: I tensorflow/core/common_runtime/gpu/gpu_device.cc:1003] 0:   N 
2020-04-25 04:42:14.488508: I tensorflow/core/common_runtime/gpu/gpu_device.cc:1115] Created TensorFlow device (/job:localhost/replica:0/task:0/device:GPU:0 with 7327 MB memory) -> physical GPU (device: 0, name: GeForce GTX 1070, pci bus id: 0000:01:00.0, compute capability: 6.1)
Using TensorFlow backend.
/home/polina/.local/lib/python3.6/site-packages/tensorflow/python/framework/dtypes.py:526: FutureWarning: Passing (type, 1) or '1type' as a synonym of type is deprecated; in a future version of numpy, it will be understood as (type, (1,)) / '(1,)type'.
  _np_qint8 = np.dtype([("qint8", np.int8, 1)])
/home/polina/.local/lib/python3.6/site-packages/tensorflow/python/framework/dtypes.py:527: FutureWarning: Passing (type, 1) or '1type' as a synonym of type is deprecated; in a future version of numpy, it will be understood as (type, (1,)) / '(1,)type'.
  _np_quint8 = np.dtype([("quint8", np.uint8, 1)])
/home/polina/.local/lib/python3.6/site-packages/tensorflow/python/framework/dtypes.py:528: FutureWarning: Passing (type, 1) or '1type' as a synonym of type is deprecated; in a future version of numpy, it will be understood as (type, (1,)) / '(1,)type'.
  _np_qint16 = np.dtype([("qint16", np.int16, 1)])
/home/polina/.local/lib/python3.6/site-packages/tensorflow/python/framework/dtypes.py:529: FutureWarning: Passing (type, 1) or '1type' as a synonym of type is deprecated; in a future version of numpy, it will be understood as (type, (1,)) / '(1,)type'.
  _np_quint16 = np.dtype([("quint16", np.uint16, 1)])
/home/polina/.local/lib/python3.6/site-packages/tensorflow/python/framework/dtypes.py:530: FutureWarning: Passing (type, 1) or '1type' as a synonym of type is deprecated; in a future version of numpy, it will be understood as (type, (1,)) / '(1,)type'.
  _np_qint32 = np.dtype([("qint32", np.int32, 1)])
/home/polina/.local/lib/python3.6/site-packages/tensorflow/python/framework/dtypes.py:535: FutureWarning: Passing (type, 1) or '1type' as a synonym of type is deprecated; in a future version of numpy, it will be understood as (type, (1,)) / '(1,)type'.
  np_resource = np.dtype([("resource", np.ubyte, 1)])
WARNING:tensorflow:From /home/polina/.local/lib/python3.6/site-packages/tensorflow/python/ops/resource_variable_ops.py:435: colocate_with (from tensorflow.python.framework.ops) is deprecated and will be removed in a future version.
Instructions for updating:
Colocations handled automatically by placer.
WARNING:tensorflow:From /home/polina/.local/lib/python3.6/site-packages/tensorflow/python/ops/math_ops.py:3066: to_int32 (from tensorflow.python.ops.math_ops) is deprecated and will be removed in a future version.
Instructions for updating:
Use tf.cast instead.
Train on 19089 samples, validate on 2120 samples
Epoch 1/100
 - 36s - loss: 0.0041 - f_mera: 0.7295 - val_loss: 0.0041 - val_f_mera: 0.7241
Epoch 2/100
 - 35s - loss: 0.0039 - f_mera: 0.7280 - val_loss: 0.0038 - val_f_mera: 0.7146
Epoch 3/100
 - 35s - loss: 0.0036 - f_mera: 0.7223 - val_loss: 0.0037 - val_f_mera: 0.7255
Epoch 4/100
 - 35s - loss: 0.0035 - f_mera: 0.7373 - val_loss: 0.0036 - val_f_mera: 0.7345
Epoch 5/100
 - 35s - loss: 0.0034 - f_mera: 0.7406 - val_loss: 0.0036 - val_f_mera: 0.7356
Epoch 6/100
 - 35s - loss: 0.0034 - f_mera: 0.7431 - val_loss: 0.0036 - val_f_mera: 0.7381
Epoch 7/100
 - 35s - loss: 0.0034 - f_mera: 0.7443 - val_loss: 0.0035 - val_f_mera: 0.7393
Epoch 8/100
 - 35s - loss: 0.0034 - f_mera: 0.7450 - val_loss: 0.0035 - val_f_mera: 0.7393
Epoch 9/100
 - 35s - loss: 0.0034 - f_mera: 0.7454 - val_loss: 0.0035 - val_f_mera: 0.7397
2020-04-25 04:48:41.594771: I tensorflow/core/platform/cpu_feature_guard.cc:141] Your CPU supports instructions that this TensorFlow binary was not compiled to use: AVX2 FMA
2020-04-25 04:48:41.692260: I tensorflow/stream_executor/cuda/cuda_gpu_executor.cc:998] successful NUMA node read from SysFS had negative value (-1), but there must be at least one NUMA node, so returning NUMA node zero
2020-04-25 04:48:41.692698: I tensorflow/compiler/xla/service/service.cc:150] XLA service 0x30a6180 executing computations on platform CUDA. Devices:
2020-04-25 04:48:41.692715: I tensorflow/compiler/xla/service/service.cc:158]   StreamExecutor device (0): GeForce GTX 1070, Compute Capability 6.1
2020-04-25 04:48:41.711507: I tensorflow/core/platform/profile_utils/cpu_utils.cc:94] CPU Frequency: 3600165000 Hz
2020-04-25 04:48:41.711903: I tensorflow/compiler/xla/service/service.cc:150] XLA service 0x376a520 executing computations on platform Host. Devices:
2020-04-25 04:48:41.711934: I tensorflow/compiler/xla/service/service.cc:158]   StreamExecutor device (0): <undefined>, <undefined>
2020-04-25 04:48:41.712055: I tensorflow/core/common_runtime/gpu/gpu_device.cc:1433] Found device 0 with properties: 
name: GeForce GTX 1070 major: 6 minor: 1 memoryClockRate(GHz): 1.7465
pciBusID: 0000:01:00.0
totalMemory: 7.93GiB freeMemory: 7.53GiB
2020-04-25 04:48:41.712076: I tensorflow/core/common_runtime/gpu/gpu_device.cc:1512] Adding visible gpu devices: 0
2020-04-25 04:48:41.712940: I tensorflow/core/common_runtime/gpu/gpu_device.cc:984] Device interconnect StreamExecutor with strength 1 edge matrix:
2020-04-25 04:48:41.712957: I tensorflow/core/common_runtime/gpu/gpu_device.cc:990]      0 
2020-04-25 04:48:41.712966: I tensorflow/core/common_runtime/gpu/gpu_device.cc:1003] 0:   N 
2020-04-25 04:48:41.713056: I tensorflow/core/common_runtime/gpu/gpu_device.cc:1115] Created TensorFlow device (/job:localhost/replica:0/task:0/device:GPU:0 with 7328 MB memory) -> physical GPU (device: 0, name: GeForce GTX 1070, pci bus id: 0000:01:00.0, compute capability: 6.1)
Using TensorFlow backend.
/home/polina/.local/lib/python3.6/site-packages/tensorflow/python/framework/dtypes.py:526: FutureWarning: Passing (type, 1) or '1type' as a synonym of type is deprecated; in a future version of numpy, it will be understood as (type, (1,)) / '(1,)type'.
  _np_qint8 = np.dtype([("qint8", np.int8, 1)])
/home/polina/.local/lib/python3.6/site-packages/tensorflow/python/framework/dtypes.py:527: FutureWarning: Passing (type, 1) or '1type' as a synonym of type is deprecated; in a future version of numpy, it will be understood as (type, (1,)) / '(1,)type'.
  _np_quint8 = np.dtype([("quint8", np.uint8, 1)])
/home/polina/.local/lib/python3.6/site-packages/tensorflow/python/framework/dtypes.py:528: FutureWarning: Passing (type, 1) or '1type' as a synonym of type is deprecated; in a future version of numpy, it will be understood as (type, (1,)) / '(1,)type'.
  _np_qint16 = np.dtype([("qint16", np.int16, 1)])
/home/polina/.local/lib/python3.6/site-packages/tensorflow/python/framework/dtypes.py:529: FutureWarning: Passing (type, 1) or '1type' as a synonym of type is deprecated; in a future version of numpy, it will be understood as (type, (1,)) / '(1,)type'.
  _np_quint16 = np.dtype([("quint16", np.uint16, 1)])
/home/polina/.local/lib/python3.6/site-packages/tensorflow/python/framework/dtypes.py:530: FutureWarning: Passing (type, 1) or '1type' as a synonym of type is deprecated; in a future version of numpy, it will be understood as (type, (1,)) / '(1,)type'.
  _np_qint32 = np.dtype([("qint32", np.int32, 1)])
/home/polina/.local/lib/python3.6/site-packages/tensorflow/python/framework/dtypes.py:535: FutureWarning: Passing (type, 1) or '1type' as a synonym of type is deprecated; in a future version of numpy, it will be understood as (type, (1,)) / '(1,)type'.
  np_resource = np.dtype([("resource", np.ubyte, 1)])
WARNING:tensorflow:From /home/polina/.local/lib/python3.6/site-packages/tensorflow/python/ops/resource_variable_ops.py:435: colocate_with (from tensorflow.python.framework.ops) is deprecated and will be removed in a future version.
Instructions for updating:
Colocations handled automatically by placer.
WARNING:tensorflow:From /home/polina/.local/lib/python3.6/site-packages/tensorflow/python/ops/math_ops.py:3066: to_int32 (from tensorflow.python.ops.math_ops) is deprecated and will be removed in a future version.
Instructions for updating:
Use tf.cast instead.
Train on 19089 samples, validate on 2120 samples
Epoch 1/100
 - 37s - loss: 0.0045 - f_mera: 0.7295 - val_loss: 0.0045 - val_f_mera: 0.7241
Epoch 2/100
 - 35s - loss: 0.0044 - f_mera: 0.7296 - val_loss: 0.0045 - val_f_mera: 0.7241
Epoch 3/100
 - 35s - loss: 0.0044 - f_mera: 0.7295 - val_loss: 0.0045 - val_f_mera: 0.7241
2020-04-25 04:51:21.849605: I tensorflow/core/platform/cpu_feature_guard.cc:141] Your CPU supports instructions that this TensorFlow binary was not compiled to use: AVX2 FMA
2020-04-25 04:51:21.949767: I tensorflow/stream_executor/cuda/cuda_gpu_executor.cc:998] successful NUMA node read from SysFS had negative value (-1), but there must be at least one NUMA node, so returning NUMA node zero
2020-04-25 04:51:21.950217: I tensorflow/compiler/xla/service/service.cc:150] XLA service 0x1ec6270 executing computations on platform CUDA. Devices:
2020-04-25 04:51:21.950237: I tensorflow/compiler/xla/service/service.cc:158]   StreamExecutor device (0): GeForce GTX 1070, Compute Capability 6.1
2020-04-25 04:51:21.971499: I tensorflow/core/platform/profile_utils/cpu_utils.cc:94] CPU Frequency: 3600165000 Hz
2020-04-25 04:51:21.971891: I tensorflow/compiler/xla/service/service.cc:150] XLA service 0x258a3e0 executing computations on platform Host. Devices:
2020-04-25 04:51:21.971916: I tensorflow/compiler/xla/service/service.cc:158]   StreamExecutor device (0): <undefined>, <undefined>
2020-04-25 04:51:21.972025: I tensorflow/core/common_runtime/gpu/gpu_device.cc:1433] Found device 0 with properties: 
name: GeForce GTX 1070 major: 6 minor: 1 memoryClockRate(GHz): 1.7465
pciBusID: 0000:01:00.0
totalMemory: 7.93GiB freeMemory: 7.53GiB
2020-04-25 04:51:21.972046: I tensorflow/core/common_runtime/gpu/gpu_device.cc:1512] Adding visible gpu devices: 0
2020-04-25 04:51:21.972907: I tensorflow/core/common_runtime/gpu/gpu_device.cc:984] Device interconnect StreamExecutor with strength 1 edge matrix:
2020-04-25 04:51:21.972925: I tensorflow/core/common_runtime/gpu/gpu_device.cc:990]      0 
2020-04-25 04:51:21.972934: I tensorflow/core/common_runtime/gpu/gpu_device.cc:1003] 0:   N 
2020-04-25 04:51:21.973002: I tensorflow/core/common_runtime/gpu/gpu_device.cc:1115] Created TensorFlow device (/job:localhost/replica:0/task:0/device:GPU:0 with 7328 MB memory) -> physical GPU (device: 0, name: GeForce GTX 1070, pci bus id: 0000:01:00.0, compute capability: 6.1)
Using TensorFlow backend.
/home/polina/.local/lib/python3.6/site-packages/tensorflow/python/framework/dtypes.py:526: FutureWarning: Passing (type, 1) or '1type' as a synonym of type is deprecated; in a future version of numpy, it will be understood as (type, (1,)) / '(1,)type'.
  _np_qint8 = np.dtype([("qint8", np.int8, 1)])
/home/polina/.local/lib/python3.6/site-packages/tensorflow/python/framework/dtypes.py:527: FutureWarning: Passing (type, 1) or '1type' as a synonym of type is deprecated; in a future version of numpy, it will be understood as (type, (1,)) / '(1,)type'.
  _np_quint8 = np.dtype([("quint8", np.uint8, 1)])
/home/polina/.local/lib/python3.6/site-packages/tensorflow/python/framework/dtypes.py:528: FutureWarning: Passing (type, 1) or '1type' as a synonym of type is deprecated; in a future version of numpy, it will be understood as (type, (1,)) / '(1,)type'.
  _np_qint16 = np.dtype([("qint16", np.int16, 1)])
/home/polina/.local/lib/python3.6/site-packages/tensorflow/python/framework/dtypes.py:529: FutureWarning: Passing (type, 1) or '1type' as a synonym of type is deprecated; in a future version of numpy, it will be understood as (type, (1,)) / '(1,)type'.
  _np_quint16 = np.dtype([("quint16", np.uint16, 1)])
/home/polina/.local/lib/python3.6/site-packages/tensorflow/python/framework/dtypes.py:530: FutureWarning: Passing (type, 1) or '1type' as a synonym of type is deprecated; in a future version of numpy, it will be understood as (type, (1,)) / '(1,)type'.
  _np_qint32 = np.dtype([("qint32", np.int32, 1)])
/home/polina/.local/lib/python3.6/site-packages/tensorflow/python/framework/dtypes.py:535: FutureWarning: Passing (type, 1) or '1type' as a synonym of type is deprecated; in a future version of numpy, it will be understood as (type, (1,)) / '(1,)type'.
  np_resource = np.dtype([("resource", np.ubyte, 1)])
WARNING:tensorflow:From /home/polina/.local/lib/python3.6/site-packages/tensorflow/python/ops/resource_variable_ops.py:435: colocate_with (from tensorflow.python.framework.ops) is deprecated and will be removed in a future version.
Instructions for updating:
Colocations handled automatically by placer.
WARNING:tensorflow:From /home/polina/.local/lib/python3.6/site-packages/tensorflow/python/ops/math_ops.py:3066: to_int32 (from tensorflow.python.ops.math_ops) is deprecated and will be removed in a future version.
Instructions for updating:
Use tf.cast instead.
Train on 19089 samples, validate on 2120 samples
Epoch 1/100
 - 37s - loss: 0.0041 - f_mera: 0.7295 - val_loss: 0.0041 - val_f_mera: 0.7241
Epoch 2/100
 - 36s - loss: 0.0040 - f_mera: 0.7297 - val_loss: 0.0041 - val_f_mera: 0.7256
Epoch 3/100
 - 36s - loss: 0.0038 - f_mera: 0.7318 - val_loss: 0.0039 - val_f_mera: 0.7261
Epoch 4/100
 - 36s - loss: 0.0038 - f_mera: 0.7327 - val_loss: 0.0039 - val_f_mera: 0.7260
Epoch 5/100
 - 36s - loss: 0.0038 - f_mera: 0.7332 - val_loss: 0.0039 - val_f_mera: 0.7265
Epoch 6/100
 - 35s - loss: 0.0037 - f_mera: 0.7341 - val_loss: 0.0039 - val_f_mera: 0.7274
Epoch 7/100
 - 35s - loss: 0.0037 - f_mera: 0.7347 - val_loss: 0.0039 - val_f_mera: 0.7280
Epoch 8/100
 - 36s - loss: 0.0037 - f_mera: 0.7347 - val_loss: 0.0039 - val_f_mera: 0.7276
Epoch 9/100
 - 36s - loss: 0.0037 - f_mera: 0.7346 - val_loss: 0.0043 - val_f_mera: 0.7281
Epoch 10/100
 - 36s - loss: 0.0037 - f_mera: 0.7356 - val_loss: 0.0038 - val_f_mera: 0.7289
Epoch 11/100
 - 36s - loss: 0.0037 - f_mera: 0.7358 - val_loss: 0.0038 - val_f_mera: 0.7301
Epoch 12/100
 - 36s - loss: 0.0037 - f_mera: 0.7364 - val_loss: 0.0038 - val_f_mera: 0.7303
Epoch 13/100
 - 36s - loss: 0.0037 - f_mera: 0.7366 - val_loss: 0.0038 - val_f_mera: 0.7301
Epoch 14/100
 - 36s - loss: 0.0037 - f_mera: 0.7367 - val_loss: 0.0038 - val_f_mera: 0.7304
Epoch 15/100
 - 36s - loss: 0.0037 - f_mera: 0.7367 - val_loss: 0.0038 - val_f_mera: 0.7303
Epoch 16/100
 - 36s - loss: 0.0037 - f_mera: 0.7369 - val_loss: 0.0038 - val_f_mera: 0.7307
Epoch 17/100
 - 36s - loss: 0.0037 - f_mera: 0.7371 - val_loss: 0.0038 - val_f_mera: 0.7309
Epoch 18/100
 - 36s - loss: 0.0037 - f_mera: 0.7373 - val_loss: 0.0038 - val_f_mera: 0.7306
Epoch 19/100
 - 36s - loss: 0.0037 - f_mera: 0.7377 - val_loss: 0.0038 - val_f_mera: 0.7310
Epoch 20/100
 - 36s - loss: 0.0037 - f_mera: 0.7378 - val_loss: 0.0038 - val_f_mera: 0.7315
Epoch 21/100
 - 36s - loss: 0.0037 - f_mera: 0.7379 - val_loss: 0.0038 - val_f_mera: 0.7318
Epoch 22/100
 - 36s - loss: 0.0037 - f_mera: 0.7380 - val_loss: 0.0038 - val_f_mera: 0.7317
Epoch 23/100
 - 36s - loss: 0.0036 - f_mera: 0.7387 - val_loss: 0.0038 - val_f_mera: 0.7335
Epoch 24/100
 - 36s - loss: 0.0036 - f_mera: 0.7398 - val_loss: 0.0038 - val_f_mera: 0.7338
Epoch 25/100
 - 36s - loss: 0.0036 - f_mera: 0.7398 - val_loss: 0.0038 - val_f_mera: 0.7334
Epoch 26/100
 - 36s - loss: 0.0036 - f_mera: 0.7400 - val_loss: 0.0038 - val_f_mera: 0.7339
Epoch 27/100
 - 36s - loss: 0.0036 - f_mera: 0.7400 - val_loss: 0.0038 - val_f_mera: 0.7340
Epoch 28/100
 - 36s - loss: 0.0036 - f_mera: 0.7402 - val_loss: 0.0038 - val_f_mera: 0.7341
Epoch 29/100
 - 36s - loss: 0.0036 - f_mera: 0.7403 - val_loss: 0.0038 - val_f_mera: 0.7338
Epoch 30/100
 - 36s - loss: 0.0036 - f_mera: 0.7405 - val_loss: 0.0038 - val_f_mera: 0.7341
Epoch 31/100
 - 35s - loss: 0.0036 - f_mera: 0.7406 - val_loss: 0.0038 - val_f_mera: 0.7339
Epoch 32/100
 - 36s - loss: 0.0036 - f_mera: 0.7405 - val_loss: 0.0038 - val_f_mera: 0.7342
Epoch 33/100
 - 36s - loss: 0.0036 - f_mera: 0.7406 - val_loss: 0.0038 - val_f_mera: 0.7343
Epoch 34/100
 - 36s - loss: 0.0036 - f_mera: 0.7401 - val_loss: 0.0038 - val_f_mera: 0.7335
Epoch 35/100
 - 36s - loss: 0.0036 - f_mera: 0.7401 - val_loss: 0.0038 - val_f_mera: 0.7338
Epoch 36/100
 - 36s - loss: 0.0036 - f_mera: 0.7403 - val_loss: 0.0038 - val_f_mera: 0.7338
Epoch 37/100
 - 36s - loss: 0.0036 - f_mera: 0.7404 - val_loss: 0.0038 - val_f_mera: 0.7341
Epoch 38/100
 - 36s - loss: 0.0036 - f_mera: 0.7405 - val_loss: 0.0038 - val_f_mera: 0.7343
Epoch 39/100
 - 36s - loss: 0.0036 - f_mera: 0.7410 - val_loss: 0.0038 - val_f_mera: 0.7352
Epoch 40/100
 - 36s - loss: 0.0036 - f_mera: 0.7411 - val_loss: 0.0038 - val_f_mera: 0.7351
Epoch 41/100
 - 35s - loss: 0.0036 - f_mera: 0.7405 - val_loss: 0.0038 - val_f_mera: 0.7341
Epoch 42/100
 - 36s - loss: 0.0036 - f_mera: 0.7406 - val_loss: 0.0038 - val_f_mera: 0.7344
Epoch 43/100
 - 36s - loss: 0.0036 - f_mera: 0.7412 - val_loss: 0.0038 - val_f_mera: 0.7354
Epoch 44/100
 - 36s - loss: 0.0036 - f_mera: 0.7414 - val_loss: 0.0038 - val_f_mera: 0.7354
Epoch 45/100
 - 36s - loss: 0.0036 - f_mera: 0.7413 - val_loss: 0.0038 - val_f_mera: 0.7351
Epoch 46/100
 - 36s - loss: 0.0036 - f_mera: 0.7404 - val_loss: 0.0038 - val_f_mera: 0.7340
Epoch 47/100
 - 36s - loss: 0.0036 - f_mera: 0.7404 - val_loss: 0.0038 - val_f_mera: 0.7342
Epoch 48/100
 - 36s - loss: 0.0036 - f_mera: 0.7407 - val_loss: 0.0038 - val_f_mera: 0.7340
Epoch 49/100
 - 36s - loss: 0.0036 - f_mera: 0.7405 - val_loss: 0.0038 - val_f_mera: 0.7342
Epoch 50/100
 - 36s - loss: 0.0036 - f_mera: 0.7407 - val_loss: 0.0038 - val_f_mera: 0.7342
Epoch 51/100
 - 36s - loss: 0.0036 - f_mera: 0.7406 - val_loss: 0.0038 - val_f_mera: 0.7343
Epoch 52/100
 - 36s - loss: 0.0036 - f_mera: 0.7407 - val_loss: 0.0038 - val_f_mera: 0.7343
Epoch 53/100
 - 36s - loss: 0.0036 - f_mera: 0.7407 - val_loss: 0.0038 - val_f_mera: 0.7342
Epoch 54/100
 - 36s - loss: 0.0036 - f_mera: 0.7408 - val_loss: 0.0038 - val_f_mera: 0.7343
Epoch 55/100
 - 36s - loss: 0.0036 - f_mera: 0.7408 - val_loss: 0.0038 - val_f_mera: 0.7342
Epoch 56/100
 - 36s - loss: 0.0036 - f_mera: 0.7408 - val_loss: 0.0038 - val_f_mera: 0.7344
Epoch 57/100
 - 36s - loss: 0.0036 - f_mera: 0.7408 - val_loss: 0.0038 - val_f_mera: 0.7345
Epoch 58/100
 - 36s - loss: 0.0036 - f_mera: 0.7409 - val_loss: 0.0038 - val_f_mera: 0.7343
Epoch 59/100
 - 36s - loss: 0.0036 - f_mera: 0.7408 - val_loss: 0.0038 - val_f_mera: 0.7343
Epoch 60/100
 - 36s - loss: 0.0036 - f_mera: 0.7410 - val_loss: 0.0039 - val_f_mera: 0.7345
Epoch 61/100
 - 36s - loss: 0.0036 - f_mera: 0.7411 - val_loss: 0.0038 - val_f_mera: 0.7348
Epoch 62/100
 - 36s - loss: 0.0036 - f_mera: 0.7412 - val_loss: 0.0038 - val_f_mera: 0.7348
Epoch 63/100
 - 36s - loss: 0.0036 - f_mera: 0.7412 - val_loss: 0.0038 - val_f_mera: 0.7347
Epoch 64/100
 - 36s - loss: 0.0036 - f_mera: 0.7412 - val_loss: 0.0038 - val_f_mera: 0.7349
Epoch 65/100
 - 36s - loss: 0.0036 - f_mera: 0.7412 - val_loss: 0.0038 - val_f_mera: 0.7347
Epoch 66/100
 - 36s - loss: 0.0036 - f_mera: 0.7413 - val_loss: 0.0038 - val_f_mera: 0.7345
Epoch 67/100
 - 36s - loss: 0.0036 - f_mera: 0.7413 - val_loss: 0.0038 - val_f_mera: 0.7348
Epoch 68/100
 - 36s - loss: 0.0036 - f_mera: 0.7413 - val_loss: 0.0038 - val_f_mera: 0.7346
Epoch 69/100
 - 36s - loss: 0.0036 - f_mera: 0.7411 - val_loss: 0.0038 - val_f_mera: 0.7348
Epoch 70/100
 - 35s - loss: 0.0036 - f_mera: 0.7414 - val_loss: 0.0038 - val_f_mera: 0.7348
Epoch 71/100
 - 36s - loss: 0.0036 - f_mera: 0.7414 - val_loss: 0.0038 - val_f_mera: 0.7347
Epoch 72/100
 - 36s - loss: 0.0036 - f_mera: 0.7415 - val_loss: 0.0038 - val_f_mera: 0.7351
Epoch 73/100
 - 36s - loss: 0.0036 - f_mera: 0.7414 - val_loss: 0.0038 - val_f_mera: 0.7347
Epoch 74/100
 - 36s - loss: 0.0036 - f_mera: 0.7415 - val_loss: 0.0038 - val_f_mera: 0.7349
Epoch 75/100
 - 36s - loss: 0.0036 - f_mera: 0.7413 - val_loss: 0.0038 - val_f_mera: 0.7349
Epoch 76/100
 - 36s - loss: 0.0036 - f_mera: 0.7415 - val_loss: 0.0038 - val_f_mera: 0.7349
Epoch 77/100
 - 36s - loss: 0.0036 - f_mera: 0.7415 - val_loss: 0.0038 - val_f_mera: 0.7348
Epoch 78/100
 - 35s - loss: 0.0036 - f_mera: 0.7415 - val_loss: 0.0038 - val_f_mera: 0.7349
Epoch 79/100
 - 36s - loss: 0.0036 - f_mera: 0.7416 - val_loss: 0.0038 - val_f_mera: 0.7350
Epoch 80/100
 - 35s - loss: 0.0036 - f_mera: 0.7416 - val_loss: 0.0038 - val_f_mera: 0.7349
Epoch 81/100
 - 36s - loss: 0.0036 - f_mera: 0.7415 - val_loss: 0.0038 - val_f_mera: 0.7349
Epoch 82/100
 - 35s - loss: 0.0036 - f_mera: 0.7417 - val_loss: 0.0038 - val_f_mera: 0.7348
Epoch 83/100
 - 36s - loss: 0.0036 - f_mera: 0.7416 - val_loss: 0.0038 - val_f_mera: 0.7351
Epoch 84/100
 - 36s - loss: 0.0036 - f_mera: 0.7416 - val_loss: 0.0038 - val_f_mera: 0.7349
Epoch 85/100
 - 36s - loss: 0.0036 - f_mera: 0.7416 - val_loss: 0.0038 - val_f_mera: 0.7349
Epoch 86/100
 - 36s - loss: 0.0036 - f_mera: 0.7417 - val_loss: 0.0038 - val_f_mera: 0.7347
Epoch 87/100
 - 36s - loss: 0.0036 - f_mera: 0.7416 - val_loss: 0.0038 - val_f_mera: 0.7350
Epoch 88/100
 - 36s - loss: 0.0036 - f_mera: 0.7418 - val_loss: 0.0038 - val_f_mera: 0.7350
Epoch 89/100
 - 35s - loss: 0.0036 - f_mera: 0.7418 - val_loss: 0.0038 - val_f_mera: 0.7350
Epoch 90/100
 - 36s - loss: 0.0036 - f_mera: 0.7416 - val_loss: 0.0038 - val_f_mera: 0.7351
Epoch 91/100
 - 36s - loss: 0.0036 - f_mera: 0.7419 - val_loss: 0.0038 - val_f_mera: 0.7349
Epoch 92/100
 - 36s - loss: 0.0036 - f_mera: 0.7419 - val_loss: 0.0038 - val_f_mera: 0.7351
Epoch 93/100
 - 36s - loss: 0.0036 - f_mera: 0.7419 - val_loss: 0.0038 - val_f_mera: 0.7350
Epoch 94/100
 - 36s - loss: 0.0036 - f_mera: 0.7419 - val_loss: 0.0038 - val_f_mera: 0.7350
Epoch 95/100
 - 36s - loss: 0.0036 - f_mera: 0.7418 - val_loss: 0.0038 - val_f_mera: 0.7350
Epoch 96/100
 - 36s - loss: 0.0036 - f_mera: 0.7418 - val_loss: 0.0038 - val_f_mera: 0.7350
Epoch 97/100
 - 36s - loss: 0.0036 - f_mera: 0.7418 - val_loss: 0.0038 - val_f_mera: 0.7351
Epoch 98/100
 - 36s - loss: 0.0036 - f_mera: 0.7416 - val_loss: 0.0038 - val_f_mera: 0.7349
Epoch 99/100
 - 36s - loss: 0.0036 - f_mera: 0.7419 - val_loss: 0.0038 - val_f_mera: 0.7349
Epoch 100/100
 - 36s - loss: 0.0036 - f_mera: 0.7419 - val_loss: 0.0038 - val_f_mera: 0.7349
